1335261157549.846,279
1335261157549.857,302
1335261157549.871,311
1335261157549.881,439
1335261157549.890,448
1335261157549.897,576
1335261157549.908,595
1335261157549.913,851
1335261157549.925,937
1335261157553.631,2385
1335261157553.697,3833
1335261157553.865,5281
1335261157553.954,6729
1335261157554.105,8177
1335261157554.205,9625
1335261157557.431,11073
1335261157557.511,12521
1335261157557.663,13969
1335261157557.755,15417
1335261157557.923,16865
1335261157558.009,18313
1335261157558.161,19761
1335261157558.254,21209
1335261157558.401,22657
1335261157558.496,24105
1335261157558.648,25553
1335261157558.748,27001
1335261157558.859,28449
1335261157559.017,29897
1335261157559.102,31345
1335261157559.277,32793
1335261157559.358,34241
1335261157559.522,35689
1335261157561.313,37137
1335261157561.404,38585
1335261157561.555,40033
1335261157561.668,41481
1335261157561.844,42929
1335261157561.930,44377
1335261157562.071,45825
1335261157562.154,47273
1335261157562.304,48721
1335261157562.407,50169
1335261157562.565,51617
1335261157562.647,53065
1335261157562.798,54513
1335261157562.898,55961
1335261157563.059,57409
1335261157563.144,58857
1335261157563.302,60305
1335261157563.390,61753
1335261157563.551,63201
1335261157563.631,64649
1335261157563.797,66097
1335261157563.880,67545
1335261157564.041,68993
1335261157564.129,70441
1335261157564.276,71889
1335261157564.374,73337
1335261157564.511,74785
1335261157564.621,76233
1335261157564.749,77681
1335261157564.861,79129
1335261157565.024,80577
1335261157565.113,82025
1335261157565.270,83473
1335261157565.360,84921
1335261157565.504,86369
1335261157566.092,87817
1335261157566.178,89265
1335261157566.331,90713
1335261157566.423,92161
1335261157566.569,93609
1335261157566.703,95057
1335261157566.788,96505
1335261157566.943,97953
1335261157567.039,99401
1335261157567.150,100849
1335261157567.322,102297
1335261157567.408,103745
1335261157567.568,105193
1335261157567.649,106641
1335261157567.814,108089
1335261157567.895,109537
1335261157568.060,110985
1335261157568.137,112433
1335261157568.270,113881
1335261157568.382,115329
1335261157568.547,116777
1335261157568.634,118225
1335261157568.779,119673
1335261157568.885,121121
1335261157569.044,122569
1335261157569.130,124017
1335261157569.292,125465
1335261157569.372,126913
1335261157569.529,128361
1335261157569.620,129809
1335261157569.782,131257
1335261157569.864,132705
1335261157570.027,134153
1335261157570.114,135601
1335261157570.273,137049
1335261157570.360,138497
1335261157570.507,139945
1335261157570.607,141393
1335261157570.718,142841
1335261157570.876,144289
1335261157570.976,145737
1335261157571.082,147185
1335261157571.245,148633
1335261157571.348,150081
1335261157571.454,151529
1335261157571.609,152977
1335261157571.708,154425
1335261157571.868,155873
1335261157571.954,157321
1335261157572.107,158769
1335261157572.196,160217
1335261157572.336,161665
1335261157572.443,163113
1335261157572.606,164561
1335261157572.692,166009
1335261157572.846,167457
1335261157572.937,168905
1335261157573.098,170353
1335261157573.185,171801
1335261157573.344,173249
1335261157573.432,174697
1335261157573.576,176145
1335261157573.679,177593
1335261157573.822,179041
1335261157573.923,180489
1335261157574.084,181937
1335261157574.168,183385
1335261157574.312,184833
1335261157574.453,186281
1335261157574.539,187729
1335261157574.685,189177
1335261157574.784,190625
1335261157574.916,192073
1335261157575.022,193521
1335261157575.189,194969
1335261157575.278,196417
1335261157575.436,197865
1335261157575.523,199313
1335261157575.683,200761
1335261157575.769,202209
1335261157575.920,203657
1335261157576.019,205105
1335261157576.184,206553
1335261157576.268,208001
1335261157576.421,209449
1335261157576.508,210897
1335261157576.660,212345
1335261157576.754,213793
1335261157576.912,215241
1335261157576.999,216689
1335261157577.152,218137
1335261157577.246,219585
1335261157577.406,221033
1335261157577.492,222481
1335261157577.637,223929
1335261157577.738,225377
1335261157577.868,226825
1335261157577.975,228273
1335261157578.108,229721
1335261157578.216,231169
1335261157578.351,232617
1335261157578.515,234065
1335261157578.598,235513
1335261157578.757,236961
1335261157578.844,238409
1335261157578.997,239857
1335261157579.090,241305
1335261157579.250,242753
1335261157579.335,244201
1335261157579.496,245649
1335261157579.582,247097
1335261157579.742,248545
1335261157579.837,249993
1335261157579.988,251441
1335261157580.077,252889
1335261157580.233,254337
1335261157580.321,255785
1335261157580.480,257233
1335261157580.568,258681
1335261157580.727,260129
1335261157580.813,261577
1335261157580.972,263025
1335261157581.059,264473
1335261157581.212,265921
1335261157581.305,267369
1335261157581.465,268817
1335261157581.551,270265
1335261157581.712,271713
1335261157581.798,273161
1335261157581.957,274609
1335261157582.043,276057
1335261157582.203,277505
1335261157582.289,278953
1335261157582.414,280401
1335261157582.522,281849
1335261157582.695,283297
1335261157582.781,284745
1335261157582.927,286193
1335261157583.028,287641
1335261157583.156,289089
1335261157583.262,290537
1335261157583.434,291985
1335261157583.521,293433
1335261157583.673,294881
1335261157583.767,296329
1335261157583.927,297777
1335261157584.012,299225
1335261157584.172,300673
1335261157584.258,302121
1335261157584.419,303569
1335261157584.499,305017
1335261157584.627,306465
1335261157584.788,307913
1335261157584.872,309361
1335261157585.033,310809
1335261157585.111,312257
1335261157585.271,313705
1335261157585.365,315153
1335261157585.525,316601
1335261157585.611,318049
1335261157585.772,319497
1335261157585.857,320945
1335261157586.016,322393
1335261157586.104,323841
1335261157586.257,325289
1335261157586.339,326737
1335261157586.497,328185
1335261157586.627,329633
1335261157586.720,331081
1335261157586.878,332529
1335261157586.965,333977
1335261157587.125,335425
1335261157587.211,336873
1335261157587.371,338321
1335261157587.457,339769
1335261157587.618,341217
1335261157587.705,342665
1335261157587.857,344113
1335261157587.949,345561
1335261157588.110,347009
1335261157588.195,348457
1335261157588.318,349905
1335261157588.454,351353
1335261157588.601,352801
1335261157588.687,354249
1335261157588.809,355697
1335261157588.947,357145
1335261157589.085,358593
1335261157589.179,360041
1335261157589.326,361489
1335261157589.427,362937
1335261157589.552,364385
1335261157589.688,365833
1335261157589.831,367281
1335261157589.914,368729
1335261157590.077,370177
1335261157590.164,371625
1335261157590.317,373073
1335261157590.410,374521
1335261157590.570,375969
1335261157590.656,377417
1335261157590.817,378865
1335261157590.901,380313
1335261157591.062,381761
1335261157591.148,383209
1335261157591.308,384657
1335261157591.395,386105
1335261157591.516,387553
1335261157591.654,389001
1335261157591.801,390449
1335261157591.887,391897
1335261157592.047,393345
1335261157592.132,394793
1335261157592.255,396241
1335261157592.414,397689
1335261157592.501,399137
1335261157592.662,400585
1335261157592.747,402033
1335261157592.897,403481
1335261157592.986,404929
1335261157593.137,406377
1335261157593.276,407825
1335261157593.364,409273
1335261157593.517,410721
1335261157593.607,412169
1335261157593.745,413617
1335261157593.851,415065
1335261157593.977,416513
1335261157594.137,417961
1335261157594.217,419409
1335261157594.377,420857
1335261157594.470,422305
1335261157594.616,423753
1335261157594.754,425201
1335261157594.835,426649
1335261157594.983,428097
1335261157595.086,429545
1335261157595.210,430993
1335261157595.370,432441
1335261157595.455,433889
1335261157595.609,435337
1335261157595.700,436785
1335261157595.849,438233
1335261157595.946,439681
1335261157596.088,441129
1335261157596.224,442577
1335261157596.317,444025
1335261157596.476,445473
1335261157596.562,446921
1335261157596.722,448369
1335261157596.808,449817
1335261157596.960,451265
1335261157597.054,452713
1335261157597.190,454161
1335261157597.290,455609
1335261157597.422,457057
1335261157597.576,458505
1335261157597.669,459953
1335261157597.822,461401
1335261157597.915,462849
1335261157598.075,464297
1335261157598.160,465745
1335261157598.314,467193
1335261157598.407,468641
1335261157598.554,470089
1335261157598.692,471537
1335261157598.777,472985
1335261157598.936,474433
1335261157599.023,475881
1335261157599.175,477329
1335261157599.270,478777
1335261157599.405,480225
1335261157599.512,481673
1335261157599.675,483121
1335261157599.761,484569
1335261157599.914,486017
1335261157600.005,487465
1335261157600.167,488913
1335261157600.254,490361
1335261157600.406,491809
1335261157600.499,493257
1335261157600.633,494705
1335261157600.738,496153
1335261157600.868,497601
1335261157601.028,499049
1335261157601.114,500497
1335261157601.275,501945
1335261157601.356,503393
1335261157601.520,504841
1335261157601.606,506289
1335261157601.756,507737
1335261157601.852,509185
1335261157601.999,510633
1335261157602.134,512081
1335261157602.223,513529
1335261157602.375,514977
1335261157602.468,516425
1335261157602.628,517873
1335261157602.715,519321
1335261157602.858,520769
1335261157602.959,522217
1335261157603.086,523665
1335261157603.245,525113
1335261157603.327,526561
1335261157603.483,528009
1335261157603.575,529457
1335261157603.715,530905
1335261157603.820,532353
1335261157603.962,533801
1335261157604.103,535249
1335261157604.191,536697
1335261157604.330,538145
1335261157604.435,539593
1335261157604.601,541041
1335261157604.683,542489
1335261157604.843,543937
1335261157604.930,545385
1335261157605.089,546833
1335261157605.174,548281
1335261157605.335,549729
1335261157605.420,551177
1335261157605.580,552625
1335261157605.666,554073
1335261157605.789,555521
1335261157605.950,556969
1335261157606.036,558417
1335261157606.187,559865
1335261157606.281,561313
1335261157606.427,562761
1335261157606.566,564209
1335261157606.650,565657
1335261157606.811,567105
1335261157606.897,568553
1335261157607.054,570001
1335261157607.144,571449
1335261157607.265,572897
1335261157607.404,574345
1335261157607.542,575793
1335261157607.635,577241
1335261157607.782,578689
1335261157607.882,580137
1335261157608.009,581585
1335261157608.114,583033
1335261157608.288,584481
1335261157608.374,585929
1335261157608.527,587377
1335261157608.619,588825
1335261157608.780,590273
1335261157608.865,591721
1335261157608.988,593169
1335261157609.148,594617
1335261157609.235,596065
1335261157609.395,597513
1335261157609.483,598961
1335261157609.641,600409
1335261157609.725,601857
1335261157609.887,603305
1335261157609.973,604753
1335261157610.132,606201
1335261157610.219,607649
1335261157610.372,609097
1335261157610.466,610545
1335261157610.624,611993
1335261157610.712,613441
1335261157610.870,614889
1335261157610.957,616337
1335261157611.117,617785
1335261157611.203,619233
1335261157611.363,620681
1335261157611.450,622129
1335261157611.609,623577
1335261157611.695,625025
1335261157611.839,626473
1335261157611.942,627921
1335261157612.101,629369
1335261157612.188,630817
1335261157612.338,632265
1335261157612.434,633713
1335261157612.594,635161
1335261157612.680,636609
1335261157612.832,638057
1335261157612.927,639505
1335261157613.085,640953
1335261157613.172,642401
1335261157613.325,643849
1335261157613.418,645297
1335261157613.577,646745
1335261157613.656,648193
1335261157613.823,649641
1335261157613.911,651089
1335261157614.063,652537
1335261157614.155,653985
1335261157614.314,655433
1335261157614.402,656881
1335261157614.562,658329
1335261157614.648,659777
1335261157614.808,661225
1335261157614.894,662673
1335261157615.048,664121
1335261157615.141,665569
1335261157615.300,667017
1335261157615.386,668465
1335261157615.543,669913
1335261157615.633,671361
1335261157615.792,672809
1335261157615.878,674257
1335261157616.032,675705
1335261157616.127,677153
1335261157616.285,678601
1335261157616.373,680049
1335261157616.523,681497
1335261157616.617,682945
1335261157616.763,684393
1335261157616.863,685841
1335261157617.019,687289
1335261157617.109,688737
1335261157617.258,690185
1335261157617.356,691633
1335261157617.516,693081
1335261157617.602,694529
1335261157617.761,695977
1335261157617.849,697425
1335261157618.011,698873
1335261157618.094,700321
1335261157618.243,701769
1335261157618.342,703217
1335261157618.501,704665
1335261157618.587,706113
1335261157618.746,707561
1335261157618.832,709009
1335261157618.992,710457
1335261157619.078,711905
1335261157619.240,713353
1335261157619.325,714801
1335261157619.475,716249
1335261157619.571,717697
1335261157619.714,719145
1335261157619.854,720593
1335261157619.938,722041
1335261157620.098,723489
1335261157620.184,724937
1335261157620.345,726385
1335261157620.432,727833
1335261157620.584,729281
1335261157620.675,730729
1335261157620.837,732177
1335261157620.923,733625
1335261157621.085,735073
1335261157621.170,736521
1335261157621.323,737969
1335261157621.416,739417
1335261157621.576,740865
1335261157621.662,742313
1335261157621.841,743761
1335261157621.911,745209
1335261157622.068,746657
1335261157622.154,748105
1335261157622.313,749553
1335261157622.401,751001
1335261157622.560,752449
1335261157622.646,753897
1335261157622.800,755345
1335261157622.892,756793
1335261157623.039,758241
1335261157623.176,759689
1335261157623.262,761137
1335261157623.422,762585
1335261157623.508,764033
1335261157623.649,765481
1335261157623.754,766929
1335261157623.913,768377
1335261157623.998,769825
1335261157624.122,771273
1335261157624.283,772721
1335261157624.367,774169
1335261157624.524,775617
1335261157624.615,777065
1335261157624.759,778513
1335261157624.898,779961
1335261157624.983,781409
1335261157625.131,782857
1335261157625.268,784305
1335261157625.352,785753
1335261157625.508,787201
1335261157625.600,788649
1335261157625.747,790097
1335261157625.884,791545
1335261157625.967,792993
1335261157626.129,794441
1335261157626.214,795889
1335261157626.383,797337
1335261157626.460,798785
1335261157626.615,800233
1335261157626.706,801681
1335261157626.854,803129
1335261157626.960,804577
1335261157627.113,806025
1335261157627.198,807473
1335261157627.366,808921
1335261157627.444,810369
1335261157627.604,811817
1335261157627.682,813265
1335261157627.814,814713
1335261157627.967,816161
1335261157628.062,817609
1335261157628.219,819057
1335261157628.306,820505
1335261157628.466,821953
1335261157628.552,823401
1335261157628.706,824849
1335261157628.798,826297
1335261157628.943,827745
1335261157629.082,829193
1335261157629.168,830641
1335261157629.321,832089
1335261157629.415,833537
1335261157629.553,834985
1335261157629.659,836433
1335261157629.821,837881
1335261157629.905,839329
1335261157630.066,840777
1335261157630.152,842225
1335261157630.313,843673
1335261157630.396,845121
1335261157630.558,846569
1335261157630.644,848017
1335261157630.799,849465
1335261157630.892,850913
1335261157631.026,852361
1335261157631.135,853809
1335261157631.299,855257
1335261157631.384,856705
1335261157631.530,858153
1335261157631.630,859601
1335261157631.756,861049
1335261157631.862,862497
1335261157632.035,863945
1335261157632.120,865393
1335261157632.282,866841
1335261157632.369,868289
1335261157632.512,869737
1335261157632.614,871185
1335261157632.742,872633
1335261157632.850,874081
1335261157632.978,875529
1335261157633.141,876977
1335261157633.227,878425
1335261157633.388,879873
1335261157633.474,881321
1335261157633.627,882769
1335261157633.719,884217
1335261157633.866,885665
1335261157634.005,887113
1335261157634.090,888561
1335261157634.237,890009
1335261157634.329,891457
1335261157634.497,892905
1335261157634.582,894353
1335261157634.728,895801
1335261157634.827,897249
1335261157634.958,898697
1335261157635.065,900145
1335261157635.235,901593
1335261157635.320,903041
1335261157635.482,904489
1335261157635.565,905937
1335261157635.711,907385
1335261157635.812,908833
1335261157635.940,910281
1335261157636.050,911729
1335261157636.217,913177
1335261157636.305,914625
1335261157636.464,916073
1335261157636.552,917521
1335261157636.710,918969
1335261157636.796,920417
1335261157636.956,921865
1335261157637.043,923313
1335261157637.202,924761
1335261157637.289,926209
1335261157637.448,927657
1335261157637.534,929105
1335261157637.696,930553
1335261157637.782,932001
1335261157637.943,933449
1335261157638.027,934897
1335261157638.189,936345
1335261157638.273,937793
1335261157638.435,939241
1335261157638.519,940689
1335261157638.669,942137
1335261157638.765,943585
1335261157638.918,945033
1335261157639.011,946481
1335261157639.164,947929
1335261157639.256,949377
1335261157639.393,950825
1335261157639.498,952273
1335261157639.663,953721
1335261157639.748,955169
1335261157639.900,956617
1335261157639.994,958065
1335261157640.148,959513
1335261157640.242,960961
1335261157640.402,962409
1335261157640.486,963857
1335261157640.610,965305
1335261157640.770,966753
1335261157640.855,968201
1335261157641.015,969649
1335261157641.102,971097
1335261157641.261,972545
1335261157641.347,973993
1335261157641.500,975441
1335261157641.594,976889
1335261157641.754,978337
1335261157641.840,979785
1335261157641.994,981233
1335261157642.086,982681
1335261157642.231,984129
1335261157642.369,985577
1335261157642.455,987025
1335261157642.600,988473
1335261157642.697,989921
1335261157642.861,991369
1335261157642.948,992817
1335261157643.108,994265
1335261157643.193,995713
1335261157643.354,997161
1335261157643.438,998609
1335261157643.585,1000057
1335261157643.686,1001505
1335261157643.845,1002953
1335261157643.932,1004401
1335261157644.092,1005849
1335261157644.179,1007297
1335261157644.338,1008745
1335261157644.414,1010193
1335261157644.547,1011641
1335261157644.704,1013089
1335261157644.793,1014537
1335261157644.946,1015985
1335261157645.039,1017433
1335261157645.199,1018881
1335261157645.284,1020329
1335261157645.438,1021777
1335261157645.531,1023225
1335261157645.695,1024673
1335261157645.778,1026121
1335261157645.929,1027569
1335261157646.022,1029017
1335261157646.169,1030465
1335261157646.308,1031913
1335261157646.393,1033361
1335261157646.517,1034809
1335261157646.677,1036257
1335261157646.761,1037705
1335261157646.916,1039153
1335261157647.008,1040601
1335261157647.156,1042049
1335261157647.294,1043497
1335261157647.378,1044945
1335261157647.537,1046393
1335261157647.623,1047841
1335261157647.775,1049289
1335261157647.870,1050737
1335261157648.030,1052185
1335261157648.115,1053633
1335261157648.275,1055081
1335261157648.352,1056529
1335261157648.522,1057977
1335261157648.607,1059425
1335261157648.767,1060873
1335261157648.854,1062321
1335261157649.014,1063769
1335261157649.101,1065217
1335261157649.259,1066665
1335261157649.346,1068113
1335261157649.507,1069561
1335261157649.592,1071009
1335261157649.737,1072457
1335261157649.835,1073905
1335261157649.997,1075353
1335261157650.087,1076801
1335261157650.237,1078249
1335261157650.330,1079697
1335261157650.490,1081145
1335261157650.576,1082593
1335261157650.734,1084041
1335261157650.822,1085489
1335261157650.981,1086937
1335261157651.067,1088385
1335261157651.227,1089833
1335261157651.314,1091281
1335261157651.466,1092729
1335261157651.560,1094177
1335261157651.720,1095625
1335261157651.806,1097073
1335261157651.927,1098521
1335261157652.092,1099969
1335261157652.175,1101417
1335261157652.335,1102865
1335261157652.416,1104313
1335261157652.567,1105761
1335261157652.668,1107209
1335261157652.806,1108657
1335261157652.952,1110105
1335261157653.039,1111553
1335261157653.191,1113001
1335261157653.282,1114449
1335261157653.441,1115897
1335261157653.529,1117345
1335261157653.678,1118793
1335261157653.767,1120241
1335261157653.934,1121689
1335261157654.023,1123137
1335261157654.179,1124585
1335261157654.267,1126033
1335261157654.421,1127481
1335261157654.512,1128929
1335261157654.673,1130377
1335261157654.759,1131825
1335261157654.919,1133273
1335261157655.001,1134721
1335261157655.157,1136169
1335261157655.251,1137617
1335261157655.413,1139065
1335261157655.498,1140513
1335261157655.654,1141961
1335261157655.743,1143409
1335261157655.903,1144857
1335261157655.992,1146305
1335261157656.142,1147753
1335261157656.234,1149201
1335261157656.395,1150649
1335261157656.481,1152097
1335261157656.640,1153545
1335261157656.728,1154993
1335261157656.881,1156441
1335261157656.975,1157889
1335261157657.136,1159337
1335261157657.220,1160785
1335261157657.367,1162233
1335261157657.466,1163681
1335261157657.627,1165129
1335261157657.712,1166577
1335261157657.858,1168025
1335261157657.961,1169473
1335261157658.119,1170921
1335261157658.203,1172369
1335261157658.357,1173817
1335261157658.450,1175265
1335261157658.611,1176713
1335261157658.698,1178161
1335261157658.837,1179609
1335261157658.985,1181057
1335261157659.066,1182505
1335261157659.220,1183953
1335261157659.301,1185401
1335261157659.461,1186849
1335261157659.557,1188297
1335261157659.716,1189745
1335261157659.802,1191193
1335261157659.957,1192641
1335261157660.048,1194089
1335261157660.208,1195537
1335261157660.295,1196985
1335261157660.448,1198433
1335261157660.540,1199881
1335261157660.698,1201329
1335261157660.785,1202777
1335261157660.939,1204225
1335261157661.032,1205673
1335261157661.191,1207121
1335261157661.280,1208569
1335261157661.430,1210017
1335261157661.526,1211465
1335261157661.686,1212913
1335261157661.772,1214361
1335261157661.927,1215809
1335261157662.017,1217257
1335261157662.177,1218705
1335261157662.265,1220153
1335261157662.416,1221601
1335261157662.511,1223049
1335261157662.671,1224497
1335261157662.756,1225945
1335261157662.905,1227393
1335261157663.002,1228841
1335261157663.157,1230289
1335261157663.248,1231737
1335261157663.396,1233185
1335261157663.496,1234633
1335261157663.654,1236081
1335261157663.739,1237529
1335261157663.895,1238977
1335261157663.986,1240425
1335261157664.143,1241873
1335261157664.232,1243321
1335261157664.391,1244769
1335261157664.479,1246217
1335261157664.628,1247665
1335261157664.717,1249113
1335261157664.860,1250561
1335261157664.966,1252009
1335261157665.121,1253457
1335261157665.216,1254905
1335261157665.374,1256353
1335261157665.463,1257801
1335261157665.615,1259249
1335261157665.709,1260697
1335261157665.871,1262145
1335261157665.956,1263593
1335261157666.107,1265041
1335261157666.202,1266489
1335261157666.312,1267937
1335261157666.484,1269385
1335261157666.560,1270833
1335261157666.724,1272281
1335261157666.819,1273729
1335261157666.925,1275177
1335261157667.098,1276625
1335261157667.185,1278073
1335261157667.338,1279521
1335261157667.431,1280969
1335261157667.591,1282417
1335261157667.678,1283865
1335261157667.838,1285313
1335261157667.925,1286761
1335261157668.069,1288209
1335261157668.169,1289657
1335261157668.330,1291105
1335261157668.415,1292553
1335261157668.575,1294001
1335261157668.661,1295449
1335261157668.813,1296897
1335261157668.907,1298345
1335261157669.068,1299793
1335261157669.154,1301241
1335261157669.307,1302689
1335261157669.399,1304137
1335261157669.559,1305585
1335261157669.647,1307033
1335261157669.807,1308481
1335261157669.892,1309929
1335261157670.051,1311377
1335261157670.137,1312825
1335261157670.285,1314273
1335261157670.384,1315721
1335261157670.537,1317169
1335261157670.630,1318617
1335261157670.785,1320065
1335261157670.876,1321513
1335261157671.036,1322961
1335261157671.123,1324409
1335261157671.275,1325857
1335261157671.368,1327305
1335261157671.528,1328753
1335261157671.615,1330201
1335261157671.771,1331649
1335261157671.856,1333097
1335261157672.007,1334545
1335261157672.108,1335993
1335261157672.267,1337441
1335261157672.353,1338889
1335261157672.513,1340337
1335261157672.598,1341785
1335261157672.745,1343233
1335261157672.845,1344681
1335261157673.004,1346129
1335261157673.086,1347577
1335261157673.230,1349025
1335261157673.337,1350473
1335261157673.491,1351921
1335261157673.582,1353369
1335261157673.745,1354817
1335261157673.828,1356265
1335261157673.972,1357713
1335261157674.077,1359161
1335261157674.234,1360609
1335261157674.321,1362057
1335261157674.467,1363505
1335261157674.567,1364953
1335261157674.715,1366401
1335261157674.815,1367849
1335261157674.974,1369297
1335261157675.057,1370745
1335261157675.203,1372193
1335261157675.306,1373641
1335261157675.464,1375089
1335261157675.552,1376537
1335261157675.714,1377985
1335261157675.798,1379433
1335261157675.957,1380881
1335261157676.044,1382329
1335261157676.196,1383777
1335261157676.287,1385225
1335261157676.444,1386673
1335261157676.536,1388121
1335261157676.686,1389569
1335261157676.782,1391017
1335261157676.941,1392465
1335261157677.028,1393913
1335261157677.181,1395361
1335261157677.275,1396809
1335261157677.435,1398257
1335261157677.510,1399705
1335261157677.681,1401153
1335261157677.766,1402601
1335261157677.890,1404049
1335261157678.048,1405497
1335261157678.135,1406945
1335261157678.296,1408393
1335261157678.382,1409841
1335261157678.493,1411289
1335261157678.661,1412737
1335261157678.742,1414185
1335261157678.889,1415633
1335261157678.996,1417081
1335261157679.157,1418529
1335261157679.244,1419977
1335261157679.387,1421425
1335261157679.488,1422873
1335261157679.654,1424321
1335261157679.736,1425769
1335261157679.890,1427217
1335261157679.982,1428665
1335261157680.140,1430113
1335261157680.226,1431561
1335261157680.371,1433009
1335261157680.474,1434457
1335261157680.585,1435905
1335261157680.739,1437353
1335261157680.843,1438801
1335261157681.005,1440249
1335261157681.087,1441697
1335261157681.243,1443145
1335261157681.334,1444593
1335261157681.497,1446041
1335261157681.583,1447489
1335261157681.728,1448937
1335261157681.832,1450385
1335261157681.939,1451833
1335261157682.110,1453281
1335261157682.196,1454729
1335261157682.356,1456177
1335261157682.443,1457625
1335261157682.604,1459073
1335261157682.688,1460521
1335261157682.835,1461969
1335261157682.935,1463417
1335261157683.045,1464865
1335261157683.198,1466313
1335261157683.303,1467761
1335261157683.461,1469209
1335261157683.552,1470657
1335261157683.661,1472105
1335261157683.832,1473553
1335261157683.918,1475001
1335261157684.077,1476449
1335261157684.157,1477897
1335261157684.323,1479345
1335261157684.410,1480793
1335261157684.572,1482241
1335261157684.656,1483689
1335261157684.815,1485137
1335261157684.902,1486585
1335261157685.054,1488033
1335261157685.148,1489481
1335261157685.308,1490929
1335261157685.387,1492377
1335261157685.551,1493825
1335261157685.641,1495273
1335261157685.800,1496721
1335261157685.886,1498169
1335261157880.229,1499617
1335261157884.198,1501065
1335261157884.306,1502513
1335261157888.170,1503961
1335261157888.224,1505409
1335261157888.346,1506857
1335261157888.519,1508305
1335261157892.126,1509753
1335261157892.182,1511201
1335261157892.242,1512649
1335261157892.389,1514097
1335261157892.479,1515545
1335261157892.654,1516993
1335261157896.289,1518441
1335261157896.327,1519889
1335261157896.391,1521337
1335261157896.557,1522785
1335261157896.641,1524233
1335261157896.800,1525681
1335261157896.889,1527129
1335261157897.058,1528577
1335261157897.135,1530025
1335261157900.365,1531473
1335261157900.441,1532921
1335261157900.597,1534369
1335261157900.678,1535817
1335261157900.834,1537265
1335261157900.924,1538713
1335261157901.047,1540161
1335261157901.160,1541609
1335261157901.320,1543057
1335261157901.406,1544505
1335261157901.581,1545953
1335261157901.662,1547401
1335261157904.508,1550297
1335261157904.598,1551745
1335261157904.754,1553193
1335261157904.859,1554641
1335261157904.968,1556089
1335261157905.140,1557537
1335261157905.203,1558985
1335261157905.361,1560433
1335261157905.468,1561881
1335261157905.581,1563329
1335261157905.735,1564777
1335261157905.838,1566225
1335261157905.950,1567673
1335261157906.125,1569121
1335261157906.197,1570569
1335261157906.315,1572017
1335261157906.476,1573465
1335261157906.566,1574913
1335261157906.688,1576361
1335261157906.853,1577809
1335261157906.934,1579257
1335261157908.307,1580705
1335261157908.393,1582153
1335261157908.540,1583601
1335261157908.641,1585049
1335261157908.751,1586497
1335261157908.905,1587945
1335261157909.018,1589393
1335261157909.195,1590841
1335261157909.257,1592289
1335261157909.433,1593737
1335261157909.512,1595185
1335261157909.670,1596633
1335261157909.764,1598081
1335261157909.875,1599529
1335261157910.050,1600977
1335261157910.130,1602425
1335261157910.291,1603873
1335261157910.374,1605321
1335261157910.532,1606769
1335261157910.625,1608217
1335261157910.747,1609665
1335261157910.892,1611113
1335261157911.001,1612561
1335261157911.122,1614009
1335261157911.234,1615457
1335261157911.357,1616905
1335261157911.470,1618353
1335261157911.635,1619801
1335261157911.735,1621249
1335261157911.849,1622697
1335261157912.002,1624145
1335261157912.097,1625593
1335261157912.224,1627041
1335261157912.344,1628489
1335261157912.502,1629937
1335261157912.599,1631385
1335261157912.711,1632833
1335261157912.872,1634281
1335261157912.963,1635729
1335261157913.074,1637177
1335261157913.241,1638625
1335261157913.328,1640073
1335261157913.481,1641521
1335261157913.580,1642969
1335261157913.693,1644417
1335261157913.858,1645865
1335261157913.945,1647313
1335261157914.067,1648761
1335261157914.219,1650209
1335261157914.311,1651657
1335261157914.438,1653105
1335261157914.599,1654553
1335261157914.680,1656001
1335261157914.846,1657449
1335261157914.927,1658897
1335261157915.049,1660345
1335261157915.206,1661793
1335261157915.296,1663241
1335261157915.416,1664689
1335261157915.566,1666137
1335261157915.659,1667585
1335261157915.830,1669033
1335261157915.911,1670481
1335261157916.081,1671929
1335261157916.158,1673377
1335261157916.321,1674825
1335261157916.403,1676273
1335261157916.525,1677721
1335261157916.697,1679169
1335261157916.775,1680617
1335261157916.936,1682065
1335261157917.019,1683513
1335261157917.175,1684961
1335261157917.274,1686409
1335261157917.386,1687857
1335261157917.552,1689305
1335261157917.633,1690753
1335261157917.792,1692201
1335261157917.881,1693649
1335261157918.004,1695097
1335261157918.162,1696545
1335261157918.249,1697993
1335261157918.395,1699441
1335261157918.495,1700889
1335261157918.606,1702337
1335261157918.778,1703785
1335261157918.874,1705233
1335261157918.986,1706681
1335261157919.144,1708129
1335261157919.233,1709577
1335261157919.380,1711025
1335261157919.480,1712473
1335261157919.602,1713921
1335261157919.768,1715369
1335261157919.848,1716817
1335261157920.007,1718265
1335261157920.098,1719713
1335261157920.210,1721161
1335261157920.370,1722609
1335261157920.476,1724057
1335261157920.587,1725505
1335261157920.751,1726953
1335261157920.833,1728401
1335261157920.995,1729849
1335261157921.078,1731297
1335261157921.200,1732745
1335261157921.357,1734193
1335261157921.448,1735641
1335261157921.570,1737089
1335261157921.742,1738537
1335261157921.839,1739985
1335261157921.952,1741433
1335261157922.073,1742881
1335261157922.182,1744329
1335261157922.351,1745777
1335261157922.431,1747225
1335261157922.603,1748673
1335261157922.678,1750121
1335261157922.841,1751569
1335261157922.924,1753017
1335261157923.095,1754465
1335261157923.170,1755913
1335261157923.334,1757361
1335261157923.420,1758809
1335261157923.542,1760257
1335261157923.656,1761705
1335261157923.828,1763153
1335261157923.908,1764601
1335261157924.074,1766049
1335261157924.155,1767497
1335261157924.284,1768945
1335261157924.448,1770393
1335261157924.524,1771841
1335261157924.696,1773289
1335261157924.765,1774737
1335261157924.922,1776185
1335261157925.016,1777633
1335261157925.139,1779081
1335261157925.252,1780529
1335261157925.372,1781747
1335261158081.356,1782076
1335261158081.654,1783524
1335261158081.813,1784972
1335261158081.882,1786420
1335261158082.049,1787868
1335261158082.138,1789316
1335261158082.289,1790764
1335261158082.384,1792212
1335261158082.534,1793660
1335261158082.633,1795108
1335261158082.739,1796556
1335261158082.875,1798004
1335261158083.041,1799452
1335261158083.126,1800900
1335261158083.282,1802348
1335261158083.372,1803796
1335261158083.521,1805244
1335261158083.614,1806692
1335261158083.760,1808140
1335261158083.903,1809588
1335261158083.983,1811036
1335261158084.112,1812484
1335261158084.219,1813932
1335261158084.393,1815380
1335261158084.475,1816828
1335261158084.625,1818276
1335261158084.721,1819724
1335261158084.856,1821172
1335261158084.964,1822620
1335261158085.090,1824068
1335261158085.253,1825516
1335261158085.337,1826964
1335261158085.492,1828412
1335261158085.581,1829860
1335261158085.731,1831308
1335261158085.869,1832756
1335261158085.949,1834204
1335261158086.111,1835652
1335261158086.198,1837100
1335261158086.353,1838548
1335261158086.444,1839996
1335261158086.604,1841444
1335261158086.690,1842892
1335261158086.850,1844340
1335261158086.937,1845788
1335261158087.093,1847283
1335261158087.193,1848731
1335261158087.324,1850179
1335261158087.431,1851627
1335261158087.600,1853075
1335261158087.685,1854523
1335261158087.846,1855971
1335261158087.929,1857419
1335261158088.091,1858867
1335261158088.177,1860315
1335261158088.323,1861763
1335261158088.423,1863211
1335261158088.583,1864659
1335261158088.669,1866107
1335261158088.822,1867555
1335261158088.915,1869003
1335261158089.075,1870451
1335261158089.159,1871899
1335261158089.303,1873347
1335261158089.408,1874795
1335261158089.534,1876243
1335261158089.644,1877691
1335261158089.777,1879139
1335261158089.886,1880587
1335261158090.061,1882035
1335261158090.147,1883483
1335261158090.308,1884931
1335261158090.393,1886379
1335261158090.554,1887827
1335261158090.639,1889275
1335261158090.800,1890723
1335261158090.885,1892171
1335261158091.033,1893619
1335261158091.131,1895067
1335261158091.264,1896515
1335261158091.375,1897963
1335261158091.501,1899411
1335261158091.661,1900859
1335261158091.745,1902307
1335261158091.904,1903755
1335261158091.992,1905203
1335261158092.151,1906651
1335261158092.237,1908099
1335261158092.396,1909547
1335261158092.481,1910995
1335261158092.648,1912819
1335261158092.752,1914267
1335261158092.927,1915715
1335261158093.014,1917163
1335261158093.174,1918611
1335261158093.260,1920059
1335261158093.419,1921507
1335261158093.506,1922955
1335261158093.667,1924403
1335261158093.749,1925851
1335261158093.875,1927299
1335261158094.038,1928747
1335261158094.122,1930195
1335261158094.281,1931643
1335261158094.367,1933091
1335261158094.521,1934539
1335261158094.612,1935987
1335261158094.773,1937435
1335261158094.857,1938883
1335261158095.012,1940331
1335261158095.104,1941779
1335261158095.255,1943227
1335261158095.351,1944675
1335261158095.497,1946123
1335261158095.636,1947571
1335261158095.721,1949019
1335261158095.880,1950467
1335261158095.965,1951915
1335261158096.110,1953363
1335261158096.213,1954811
1335261158096.373,1956259
1335261158096.459,1957707
1335261158096.620,1959155
1335261158096.704,1960603
1335261158096.865,1962051
1335261158096.950,1963499
1335261158097.111,1964947
1335261158097.211,1966395
1335261158097.341,1967843
1335261158097.444,1969291
1335261158097.604,1970739
1335261158097.688,1972187
1335261158097.834,1973635
1335261158097.935,1975083
1335261158098.097,1976531
1335261158098.182,1977979
1335261158098.341,1979427
1335261158098.425,1980875
1335261158098.571,1982323
1335261158098.673,1983771
1335261158098.803,1985219
1335261158098.910,1986667
1335261158099.079,1988115
1335261158099.165,1989563
1335261158099.319,1991011
1335261158099.412,1992459
1335261158099.569,1993907
1335261158099.657,1995355
1335261158099.817,1996803
1335261158099.904,1998251
1335261158100.048,1999699
1335261158100.150,2001147
1335261158100.310,2002595
1335261158100.396,2004043
1335261158100.543,2005491
1335261158100.642,2006939
1335261158100.773,2008387
1335261158100.880,2009835
1335261158101.010,2011283
1335261158101.173,2012731
1335261158101.255,2014179
1335261158101.415,2015627
1335261158101.502,2017075
1335261158101.652,2018523
1335261158101.749,2019971
1335261158101.858,2021419
1335261158102.037,2022867
1335261158102.119,2024315
1335261158102.271,2025763
1335261158102.365,2027211
1335261158102.529,2028659
1335261158102.611,2030107
1335261158102.771,2031555
1335261158102.855,2033003
1335261158103.015,2034451
1335261158103.102,2035899
1335261158103.261,2037347
1335261158103.349,2038795
1335261158103.504,2040243
1335261158103.594,2041691
1335261158103.755,2043139
1335261158103.840,2044587
1335261158103.964,2046035
1335261158104.122,2047483
1335261158104.216,2048931
1335261158104.370,2050379
1335261158104.455,2051827
1335261158104.614,2053275
1335261158104.700,2054723
1335261158104.861,2056171
1335261158104.948,2057619
1335261158105.108,2059067
1335261158105.195,2060515
1335261158105.353,2061963
1335261158105.441,2063411
1335261158105.592,2064859
1335261158105.684,2066307
1335261158105.847,2067755
1335261158105.932,2069203
1335261158106.083,2070651
1335261158106.178,2072099
1335261158106.337,2073547
1335261158106.424,2074995
1335261158106.585,2076443
1335261158106.670,2077891
1335261158106.823,2079339
1335261158106.916,2080787
1335261158107.061,2082235
1335261158107.202,2083683
1335261158107.281,2085131
1335261158107.448,2086579
1335261158107.532,2088027
1335261158107.694,2089475
1335261158107.779,2090923
1335261158107.939,2092371
1335261158108.023,2093819
1335261158108.186,2095267
1335261158108.271,2096715
1335261158108.419,2098163
1335261158108.516,2099611
1335261158108.660,2101059
1335261158108.763,2102507
1335261158108.891,2103955
1335261158108.999,2105403
1335261158109.139,2106851
1335261158109.253,2108299
1335261158109.403,2109747
1335261158109.505,2111195
1335261158109.640,2112643
1335261158109.751,2114091
1335261158109.909,2115539
1335261158109.994,2116987
1335261158110.157,2118435
1335261158110.238,2119883
1335261158110.393,2121331
1335261158110.480,2122779
1335261158110.651,2124227
1335261158110.736,2125675
1335261158110.895,2127123
1335261158110.978,2128571
1335261158111.142,2130019
1335261158111.223,2131467
1335261158111.381,2132915
1335261158111.475,2134363
1335261158111.630,2135811
1335261158111.705,2137259
1335261158111.841,2138707
1335261158112.000,2140155
1335261158112.090,2141603
1335261158112.245,2143051
1335261158112.335,2144499
1335261158112.477,2145947
1335261158112.622,2147395
1335261158112.705,2148843
1335261158112.865,2150291
1335261158112.941,2151739
1335261158113.111,2153187
1335261158113.192,2154635
1335261158113.356,2156083
1335261158113.439,2157531
1335261158113.602,2158979
1335261158113.688,2160427
1335261158113.837,2161875
1335261158113.930,2163323
1335261158114.094,2164771
1335261158114.179,2166219
1335261158114.331,2167667
1335261158114.429,2169115
1335261158114.569,2170563
1335261158114.674,2172011
1335261158114.835,2173459
1335261158114.920,2174907
1335261158115.073,2176355
1335261158115.169,2177803
1335261158115.311,2179251
1335261158115.410,2180699
1335261158115.570,2182147
1335261158115.657,2183595
1335261158115.807,2185043
1335261158115.904,2186491
1335261158116.042,2187939
1335261158116.150,2189387
1335261158116.280,2190835
1335261158116.393,2192283
1335261158116.557,2193731
1335261158116.638,2195179
1335261158116.790,2196627
1335261158116.882,2198075
1335261158117.045,2199523
1335261158117.129,2200971
1335261158117.283,2202419
1335261158117.374,2203867
1335261158117.540,2205315
1335261158117.623,2206763
1335261158117.775,2208211
1335261158117.872,2209659
1335261158118.013,2211107
1335261158118.118,2212555
1335261158118.277,2214003
1335261158118.352,2215451
1335261158118.522,2216899
1335261158118.605,2218347
1335261158118.764,2219795
1335261158118.851,2221243
1335261158119.014,2222691
1335261158119.097,2224139
1335261158119.251,2225587
1335261158119.349,2227035
1335261158119.509,2228483
1335261158119.591,2229931
1335261158119.746,2231379
1335261158119.840,2232827
1335261158119.979,2234275
1335261158120.086,2235723
1335261158120.245,2237171
1335261158120.333,2238619
1335261158120.493,2240067
1335261158120.573,2241515
1335261158120.728,2242963
1335261158120.825,2244411
1335261158120.960,2245859
1335261158121.066,2247307
1335261158121.226,2248755
1335261158121.311,2250203
1335261158121.475,2251651
1335261158121.559,2253099
1335261158121.724,2254547
1335261158121.804,2255995
1335261158121.969,2257443
1335261158122.055,2258891
1335261158122.215,2260339
1335261158122.302,2261787
1335261158122.451,2263235
1335261158122.547,2264683
1335261158122.708,2266131
1335261158122.788,2267579
1335261158122.948,2269027
1335261158123.040,2270475
1335261158123.196,2271923
1335261158123.281,2273371
1335261158123.446,2274819
1335261158123.533,2276267
1335261158123.682,2277715
1335261158123.776,2279163
1335261158123.939,2280611
1335261158124.018,2282059
1335261158124.178,2283507
1335261158124.271,2284955
1335261158124.431,2286403
1335261158124.517,2287851
1335261158124.667,2289299
1335261158124.764,2290747
1335261158124.930,2292195
1335261158125.003,2293643
1335261158125.133,2295091
1335261158125.240,2296539
1335261158125.370,2297987
1335261158125.538,2299435
1335261158125.618,2300883
1335261158125.777,2302331
1335261158125.863,2303779
1335261158126.019,2305227
1335261158126.111,2306675
1335261158126.261,2308123
1335261158126.394,2309571
1335261158126.486,2311019
1335261158126.630,2312467
1335261158126.730,2313915
1335261158126.887,2315363
1335261158126.971,2316811
1335261158127.134,2318259
1335261158127.226,2319707
1335261158127.379,2321155
1335261158127.462,2322603
1335261158127.616,2324051
1335261158127.712,2325499
1335261158127.875,2326947
1335261158127.958,2328395
1335261158128.108,2329843
1335261158128.202,2331291
1335261158128.341,2332739
1335261158128.448,2334187
1335261158128.609,2335635
1335261158128.698,2337083
1335261158128.854,2338531
1335261158128.940,2339979
1335261158129.086,2341427
1335261158129.187,2342875
1335261158129.318,2344323
1335261158129.426,2345771
1335261158129.555,2347219
1335261158129.665,2348667
1335261158129.801,2350115
1335261158129.965,2351563
1335261158130.052,2353011
1335261158130.207,2354459
1335261158130.294,2355907
1335261158130.447,2357355
1335261158130.539,2358803
1335261158130.690,2360251
1335261158130.825,2361699
1335261158130.909,2363147
1335261158131.074,2364595
1335261158131.145,2366043
1335261158131.316,2367491
1335261158131.401,2368939
1335261158131.561,2370387
1335261158131.647,2371835
1335261158131.808,2373283
1335261158131.888,2374731
1335261158132.054,2376179
1335261158132.139,2377627
1335261158132.283,2379075
1335261158132.375,2380523
1335261158132.524,2381971
1335261158132.631,2383419
1335261158132.753,2384867
1335261158132.915,2386315
1335261158133.000,2387763
1335261158133.155,2389211
1335261158133.246,2390659
1335261158133.394,2392107
1335261158133.529,2393555
1335261158133.606,2395003
1335261158133.738,2396451
1335261158133.900,2397899
1335261158133.986,2399347
1335261158134.144,2400795
1335261158134.231,2402243
1335261158134.389,2403691
1335261158134.476,2405139
1335261158134.629,2406587
1335261158134.722,2408035
1335261158134.868,2409483
1335261158135.007,2410931
1335261158135.089,2412379
1335261158135.251,2413827
1335261158135.338,2415275
1335261158135.498,2416723
1335261158135.585,2418171
1335261158135.729,2419619
1335261158135.830,2421067
1335261158135.991,2422515
1335261158136.076,2423963
1335261158136.230,2425411
1335261158136.320,2426859
1335261158136.461,2428307
1335261158136.569,2429755
1335261158136.693,2431203
1335261158136.803,2432651
1335261158136.938,2434099
1335261158137.098,2435547
1335261158137.183,2436995
1335261158137.345,2438443
1335261158137.429,2439891
1335261158137.589,2441339
1335261158137.672,2442787
1335261158137.835,2444235
1335261158137.921,2445683
1335261158138.081,2447131
1335261158138.168,2448579
1335261158138.321,2450027
1335261158138.412,2451475
1335261158138.561,2452923
1335261158138.698,2454371
1335261158138.783,2455819
1335261158138.943,2457267
1335261158139.022,2458715
1335261158139.151,2460163
1335261158139.366,2461611
1335261158139.453,2463059
1335261158139.612,2464507
1335261158139.697,2465955
1335261158139.857,2467403
1335261158139.935,2468851
1335261158140.105,2470299
1335261158140.190,2471747
1335261158140.343,2473195
1335261158140.436,2474643
1335261158140.581,2476091
1335261158140.719,2477539
1335261158140.810,2478987
1335261158140.960,2480435
1335261158141.052,2481883
1335261158141.190,2483331
1335261158141.298,2484779
1335261158141.452,2486227
1335261158141.548,2487675
1335261158141.708,2489123
1335261158141.792,2490571
1335261158141.940,2492019
1335261158142.037,2493467
1335261158142.196,2494915
1335261158142.283,2496363
1335261158142.437,2497811
1335261158142.529,2499259
1335261158142.667,2500707
1335261158142.775,2502155
1335261158142.901,2503603
1335261158143.007,2505051
1335261158143.144,2506499
1335261158143.304,2507947
1335261158143.389,2509395
1335261158143.551,2510843
1335261158143.639,2512291
1335261158143.796,2513739
1335261158143.883,2515187
1335261158144.043,2516635
1335261158144.128,2518083
1335261158144.282,2519531
1335261158144.374,2520979
1335261158144.535,2522427
1335261158144.621,2523875
1335261158144.774,2525323
1335261158144.867,2526771
1335261158145.026,2528219
1335261158145.114,2529667
1335261158145.273,2531115
1335261158145.358,2532563
1335261158145.511,2534011
1335261158145.606,2535459
1335261158145.750,2536907
1335261158145.888,2538355
1335261158145.973,2539803
1335261158146.134,2541251
1335261158146.220,2542699
1335261158146.365,2544147
1335261158146.467,2545595
1335261158146.627,2547043
1335261158146.714,2548491
1335261158146.856,2549939
1335261158146.959,2551387
1335261158147.085,2552835
1335261158147.197,2554283
1335261158147.328,2555731
1335261158147.490,2557179
1335261158147.574,2558627
1335261158147.722,2560075
1335261158147.820,2561523
1335261158147.979,2562971
1335261158148.065,2564419
1335261158148.219,2565867
1335261158148.314,2567315
1335261158148.470,2568763
1335261158148.555,2570211
1335261158148.718,2571659
1335261158148.803,2573107
1335261158148.956,2574555
1335261158149.050,2576003
1335261158149.194,2577451
1335261158149.335,2578899
1335261158149.419,2580347
1335261158149.580,2581795
1335261158149.656,2583243
1335261158149.789,2584691
1335261158149.950,2586139
1335261158150.035,2587587
1335261158150.194,2589035
1335261158150.281,2590483
1335261158150.440,2591931
1335261158150.526,2593379
1335261158150.681,2594827
1335261158150.773,2596275
1335261158150.921,2597723
1335261158151.060,2599171
1335261158151.142,2600619
1335261158151.304,2602067
1335261158151.387,2603515
1335261158151.549,2604963
1335261158151.634,2606411
1335261158151.796,2607859
1335261158151.870,2609307
1335261158152.004,2610755
1335261158152.113,2612203
1335261158152.289,2613651
1335261158152.371,2615099
1335261158152.536,2616547
1335261158152.619,2617995
1335261158152.784,2619443
1335261158152.869,2620891
1335261158153.021,2622339
1335261158153.116,2623787
1335261158153.261,2625235
1335261158153.361,2626683
1335261158153.497,2628131
1335261158153.608,2629579
1335261158153.766,2631027
1335261158153.850,2632475
1335261158154.014,2633923
1335261158154.100,2635371
1335261158154.250,2636819
1335261158154.347,2638267
1335261158154.486,2639715
1335261158154.594,2641163
1335261158154.725,2642611
1335261158154.836,2644059
1335261158154.998,2645507
1335261158155.084,2646955
1335261158155.232,2648403
1335261158155.330,2649851
1335261158155.489,2651299
1335261158155.573,2652747
1335261158155.724,2654195
1335261158155.825,2655643
1335261158155.960,2657091
1335261158156.068,2658539
1335261158156.229,2659987
1335261158156.308,2661435
1335261158156.437,2662883
1335261158156.550,2664331
1335261158156.723,2665779
1335261158156.802,2667227
1335261158156.966,2668675
1335261158157.053,2670123
1335261158157.214,2671571
1335261158157.300,2673019
1335261158157.450,2674467
1335261158157.546,2675915
1335261158157.705,2677363
1335261158157.786,2678811
1335261158157.940,2680259
1335261158158.036,2681707
1335261158158.196,2683155
1335261158158.284,2684603
1335261158158.432,2686051
1335261158158.532,2687499
1335261158158.689,2688947
1335261158158.771,2690395
1335261158158.917,2691843
1335261158159.021,2693291
1335261158159.152,2694739
1335261158159.262,2696187
1335261158159.425,2697635
1335261158159.509,2699083
1335261158159.657,2700531
1335261158159.754,2701979
1335261158159.886,2703427
1335261158159.997,2704875
1335261158160.168,2706323
1335261158160.251,2707771
1335261158160.413,2709219
1335261158160.498,2710667
1335261158160.658,2712115
1335261158160.745,2713563
1335261158160.894,2715011
1335261158160.985,2716459
1335261158161.127,2717907
1335261158161.233,2719355
1335261158161.430,2720803
1335261158161.517,2722251
1335261158161.655,2723699
1335261158161.769,2725147
1335261158161.919,2726595
1335261158162.002,2728043
1335261158162.170,2729491
1335261158162.256,2730939
1335261158162.416,2732387
1335261158162.501,2733835
1335261158162.649,2735283
1335261158162.748,2736731
1335261158162.909,2738179
1335261158162.994,2739627
1335261158163.154,2741075
1335261158163.233,2742523
1335261158163.402,2743971
1335261158163.486,2745419
1335261158163.635,2746867
1335261158163.731,2748315
1335261158163.892,2749763
1335261158163.978,2751211
1335261158164.140,2752659
1335261158164.225,2754107
1335261158164.387,2755555
1335261158164.469,2757003
1335261158164.594,2758451
1335261158164.703,2759899
1335261158164.877,2761347
1335261158164.963,2762795
1335261158165.121,2764243
1335261158165.209,2765691
1335261158165.353,2767139
1335261158165.458,2768587
1335261158165.583,2770035
1335261158165.688,2771483
1335261158165.824,2772931
1335261158165.983,2774379
1335261158166.069,2775827
1335261158166.222,2777275
1335261158166.306,2778723
1335261158166.477,2780171
1335261158166.562,2781619
1335261158166.715,2783067
1335261158166.807,2784515
1335261158166.969,2785963
1335261158167.054,2787411
1335261158167.209,2788859
1335261158167.300,2790307
1335261158167.460,2791755
1335261158167.536,2793203
1335261158167.699,2794651
1335261158167.792,2796099
1335261158167.951,2797547
1335261158168.038,2798995
1335261158168.192,2800443
1335261158168.284,2801891
1335261158168.444,2803339
1335261158168.529,2804787
1335261158168.691,2806235
1335261158168.775,2807683
1335261158168.937,2809131
1335261158169.019,2810579
1335261158169.183,2812027
1335261158169.268,2813475
1335261158169.428,2814923
1335261158169.514,2816371
1335261158169.674,2817819
1335261158169.761,2819267
1335261158169.914,2820715
1335261158170.007,2822163
1335261158170.167,2823611
1335261158170.255,2825059
1335261158170.413,2826507
1335261158170.498,2827955
1335261158170.659,2829403
1335261158170.745,2830851
1335261158170.900,2832299
1335261158170.991,2833747
1335261158171.137,2835195
1335261158171.275,2836643
1335261158171.360,2838091
1335261158171.507,2839539
1335261158171.600,2840987
1335261158171.765,2842435
1335261158171.853,2843883
1335261158172.018,2845331
1335261158172.104,2846779
1335261158172.261,2848227
1335261158172.342,2849675
1335261158172.490,2851123
1335261158172.590,2852571
1335261158172.725,2854019
1335261158172.839,2855467
1335261158172.987,2856915
1335261158173.089,2858363
1335261158173.217,2859811
1335261158173.328,2861259
1335261158173.483,2862707
1335261158173.570,2864155
1335261158173.722,2865603
1335261158173.821,2867051
1335261158173.981,2868499
1335261158174.067,2869947
1335261158174.228,2871395
1335261158174.313,2872843
1335261158174.453,2874291
1335261158174.596,2875739
1335261158174.682,2877187
1335261158174.840,2878635
1335261158174.928,2880083
1335261158175.079,2881531
1335261158175.174,2882979
1335261158175.321,2884427
1335261158175.458,2885875
1335261158175.544,2887323
1335261158175.705,2888771
1335261158175.789,2890219
1335261158175.935,2891667
1335261158176.026,2893115
1335261158176.165,2894563
1335261158176.274,2896011
1335261158176.443,2897459
1335261158176.527,2898907
1335261158176.676,2900355
1335261158176.774,2901803
1335261158176.938,2903251
1335261158177.021,2904699
1335261158177.174,2906147
1335261158177.257,2907595
1335261158177.428,2909043
1335261158177.512,2910491
1335261158177.660,2911939
1335261158177.759,2913387
1335261158177.892,2914835
1335261158177.999,2916283
1335261158178.128,2917731
1335261158178.238,2919179
1335261158178.374,2920627
1335261158178.533,2922075
1335261158178.619,2923523
1335261158178.773,2924971
1335261158178.865,2926419
1335261158179.013,2927867
1335261158179.150,2929315
1335261158179.235,2930763
1335261158179.394,2932211
1335261158179.481,2933659
1335261158179.604,2935107
1335261158179.765,2936555
1335261158179.850,2938003
1335261158180.010,2939451
1335261158180.092,2940899
1335261158180.250,2942347
1335261158180.343,2943795
1335261158180.501,2945243
1335261158180.588,2946691
1335261158180.741,2948139
1335261158180.833,2949587
1335261158180.980,2951035
1335261158181.119,2952483
1335261158181.203,2953931
1335261158181.351,2955379
1335261158181.449,2956827
1335261158181.611,2958275
1335261158181.695,2959723
1335261158181.856,2961171
1335261158181.941,2962619
1335261158182.105,2964067
1335261158182.187,2965515
1335261158182.338,2966963
1335261158182.433,2968411
1335261158182.575,2969859
1335261158182.673,2971307
1335261158182.841,2972755
1335261158182.926,2974203
1335261158183.087,2975651
1335261158183.173,2977099
1335261158183.331,2978547
1335261158183.418,2979995
1335261158183.579,2981443
1335261158183.664,2982891
1335261158183.827,2984339
1335261158183.911,2985787
1335261158184.072,2987235
1335261158184.157,2988683
1335261158184.321,2990131
1335261158184.402,2991579
1335261158184.559,2993027
1335261158184.648,2994475
1335261158184.794,2995923
1335261158184.895,2997371
1335261158185.028,2998819
1335261158185.137,3000267
1335261158185.264,3001715
1335261158185.376,3003163
1335261158185.548,3004611
1335261158185.633,3006059
1335261158185.791,3007507
1335261158185.878,3008955
1335261158186.040,3010403
1335261158186.126,3011851
1335261158186.273,3013299
1335261158186.372,3014747
1335261158186.532,3016195
1335261158186.618,3017643
1335261158186.766,3019091
1335261158186.863,3020539
1335261158187.028,3021987
1335261158187.108,3023435
1335261158187.263,3024883
1335261158187.355,3026331
1335261158187.517,3027779
1335261158187.604,3029227
1335261158187.756,3030675
1335261158187.848,3032123
1335261158188.009,3033571
1335261158188.093,3035019
1335261158188.241,3036467
1335261158188.340,3037915
1335261158188.494,3039363
1335261158188.587,3040811
1335261158188.740,3042259
1335261158188.832,3043707
1335261158188.994,3045155
1335261158189.079,3046603
1335261158189.239,3048051
1335261158189.323,3049499
1335261158189.487,3050947
1335261158189.570,3052395
1335261158189.724,3053843
1335261158189.823,3055291
1335261158189.956,3056739
1335261158190.062,3058187
1335261158190.186,3059635
1335261158190.349,3061083
1335261158190.431,3062531
1335261158190.588,3063979
1335261158190.677,3065427
1335261158190.839,3066875
1335261158190.922,3068323
1335261158191.083,3069771
1335261158191.169,3071219
1335261158191.329,3072667
1335261158191.416,3074115
1335261158191.576,3075563
1335261158191.662,3077011
1335261158191.838,3078459
1335261158191.907,3079907
1335261158192.068,3081355
1335261158192.154,3082803
1335261158192.305,3084251
1335261158192.392,3085699
1335261158192.559,3087147
1335261158192.645,3088595
1335261158192.798,3090043
1335261158192.892,3091491
1335261158193.036,3092939
1335261158193.175,3094387
1335261158193.263,3095835
1335261158193.408,3097283
1335261158193.508,3098731
1335261158193.641,3100179
1335261158193.749,3101627
1335261158193.916,3103075
1335261158193.999,3104523
1335261158194.125,3105971
1335261158194.234,3107419
1335261158194.370,3108867
1335261158194.532,3110315
1335261158194.613,3111763
1335261158194.762,3113211
1335261158194.861,3114659
1335261158195.003,3116107
1335261158195.106,3117555
1335261158195.217,3119003
1335261158195.354,3120451
1335261158195.511,3121899
1335261158195.599,3123347
1335261158195.758,3124795
1335261158195.844,3126243
1335261158196.005,3127691
1335261158196.091,3129139
1335261158196.249,3130587
1335261158196.342,3132035
1335261158196.502,3133483
1335261158196.589,3134931
1335261158196.739,3136379
1335261158196.834,3137827
1335261158196.942,3139275
1335261158197.119,3140723
1335261158197.199,3142171
1335261158197.355,3143619
1335261158197.444,3145067
1335261158197.591,3146515
1335261158197.691,3147963
1335261158197.818,3149411
1335261158197.979,3150859
1335261158198.065,3152307
1335261158198.217,3153755
1335261158198.310,3155203
1335261158198.463,3156651
1335261158198.557,3158099
1335261158198.704,3159547
1335261158198.842,3160995
1335261158198.925,3162443
1335261158199.086,3163891
1335261158199.172,3165339
1335261158199.328,3166787
1335261158199.411,3168235
1335261158199.577,3169683
1335261158199.664,3171131
1335261158199.824,3172579
1335261158199.909,3174027
1335261158200.060,3175475
1335261158200.157,3176923
1335261158200.319,3178371
1335261158200.397,3179819
1335261158200.563,3181267
1335261158200.643,3182715
1335261158200.797,3184163
1335261158200.894,3185611
1335261158201.055,3187059
1335261158201.141,3188507
1335261158201.300,3189955
1335261158201.381,3191403
1335261158201.546,3192851
1335261158201.628,3194299
1335261158201.781,3195747
1335261158201.951,3197195
1335261158201.993,3198643
1335261158202.159,3200091
1335261158202.242,3201539
1335261158202.397,3202987
1335261158202.493,3204435
1335261158202.607,3205883
1335261158202.763,3207331
1335261158202.862,3208779
1335261158202.999,3210227
1335261158203.109,3211675
1335261158203.238,3213123
1335261158203.348,3214571
1335261158203.542,3216019
1335261158203.612,3217467
1335261158203.762,3218915
1335261158203.843,3220363
1335261158203.973,3221811
1335261158204.085,3223259
1335261158204.253,3224707
1335261158204.340,3226155
1335261158204.499,3227603
1335261158204.583,3229051
1335261158204.745,3230499
1335261158204.827,3231947
1335261158204.992,3233395
1335261158205.078,3234843
1335261158205.227,3236291
1335261158205.325,3237739
1335261158205.484,3239187
1335261158205.570,3240635
1335261158205.718,3242083
1335261158205.817,3243531
1335261158205.978,3244979
1335261158206.063,3246427
1335261158206.218,3247875
1335261158206.302,3249323
1335261158206.466,3250771
1335261158206.557,3252219
1335261158206.701,3253667
1335261158206.797,3255115
1335261158206.937,3256563
1335261158207.041,3258011
1335261158207.173,3259459
1335261158207.282,3260907
1335261158207.448,3262355
1335261158207.533,3263803
1335261158207.694,3265251
1335261158207.780,3266699
1335261158207.931,3268147
1335261158208.042,3269595
1335261158208.191,3271043
1335261158208.275,3272491
1335261158208.438,3273939
1335261158208.524,3275387
1335261158208.674,3276835
1335261158208.768,3278283
1335261158208.913,3279731
1335261158209.016,3281179
1335261158209.147,3282627
1335261158209.261,3284075
1335261158209.418,3285523
1335261158209.506,3286971
1335261158209.667,3288419
1335261158209.754,3289867
1335261158209.900,3291315
1335261158209.997,3292763
1335261158210.160,3294211
1335261158210.241,3295659
1335261158210.353,3297107
1335261158210.523,3298555
1335261158210.614,3300003
1335261158210.770,3301451
1335261158210.852,3302899
1335261158211.015,3304347
1335261158211.107,3305795
1335261158211.259,3307243
1335261158211.353,3308691
1335261158211.498,3310139
1335261158211.636,3311587
1335261158211.717,3313035
1335261158211.881,3314483
1335261158211.962,3315931
1335261158212.116,3317379
1335261158212.215,3318827
1335261158212.373,3320275
1335261158212.458,3321723
1335261158212.607,3323171
1335261158212.706,3324619
1335261158212.841,3326067
1335261158212.952,3327515
1335261158213.113,3328963
1335261158213.194,3330411
1335261158213.345,3331859
1335261158213.446,3333307
1335261158213.569,3334755
1335261158213.676,3336203
1335261158213.847,3337651
1335261158213.930,3339099
1335261158214.096,3340547
1335261158214.178,3341995
1335261158214.331,3343443
1335261158214.428,3344891
1335261158214.567,3346339
1335261158214.674,3347787
1335261158214.805,3349235
1335261158214.910,3350683
1335261158215.080,3352131
1335261158215.161,3353579
1335261158215.326,3355027
1335261158215.408,3356475
1335261158215.567,3357923
1335261158215.659,3359371
1335261158215.820,3360819
1335261158215.905,3362267
1335261158216.064,3363715
1335261158216.136,3365163
1335261158216.274,3366611
1335261158216.381,3368059
1335261158216.514,3369507
1335261158216.674,3370955
1335261158216.760,3372403
1335261158216.922,3373851
1335261158217.008,3375299
1335261158217.178,3376747
1335261158217.258,3378195
1335261158217.420,3379643
1335261158217.504,3381091
1335261158217.658,3382539
1335261158217.750,3383987
1335261158217.906,3385435
1335261158217.996,3386883
1335261158218.156,3388331
1335261158218.242,3389779
1335261158218.397,3391227
1335261158218.488,3392675
1335261158218.647,3394123
1335261158218.734,3395571
1335261158218.886,3397019
1335261158218.981,3398467
1335261158219.139,3399915
1335261158219.226,3401363
1335261158219.386,3402811
1335261158219.473,3404259
1335261158219.633,3405707
1335261158219.712,3407155
1335261158219.878,3408603
1335261158219.960,3410051
1335261158220.117,3411499
1335261158220.215,3412947
1335261158220.325,3414395
1335261158220.480,3415843
1335261158220.582,3417291
1335261158220.741,3418739
1335261158220.828,3420187
1335261158220.977,3421635
1335261158221.073,3423083
1335261158221.213,3424531
1335261158221.318,3425979
1335261158221.479,3427427
1335261158221.560,3428875
1335261158221.725,3430323
1335261158221.808,3431771
1335261158221.960,3433219
1335261158222.057,3434667
1335261158222.188,3436115
1335261158222.301,3437563
1335261158222.456,3439011
1335261158222.544,3440459
1335261158222.709,3441907
1335261158222.783,3443355
1335261158222.954,3444803
1335261158223.041,3446251
1335261158223.207,3447699
1335261158223.287,3449147
1335261158223.440,3450595
1335261158223.534,3452043
1335261158223.674,3453491
1335261158223.775,3454939
1335261158223.905,3456387
1335261158224.018,3457835
1335261158224.182,3459283
1335261158224.266,3460731
1335261158224.426,3462179
1335261158224.521,3463627
1335261158224.658,3465075
1335261158224.758,3466523
1335261158224.925,3467971
1335261158225.005,3469419
1335261158225.165,3470867
1335261158225.251,3472315
1335261158225.395,3473763
1335261158225.497,3475211
1335261158225.658,3476659
1335261158225.743,3478107
1335261158225.890,3479555
1335261158225.990,3481003
1335261158226.152,3482451
1335261158226.239,3483899
1335261158226.383,3485347
1335261158226.481,3486795
1335261158226.616,3488243
1335261158226.725,3489691
1335261158226.894,3491139
1335261158226.972,3492587
1335261158227.134,3494035
1335261158227.222,3495483
1335261158227.374,3496931
1335261158227.466,3498379
1335261158227.626,3499827
1335261158227.711,3501275
1335261158227.877,3502723
1335261158227.959,3504171
1335261158228.123,3505619
1335261158228.208,3507067
1335261158228.364,3508515
1335261158228.450,3509963
1335261158228.596,3511411
1335261158228.698,3512859
1335261158228.863,3514307
1335261158228.942,3515755
1335261158229.108,3517203
1335261158229.188,3518651
1335261158229.350,3520099
1335261158229.433,3521547
1335261158229.582,3522995
1335261158229.679,3524443
1335261158229.832,3525891
1335261158229.927,3527339
1335261158230.083,3528787
1335261158230.172,3530235
1335261158230.315,3531683
1335261158230.418,3533131
1335261158230.579,3534579
1335261158230.663,3536027
1335261158230.825,3537475
1335261158230.910,3538923
1335261158231.075,3540371
1335261158231.151,3541819
1335261158231.316,3543267
1335261158231.402,3544715
1335261158231.564,3546163
1335261158231.647,3547611
1335261158231.775,3549059
1335261158231.887,3550507
1335261158232.060,3551955
1335261158232.140,3553403
1335261158232.305,3554851
1335261158232.386,3556299
1335261158232.534,3557747
1335261158232.634,3559195
1335261158232.793,3560643
1335261158232.879,3562091
1335261158233.033,3563836
1335261165472.535,3564165
1335261165472.806,3565613
1335261165472.920,3567061
1335261165473.035,3568509
1335261165473.201,3569957
1335261165473.286,3571405
1335261165473.444,3572853
1335261165473.532,3574301
1335261165473.692,3575749
1335261165473.775,3577197
1335261165473.935,3578645
1335261165474.025,3580093
1335261165474.172,3581541
1335261165474.270,3582989
1335261165474.385,3584437
1335261165474.552,3585885
1335261165474.638,3587333
1335261165474.797,3588781
1335261165474.885,3590229
1335261165475.046,3591677
1335261165475.131,3593125
1335261165475.292,3594573
1335261165475.378,3596021
1335261165475.538,3597469
1335261165475.623,3598917
1335261165475.778,3600365
1335261165475.870,3601813
1335261165476.030,3603261
1335261165476.115,3604709
1335261165476.275,3606157
1335261165476.363,3607605
1335261165476.517,3609053
1335261165476.608,3610501
1335261165476.754,3611949
1335261165476.847,3613397
1335261165477.014,3614845
1335261165477.103,3616293
1335261165477.253,3617741
1335261165477.345,3619189
1335261165477.492,3620637
1335261165477.592,3622085
1335261165477.731,3623533
1335261165477.838,3624981
1335261165477.999,3626429
1335261165478.077,3627877
1335261165478.250,3629372
1335261165478.341,3630820
1335261165478.488,3632268
1335261165478.588,3633716
1335261165478.726,3635164
1335261165478.868,3636612
1335261165478.956,3638060
1335261165479.107,3639508
1335261165479.201,3640956
1335261165479.320,3642404
1335261165479.473,3643852
1335261165479.571,3645300
1335261165479.732,3646748
1335261165479.817,3648196
1335261165479.969,3649644
1335261165480.057,3651092
1335261165480.208,3652540
1335261165480.309,3653988
1335261165480.470,3655436
1335261165480.556,3656884
1335261165480.709,3658332
1335261165480.801,3659780
1335261165480.963,3661228
1335261165481.050,3662676
1335261165481.210,3664124
1335261165481.288,3665572
1335261165481.416,3667020
1335261165481.533,3668468
1335261165481.702,3669916
1335261165481.786,3671364
1335261165481.940,3672812
1335261165482.033,3674260
1335261165482.192,3675708
1335261165482.279,3677156
1335261165482.432,3678604
1335261165482.525,3680052
1335261165482.684,3681500
1335261165482.770,3682948
1335261165482.924,3684396
1335261165483.016,3685844
1335261165483.176,3687292
1335261165483.263,3688740
1335261165483.423,3690188
1335261165483.509,3691636
1335261165483.669,3693084
1335261165483.763,3694532
1335261165483.784,3694908
1335261165483.941,3696356
1335261165484.036,3697804
1335261165484.149,3699252
1335261165484.323,3700700
1335261165484.407,3702148
1335261165484.560,3703596
1335261165484.654,3705044
1335261165484.800,3706492
1335261165484.899,3707940
1335261165485.038,3709388
1335261165485.146,3710836
1335261165485.307,3712284
1335261165485.392,3713732
1335261165485.545,3715180
1335261165485.638,3716628
1335261165485.785,3718076
1335261165485.877,3719524
1335261165486.023,3720972
1335261165486.130,3722420
1335261165486.290,3723868
1335261165486.376,3725316
1335261165486.536,3726764
1335261165486.621,3728212
1335261165486.782,3729660
1335261165486.868,3731108
1335261165487.020,3732556
1335261165487.108,3734004
1335261165487.258,3735452
1335261165487.360,3736900
1335261165487.494,3738348
1335261165487.607,3739796
1335261165487.764,3741244
1335261165487.853,3742692
1335261165488.013,3744140
1335261165488.099,3745588
1335261165488.250,3747036
1335261165488.345,3748484
1335261165488.489,3749932
1335261165488.590,3751380
1335261165488.752,3752828
1335261165488.837,3754276
1335261165488.995,3755724
1335261165489.083,3757172
1335261165489.243,3758620
1335261165489.329,3760068
1335261165489.350,3760444
1335261165489.514,3761892
1335261165489.612,3763340
1335261165489.726,3764788
1335261165489.896,3766236
1335261165489.979,3767684
1335261165490.140,3769132
1335261165490.225,3770580
1335261165490.387,3772028
1335261165490.470,3773476
1335261165490.632,3774924
1335261165490.717,3776372
1335261165490.865,3777820
1335261165490.964,3779268
1335261165491.096,3780716
1335261165491.205,3782164
1335261165491.371,3783612
1335261165491.454,3785060
1335261165491.572,3786508
1335261165491.736,3787956
1335261165491.843,3789404
1335261165491.947,3790852
1335261165492.108,3792300
1335261165492.193,3793748
1335261165492.355,3795196
1335261165492.441,3796644
1335261165492.590,3798092
1335261165492.685,3799540
1335261165492.821,3800988
1335261165492.925,3802436
1335261165493.055,3803884
1335261165493.165,3805332
1335261165493.300,3806780
1335261165493.461,3808228
1335261165493.543,3809676
1335261165493.707,3811124
1335261165493.792,3812572
1335261165493.951,3814020
1335261165494.039,3815468
1335261165494.198,3816916
1335261165494.284,3818364
1335261165494.446,3819812
1335261165494.530,3821260
1335261165494.683,3822708
1335261165494.768,3824156
1335261165494.933,3825980
1335261165495.084,3827428
1335261165495.183,3828876
1335261165495.343,3830324
1335261165495.429,3831772
1335261165495.583,3833220
1335261165495.673,3834668
1335261165495.822,3836116
1335261165495.960,3837564
1335261165496.045,3839012
1335261165496.206,3840460
1335261165496.291,3841908
1335261165496.436,3843356
1335261165496.538,3844804
1335261165496.665,3846252
1335261165496.775,3847700
1335261165496.944,3849148
1335261165497.029,3850596
1335261165497.177,3852044
1335261165497.275,3853492
1335261165497.437,3854940
1335261165497.514,3856388
1335261165497.645,3857836
1335261165497.753,3859284
1335261165497.892,3860732
1335261165498.047,3862180
1335261165498.134,3863628
1335261165498.296,3865076
1335261165498.381,3866524
1335261165498.536,3867972
1335261165498.628,3869420
1335261165498.790,3870868
1335261165498.874,3872316
1335261165499.028,3873764
1335261165499.120,3875212
1335261165499.281,3876660
1335261165499.363,3878108
1335261165499.519,3879556
1335261165499.612,3881004
1335261165499.775,3882452
1335261165499.858,3883900
1335261165500.012,3885348
1335261165500.104,3886796
1335261165500.265,3888244
1335261165500.349,3889692
1335261165500.508,3891140
1335261165500.585,3892588
1335261165500.745,3894036
1335261165500.885,3895484
1335261165500.967,3896932
1335261165501.134,3898380
1335261165501.212,3899828
1335261165501.371,3901276
1335261165501.458,3902724
1335261165501.581,3904172
1335261165501.693,3905620
1335261165501.863,3907068
1335261165501.951,3908516
1335261165502.106,3909964
1335261165502.199,3911412
1335261165502.345,3912860
1335261165502.442,3914308
1335261165502.590,3915756
1335261165502.689,3917204
1335261165502.848,3918652
1335261165502.934,3920100
1335261165503.058,3921548
1335261165503.214,3922996
1335261165503.303,3924444
1335261165503.453,3925892
1335261165503.549,3927340
1335261165503.693,3928788
1335261165503.795,3930236
1335261165503.954,3931684
1335261165504.045,3933132
1335261165504.200,3934580
1335261165504.288,3936028
1335261165504.440,3937476
1335261165504.532,3938924
1335261165504.693,3940372
1335261165504.780,3941820
1335261165504.933,3943268
1335261165505.026,3944716
1335261165505.172,3946164
1335261165505.311,3947612
1335261165505.395,3949060
1335261165505.555,3950508
1335261165505.643,3951956
1335261165505.765,3953404
1335261165505.876,3954852
1335261165506.048,3956300
1335261165506.134,3957748
1335261165506.278,3959196
1335261165506.380,3960644
1335261165506.541,3962092
1335261165506.625,3963540
1335261165506.786,3964988
1335261165506.872,3966436
1335261165507.021,3967884
1335261165507.114,3969332
1335261165507.255,3970780
1335261165507.364,3972228
1335261165507.489,3973676
1335261165507.599,3975124
1335261165507.733,3976572
1335261165507.895,3978020
1335261165507.979,3979468
1335261165508.132,3980916
1335261165508.225,3982364
1335261165508.372,3983812
1335261165508.512,3985260
1335261165508.594,3986708
1335261165508.717,3988156
1335261165508.878,3989604
1335261165508.962,3991052
1335261165509.116,3992500
1335261165509.211,3993948
1335261165509.354,3995396
1335261165509.494,3996844
1335261165509.578,3998292
1335261165509.700,3999740
1335261165509.857,4001188
1335261165509.950,4002636
1335261165510.106,4004084
1335261165510.191,4005532
1335261165510.350,4006980
1335261165510.439,4008428
1335261165510.598,4009876
1335261165510.686,4011324
1335261165510.835,4012772
1335261165510.932,4014220
1335261165511.091,4015668
1335261165511.177,4017116
1335261165511.332,4018564
1335261165511.424,4020012
1335261165511.571,4021460
1335261165511.708,4022908
1335261165511.792,4024356
1335261165511.941,4025804
1335261165512.039,4027252
1335261165512.200,4028700
1335261165512.286,4030148
1335261165512.447,4031596
1335261165512.531,4033044
1335261165512.681,4034492
1335261165512.768,4035940
1335261165512.914,4037388
1335261165513.022,4038836
1335261165513.147,4040284
1335261165513.310,4041732
1335261165513.392,4043180
1335261165513.549,4044628
1335261165513.638,4046076
1335261165513.788,4047524
1335261165513.884,4048972
1335261165514.028,4050420
1335261165514.168,4051868
1335261165514.252,4053316
1335261165514.401,4054764
1335261165514.502,4056212
1335261165514.662,4057660
1335261165514.746,4059108
1335261165514.907,4060556
1335261165514.992,4062004
1335261165515.140,4063452
1335261165515.239,4064900
1335261165515.400,4066348
1335261165515.485,4067796
1335261165515.647,4069244
1335261165515.730,4070692
1335261165515.892,4072140
1335261165515.976,4073588
1335261165516.125,4075036
1335261165516.223,4076484
1335261165516.336,4077932
1335261165516.490,4079380
1335261165516.592,4080828
1335261165516.753,4082276
1335261165516.835,4083724
1335261165516.997,4085172
1335261165517.083,4086620
1335261165517.243,4088068
1335261165517.330,4089516
1335261165517.474,4090964
1335261165517.574,4092412
1335261165517.735,4093860
1335261165517.825,4095308
1335261165517.981,4096756
1335261165518.068,4098204
1335261165518.227,4099652
1335261165518.314,4101100
1335261165518.466,4102548
1335261165518.559,4103996
1335261165518.721,4105444
1335261165518.807,4106892
1335261165518.964,4108340
1335261165519.052,4109788
1335261165519.204,4111236
1335261165519.298,4112684
1335261165519.459,4114132
1335261165519.545,4115580
1335261165519.704,4117028
1335261165519.793,4118476
1335261165519.942,4119924
1335261165520.035,4121372
1335261165520.195,4122820
1335261165520.284,4124268
1335261165520.436,4125716
1335261165520.528,4127164
1335261165520.688,4128612
1335261165520.777,4130060
1335261165520.913,4131508
1335261165521.057,4132956
1335261165521.143,4134404
1335261165521.301,4135852
1335261165521.389,4137300
1335261165521.542,4138748
1335261165521.637,4140196
1335261165521.803,4141644
1335261165521.873,4143092
1335261165522.031,4144540
1335261165522.128,4145988
1335261165522.289,4147436
1335261165522.374,4148884
1335261165522.534,4150332
1335261165522.620,4151780
1335261165522.775,4153228
1335261165522.866,4154676
1335261165523.027,4156124
1335261165523.113,4157572
1335261165523.255,4159020
1335261165523.358,4160468
1335261165523.520,4161916
1335261165523.604,4163364
1335261165523.767,4164812
1335261165523.851,4166260
1335261165523.999,4167708
1335261165524.097,4169156
1335261165524.259,4170604
1335261165524.344,4172052
1335261165524.487,4173500
1335261165524.589,4174948
1335261165524.753,4176396
1335261165524.834,4177844
1335261165524.989,4179292
1335261165525.080,4180740
1335261165525.241,4182188
1335261165525.327,4183636
1335261165525.486,4185084
1335261165525.574,4186532
1335261165525.736,4187980
1335261165525.819,4189428
1335261165525.980,4190876
1335261165526.066,4192324
1335261165526.224,4193772
1335261165526.311,4195220
1335261165526.470,4196668
1335261165526.553,4198116
1335261165526.704,4199564
1335261165526.803,4201012
1335261165526.964,4202460
1335261165527.049,4203908
1335261165527.209,4205356
1335261165527.293,4206804
1335261165527.454,4208252
1335261165527.541,4209700
1335261165527.704,4211148
1335261165527.787,4212596
1335261165527.946,4214044
1335261165528.035,4215492
1335261165528.193,4216940
1335261165528.280,4218388
1335261165528.438,4219836
1335261165528.524,4221284
1335261165528.671,4222732
1335261165528.772,4224180
1335261165528.932,4225628
1335261165529.017,4227076
1335261165529.178,4228524
1335261165529.264,4229972
1335261165529.408,4231420
1335261165529.510,4232868
1335261165529.674,4234316
1335261165529.754,4235764
1335261165529.916,4237212
1335261165530.003,4238660
1335261165530.162,4240108
1335261165530.247,4241556
1335261165530.402,4243004
1335261165530.494,4244452
1335261165530.608,4245900
1335261165530.761,4247348
1335261165530.864,4248796
1335261165531.021,4250244
1335261165531.109,4251692
1335261165531.262,4253140
1335261165531.355,4254588
1335261165531.516,4256036
1335261165531.604,4257484
1335261165531.762,4258932
1335261165531.848,4260380
1335261165532.007,4261828
1335261165532.094,4263276
1335261165532.247,4264724
1335261165532.340,4266172
1335261165532.501,4267620
1335261165532.589,4269068
1335261165532.731,4270516
1335261165532.833,4271964
1335261165532.993,4273412
1335261165533.078,4274860
1335261165533.233,4276308
1335261165533.324,4277756
1335261165533.483,4279204
1335261165533.572,4280652
1335261165533.721,4282100
1335261165533.816,4283548
1335261165533.978,4284996
1335261165534.063,4286444
1335261165534.222,4287892
1335261165534.309,4289340
1335261165534.462,4290788
1335261165534.556,4292236
1335261165534.701,4293684
1335261165534.800,4295132
1335261165534.962,4296580
1335261165535.047,4298028
1335261165535.191,4299476
1335261165535.293,4300924
1335261165535.454,4302372
1335261165535.542,4303820
1335261165535.686,4305268
1335261165535.784,4306716
1335261165535.945,4308164
1335261165536.032,4309612
1335261165536.190,4311060
1335261165536.273,4312508
1335261165536.421,4313956
1335261165536.525,4315404
1335261165536.687,4316852
1335261165536.769,4318300
1335261165536.916,4319748
1335261165537.015,4321196
1335261165537.175,4322644
1335261165537.263,4324092
1335261165537.414,4325540
1335261165537.505,4326988
1335261165537.667,4328436
1335261165537.755,4329884
1335261165537.912,4331332
1335261165538.000,4332780
1335261165538.159,4334228
1335261165538.244,4335676
1335261165538.390,4337124
1335261165538.495,4338572
1335261165538.602,4340020
1335261165538.757,4341468
1335261165538.854,4342916
1335261165539.017,4344364
1335261165539.107,4345812
1335261165539.254,4347260
1335261165539.354,4348708
1335261165539.517,4350156
1335261165539.599,4351604
1335261165539.746,4353052
1335261165539.847,4354500
1335261165540.008,4355948
1335261165540.092,4357396
1335261165540.251,4358844
1335261165540.337,4360292
1335261165540.499,4361740
1335261165540.584,4363188
1335261165540.729,4364636
1335261165540.829,4366084
1335261165540.990,4367532
1335261165541.076,4368980
1335261165541.223,4370428
1335261165541.322,4371876
1335261165541.487,4373324
1335261165541.567,4374772
1335261165541.726,4376220
1335261165541.828,4377668
1335261165541.928,4379116
1335261165542.096,4380564
1335261165542.184,4382012
1335261165542.335,4383460
1335261165542.432,4384908
1335261165542.540,4386356
1335261165542.695,4387804
1335261165542.798,4389252
1335261165542.958,4390700
1335261165543.045,4392148
1335261165543.199,4393596
1335261165543.292,4395044
1335261165543.403,4396492
1335261165543.555,4397940
1335261165543.660,4399388
1335261165543.819,4400836
1335261165543.906,4402284
1335261165544.059,4403732
1335261165544.152,4405180
1335261165544.261,4406628
1335261165544.419,4408076
1335261165544.521,4409524
1335261165544.681,4410972
1335261165544.767,4412420
1335261165544.913,4413868
1335261165545.013,4415316
1335261165545.172,4416764
1335261165545.259,4418212
1335261165545.414,4419660
1335261165545.504,4421108
1335261165545.651,4422556
1335261165545.751,4424004
1335261165545.913,4425452
1335261165545.993,4426900
1335261165546.143,4428348
1335261165546.244,4429796
1335261165546.392,4431244
1335261165546.491,4432692
1335261165546.652,4434140
1335261165546.734,4435588
1335261165546.896,4437036
1335261165546.982,4438484
1335261165547.141,4439932
1335261165547.223,4441380
1335261165547.391,4442828
1335261165547.474,4444276
1335261165547.626,4445724
1335261165547.719,4447172
1335261165547.881,4448620
1335261165547.964,4450068
1335261165548.088,4451516
1335261165548.250,4452964
1335261165548.337,4454412
1335261165548.489,4455860
1335261165548.574,4457308
1335261165548.740,4458756
1335261165548.828,4460204
1335261165548.972,4461652
1335261165549.074,4463100
1335261165549.185,4464548
1335261165549.360,4465996
1335261165549.443,4467444
1335261165549.602,4468892
1335261165549.688,4470340
1335261165549.848,4471788
1335261165549.935,4473236
1335261165550.094,4474684
1335261165550.181,4476132
1335261165550.336,4477580
1335261165550.416,4479028
1335261165550.587,4480476
1335261165550.673,4481924
1335261165550.820,4483372
1335261165550.919,4484820
1335261165551.028,4486268
1335261165551.185,4487716
1335261165551.290,4489164
1335261165551.449,4490612
1335261165551.534,4492060
1335261165551.691,4493508
1335261165551.780,4494956
1335261165551.939,4496404
1335261165552.027,4497852
1335261165552.184,4499300
1335261165552.275,4500748
1335261165552.415,4502196
1335261165552.519,4503644
1335261165552.678,4505092
1335261165552.764,4506540
1335261165552.908,4507988
1335261165553.011,4509436
1335261165553.119,4510884
1335261165553.279,4512332
1335261165553.379,4513780
1335261165553.489,4515228
1335261165553.662,4516676
1335261165553.749,4518124
1335261165553.908,4519572
1335261165553.994,4521020
1335261165554.147,4522468
1335261165554.243,4523916
1335261165554.349,4525364
1335261165554.524,4526812
1335261165554.610,4528260
1335261165554.769,4529708
1335261165554.855,4531156
1335261165555.008,4532604
1335261165555.102,4534052
1335261165555.265,4535500
1335261165555.348,4536948
1335261165555.494,4538396
1335261165555.592,4539844
1335261165555.756,4541292
1335261165555.841,4542740
1335261165555.988,4544188
1335261165556.087,4545636
1335261165556.204,4547084
1335261165556.368,4548532
1335261165556.454,4549980
1335261165556.615,4551428
1335261165556.701,4552876
1335261165556.849,4554324
1335261165556.943,4555772
1335261165557.107,4557220
1335261165557.197,4558668
1335261165557.348,4560116
1335261165557.439,4561564
1335261165557.600,4563012
1335261165557.685,4564460
1335261165557.845,4565908
1335261165557.931,4567356
1335261165558.091,4568804
1335261165558.181,4570252
1335261165558.337,4571700
1335261165558.424,4573148
1335261165558.583,4574596
1335261165558.671,4576044
1335261165558.829,4577492
1335261165558.915,4578940
1335261165559.067,4580388
1335261165559.166,4581836
1335261165559.273,4583284
1335261165559.445,4584732
1335261165559.524,4586180
1335261165559.685,4587628
1335261165559.778,4589076
1335261165559.938,4590524
1335261165560.024,4591972
1335261165560.145,4593420
1335261165560.297,4594868
1335261165560.393,4596316
1335261165560.555,4597764
1335261165560.639,4599212
1335261165560.784,4600660
1335261165560.885,4602108
1335261165560.995,4603556
1335261165561.154,4605004
1335261165561.254,4606452
1335261165561.414,4607900
1335261165561.501,4609348
1335261165561.659,4610796
1335261165561.746,4612244
1335261165561.896,4613692
1335261165561.992,4615140
1335261165562.159,4616588
1335261165562.239,4618036
1335261165562.395,4619484
1335261165562.485,4620932
1335261165562.633,4622380
1335261165562.731,4623828
1335261165562.892,4625276
1335261165562.975,4626724
1335261165563.126,4628172
1335261165563.222,4629620
1335261165563.383,4631068
1335261165563.469,4632516
1335261165563.628,4633964
1335261165563.714,4635412
1335261165563.874,4636860
1335261165563.962,4638308
1335261165564.115,4639756
1335261165564.208,4641204
1335261165564.366,4642652
1335261165564.453,4644100
1335261165564.612,4645548
1335261165564.699,4646996
1335261165564.858,4648444
1335261165564.944,4649892
1335261165565.107,4651340
1335261165565.191,4652788
1335261165565.339,4654236
1335261165565.438,4655684
1335261165565.546,4657132
1335261165565.702,4658580
1335261165565.806,4660028
1335261165565.964,4661476
1335261165566.055,4662924
1335261165566.206,4664372
1335261165566.300,4665820
1335261165566.410,4667268
1335261165566.563,4668716
1335261165566.663,4670164
1335261165566.828,4671612
1335261165566.914,4673060
1335261165567.076,4674508
1335261165567.160,4675956
1335261165567.306,4677404
1335261165567.404,4678852
1335261165567.565,4680300
1335261165567.651,4681748
1335261165567.811,4683196
1335261165567.892,4684644
1335261165568.043,4686092
1335261165568.144,4687540
1335261165568.306,4688988
1335261165568.390,4690436
1335261165568.534,4691884
1335261165568.635,4693332
1335261165568.795,4694780
1335261165568.882,4696228
1335261165569.037,4697676
1335261165569.128,4699124
1335261165569.271,4700572
1335261165569.374,4702020
1335261165569.538,4703468
1335261165569.620,4704916
1335261165569.781,4706364
1335261165569.864,4707812
1335261165570.028,4709260
1335261165570.113,4710708
1335261165570.272,4712156
1335261165570.358,4713604
1335261165570.512,4715052
1335261165570.603,4716500
1335261165570.766,4717948
1335261165570.851,4719396
1335261165571.003,4720844
1335261165571.087,4722292
1335261165571.233,4723740
1335261165571.341,4725188
1335261165571.501,4726636
1335261165571.589,4728084
1335261165571.740,4729532
1335261165571.835,4730980
1335261165571.948,4732428
1335261165572.117,4733876
1335261165572.204,4735324
1335261165572.361,4736772
1335261165572.451,4738220
1335261165572.604,4739668
1335261165572.695,4741116
1335261165572.856,4742564
1335261165572.944,4744012
1335261165573.096,4745460
1335261165573.188,4746908
1335261165573.348,4748356
1335261165573.434,4749804
1335261165573.588,4751252
1335261165573.680,4752700
1335261165573.834,4754148
1335261165573.938,4755596
1335261165574.047,4757044
1335261165574.202,4758492
1335261165574.295,4759940
1335261165574.455,4761388
1335261165574.541,4762836
1335261165574.696,4764284
1335261165574.779,4765732
1335261165574.933,4767180
1335261165575.032,4768628
1335261165575.192,4770076
1335261165575.283,4771524
1335261165575.432,4772972
1335261165575.525,4774420
1335261165575.686,4775868
1335261165575.773,4777316
1335261165575.934,4778764
1335261165576.018,4780212
1335261165576.162,4781660
1335261165576.265,4783108
1335261165576.424,4784556
1335261165576.510,4786004
1335261165576.663,4787452
1335261165576.756,4788900
1335261165576.918,4790348
1335261165577.001,4791796
1335261165577.146,4793244
1335261165577.248,4794692
1335261165577.404,4796140
1335261165577.494,4797588
1335261165577.654,4799036
1335261165577.740,4800484
1335261165577.895,4801932
1335261165577.986,4803380
1335261165578.147,4804828
1335261165578.232,4806276
1335261165578.393,4807724
1335261165578.479,4809172
1335261165578.631,4810620
1335261165578.724,4812068
1335261165578.886,4813516
1335261165578.964,4814964
1335261165579.129,4816412
1335261165579.217,4817860
1335261165579.376,4819308
1335261165579.463,4820756
1335261165579.614,4822204
1335261165579.709,4823652
1335261165579.874,4825100
1335261165579.956,4826548
1335261165580.115,4827996
1335261165580.202,4829444
1335261165580.354,4830892
1335261165580.449,4832340
1335261165580.608,4833788
1335261165580.693,4835236
1335261165580.856,4836684
1335261165580.939,4838132
1335261165581.086,4839580
1335261165581.185,4841028
1335261165581.345,4842476
1335261165581.431,4843924
1335261165581.584,4845372
1335261165581.678,4846820
1335261165581.789,4848268
1335261165581.943,4849716
1335261165582.037,4851164
1335261165582.206,4852612
1335261165582.293,4854060
1335261165582.452,4855508
1335261165582.538,4856956
1335261165582.698,4858404
1335261165582.791,4859852
1335261165582.937,4861300
1335261165583.031,4862748
1335261165583.191,4864196
1335261165583.268,4865644
1335261165583.436,4867092
1335261165583.523,4868540
1335261165583.674,4869988
1335261165583.773,4871436
1335261165583.886,4872884
1335261165584.062,4874332
1335261165584.139,4875780
1335261165584.297,4877228
1335261165584.383,4878676
1335261165584.536,4880124
1335261165584.629,4881572
1335261165584.781,4883020
1335261165584.876,4884468
1335261165585.036,4885916
1335261165585.124,4887364
1335261165585.290,4888812
1335261165585.375,4890260
1335261165585.529,4891708
1335261165585.614,4893156
1335261165585.779,4894604
1335261165585.862,4896052
1335261165586.007,4897500
1335261165586.110,4898948
1335261165586.272,4900396
1335261165586.354,4901844
1335261165586.513,4903292
1335261165586.606,4904740
1335261165586.770,4906188
1335261165586.852,4907636
1335261165587.002,4909084
1335261165587.097,4910532
1335261165587.207,4911980
1335261165587.365,4913428
1335261165587.465,4914876
1335261165587.575,4916324
1335261165587.751,4917772
1335261165587.836,4919220
1335261165587.994,4920668
1335261165588.079,4922116
1335261165588.240,4923564
1335261165588.326,4925012
1335261165588.473,4926460
1335261165588.574,4927908
1335261165588.687,4929356
1335261165588.840,4930804
1335261165588.944,4932252
1335261165589.100,4933700
1335261165589.184,4935148
1335261165589.348,4936596
1335261165589.434,4938044
1335261165589.581,4939492
1335261165589.681,4940940
1335261165589.791,4942388
1335261165589.946,4943836
1335261165590.050,4945284
1335261165590.214,4946732
1335261165590.296,4948180
1335261165590.444,4949628
1335261165590.528,4951076
1335261165590.706,4952524
1335261165590.784,4953972
1335261165590.937,4955420
1335261165591.029,4956868
1335261165591.189,4958316
1335261165591.277,4959764
1335261165591.441,4961212
1335261165591.528,4962660
1335261165591.689,4964108
1335261165591.768,4965556
1335261165591.926,4967004
1335261165592.014,4968452
1335261165592.173,4969900
1335261165592.259,4971348
1335261165592.411,4972796
1335261165592.441,4973611
1335261165592.619,4975059
1335261165592.695,4976507
1335261165592.853,4977955
1335261165749.040,4979403
1335261165752.899,4980851
1335261165752.964,4982299
1335261165757.314,4983747
1335261165757.382,4985195
1335261165757.501,4986643
1335261165757.666,4988091
1335261165761.193,4989539
1335261165761.260,4990987
1335261165761.412,4992435
1335261165762.172,4993883
1335261165762.242,4995331
1335261165762.404,4996779
1335261165765.062,4998227
1335261165765.132,4999675
1335261165765.279,5001123
1335261165765.379,5002571
1335261165765.972,5004019
1335261165766.054,5005467
1335261165766.216,5006915
1335261165766.300,5008363
1335261165766.459,5009811
1335261165766.548,5011259
1335261165766.698,5012707
1335261165766.783,5014155
1335261165769.094,5015603
1335261165769.162,5017051
1335261165769.326,5018499
1335261165769.414,5019947
1335261165769.560,5021395
1335261165769.656,5022843
1335261165769.809,5024291
1335261165769.954,5025739
1335261165770.046,5027187
1335261165770.208,5028635
1335261165770.293,5030083
1335261165770.453,5031531
1335261165770.531,5032979
1335261165770.699,5034427
1335261165770.785,5035875
1335261165770.938,5037323
1335261165771.033,5038771
1335261165771.142,5040219
1335261165771.315,5041667
1335261165771.401,5043115
1335261165772.903,5044563
1335261165772.971,5046011
1335261165773.128,5047459
1335261165773.220,5048907
1335261165773.383,5050355
1335261165773.467,5051803
1335261165773.614,5053251
1335261165773.712,5054699
1335261165773.849,5056147
1335261165773.958,5057595
1335261165774.113,5059043
1335261165774.204,5060491
1335261165774.370,5061939
1335261165774.453,5063387
1335261165774.610,5064835
1335261165774.697,5066283
1335261165774.850,5067731
1335261165774.944,5069179
1335261165775.103,5070627
1335261165775.180,5072075
1335261165775.351,5073523
1335261165775.436,5074971
1335261165775.596,5076419
1335261165775.682,5077867
1335261165775.835,5079315
1335261165775.927,5080763
1335261165776.075,5082211
1335261165776.174,5083659
1335261165776.335,5085107
1335261165776.409,5086555
1335261165776.580,5088003
1335261165776.666,5089451
1335261165776.825,5090899
1335261165776.912,5092347
1335261165777.071,5093795
1335261165777.158,5095243
1335261165777.318,5096691
1335261165777.405,5098139
1335261165777.564,5099587
1335261165777.640,5101035
1335261165777.810,5102483
1335261165777.899,5103931
1335261165778.056,5105379
1335261165778.142,5106827
1335261165778.302,5108275
1335261165778.390,5109723
1335261165778.548,5111171
1335261165778.634,5112619
1335261165778.794,5114067
1335261165778.881,5115515
1335261165779.039,5116963
1335261165779.124,5118411
1335261165779.269,5119859
1335261165779.373,5121307
1335261165779.533,5122755
1335261165779.619,5124203
1335261165779.755,5125651
1335261165779.901,5127099
1335261165779.987,5128547
1335261165780.147,5129995
1335261165780.234,5131443
1335261165780.383,5132891
1335261165780.480,5134339
1335261165780.642,5135787
1335261165780.725,5137235
1335261165780.867,5138683
1335261165781.010,5140131
1335261165781.094,5141579
1335261165781.241,5143027
1335261165781.342,5144475
1335261165781.504,5145923
1335261165781.587,5147371
1335261165781.735,5148819
1335261165781.835,5150267
1335261165781.996,5151715
1335261165782.079,5153163
1335261165782.225,5154611
1335261165782.325,5156059
1335261165782.487,5157507
1335261165782.572,5158955
1335261165782.730,5160403
1335261165782.816,5161851
1335261165782.977,5163299
1335261165783.056,5164747
1335261165783.224,5166195
1335261165783.310,5167643
1335261165783.463,5169091
1335261165783.555,5170539
1335261165783.713,5171987
1335261165783.802,5173435
1335261165783.955,5174883
1335261165784.047,5176331
1335261165784.210,5177779
1335261165784.286,5179227
1335261165784.454,5180675
1335261165784.540,5182123
1335261165784.699,5183571
1335261165784.786,5185019
1335261165784.938,5186467
1335261165785.032,5187915
1335261165785.186,5189363
1335261165785.281,5190811
1335261165785.431,5192259
1335261165785.525,5193707
1335261165785.686,5195155
1335261165785.771,5196603
1335261165785.932,5198051
1335261165786.017,5199499
1335261165786.175,5200947
1335261165786.263,5202395
1335261165786.414,5203843
1335261165786.509,5205291
1335261165786.670,5206739
1335261165786.755,5208187
1335261165786.898,5209635
1335261165787.002,5211083
1335261165787.162,5212531
1335261165787.247,5213979
1335261165787.406,5215427
1335261165787.494,5216875
1335261165787.645,5218323
1335261165787.741,5219771
1335261165787.893,5221219
1335261165787.985,5222667
1335261165788.148,5224115
1335261165788.232,5225563
1335261165788.377,5227011
1335261165788.477,5228459
1335261165788.637,5229907
1335261165788.723,5231355
1335261165788.873,5232803
1335261165788.970,5234251
1335261165789.113,5235699
1335261165789.254,5237147
1335261165789.339,5238595
1335261165789.486,5240043
1335261165789.584,5241491
1335261165789.744,5242939
1335261165789.833,5244387
1335261165789.983,5245835
1335261165790.074,5247283
1335261165790.235,5248731
1335261165790.322,5250179
1335261165790.475,5251627
1335261165790.569,5253075
1335261165790.731,5254523
1335261165790.815,5255971
1335261165790.975,5257419
1335261165791.063,5258867
1335261165791.223,5260315
1335261165791.307,5261763
1335261165791.468,5263211
1335261165791.553,5264659
1335261165791.697,5266107
1335261165791.800,5267555
1335261165791.923,5269003
1335261165792.083,5270451
1335261165792.167,5271899
1335261165792.315,5273347
1335261165792.415,5274795
1335261165792.574,5276243
1335261165792.661,5277691
1335261165792.813,5279139
1335261165792.907,5280587
1335261165793.071,5282035
1335261165793.154,5283483
1335261165793.313,5284931
1335261165793.399,5286379
1335261165793.544,5287827
1335261165793.646,5289275
1335261165793.778,5290723
1335261165793.889,5292171
1335261165794.037,5293619
1335261165794.139,5295067
1335261165794.297,5296515
1335261165794.384,5297963
1335261165794.529,5299411
1335261165794.627,5300859
1335261165794.790,5302307
1335261165794.877,5303755
1335261165795.023,5305203
1335261165795.121,5306651
1335261165795.283,5308099
1335261165795.369,5309547
1335261165795.529,5310995
1335261165795.614,5312443
1335261165795.763,5313891
1335261165795.850,5315339
1335261165796.021,5316787
1335261165796.105,5318235
1335261165796.253,5319683
1335261165796.352,5321131
1335261165796.512,5322579
1335261165796.598,5324027
1335261165796.759,5325475
1335261165796.844,5326923
1335261165796.995,5328371
1335261165797.080,5329819
1335261165797.229,5331267
1335261165797.336,5332715
1335261165797.460,5334163
1335261165797.569,5335611
1335261165797.744,5337059
1335261165797.829,5338507
1335261165797.978,5339955
1335261165798.074,5341403
1335261165798.210,5342851
1335261165798.311,5344299
1335261165798.491,5345925
