0.041,0
0.057,279
0.070,302
0.081,311
0.090,439
0.108,576
0.124,851
0.203,937
3.862,2385
3.910,3833
4.080,5281
4.167,6729
4.319,8177
4.418,9625
7.655,11073
7.723,12521
7.875,13969
7.968,15417
8.136,16865
8.221,18313
8.375,19761
8.467,21209
8.628,22657
8.708,24105
8.862,25553
8.960,27001
9.229,29897
9.489,32793
9.735,35689
11.532,37137
11.769,40033
12.057,42929
12.284,45825
12.518,48721
12.777,51617
13.022,54513
13.272,57409
13.515,60305
13.765,63201
14.011,66097
14.254,68993
14.489,71889
14.724,74785
14.962,77681
15.236,80577
15.483,83473
15.716,86369
16.391,89265
16.636,92161
17.059,96505
17.252,99401
17.536,102297
17.781,105193
18.034,108089
18.274,110985
18.483,113881
18.761,116777
18.992,119673
19.257,122569
19.505,125465
19.585,126913
19.741,128361
19.832,129809
19.994,131257
20.077,132705
20.241,134153
20.326,135601
20.487,137049
20.573,138497
20.721,139945
20.819,141393
20.930,142841
21.090,144289
21.189,145737
21.296,147185
21.458,148633
21.560,150081
21.668,151529
21.824,152977
21.922,154425
22.082,155873
22.168,157321
22.320,158769
22.409,160217
22.550,161665
22.656,163113
22.819,164561
22.907,166009
23.061,167457
23.150,168905
23.313,170353
23.399,171801
23.557,173249
23.645,174697
23.791,176145
23.893,177593
24.035,179041
24.136,180489
24.297,181937
24.381,183385
24.667,186281
24.900,189177
25.129,192073
25.403,194969
25.650,197865
25.898,200761
26.135,203657
26.398,206553
26.635,209449
26.875,212345
27.125,215241
27.367,218137
27.620,221033
27.851,223929
28.082,226825
28.322,229721
28.565,232617
28.811,235513
29.058,238409
29.303,241305
29.546,244201
29.709,245649
29.795,247097
29.955,248545
30.050,249993
30.200,251441
30.289,252889
30.447,254337
30.534,255785
30.693,257233
30.781,258681
30.941,260129
31.026,261577
31.186,263025
31.272,264473
31.425,265921
31.518,267369
31.678,268817
31.764,270265
31.925,271713
32.172,274609
32.416,277505
32.629,280401
32.908,283297
33.141,286193
33.369,289089
33.648,291985
33.886,294881
34.141,297777
34.385,300673
34.632,303569
34.841,306465
35.086,309361
35.323,312257
35.579,315153
35.824,318049
36.070,320945
36.317,323841
36.552,326737
36.841,329633
37.091,332529
37.338,335425
37.584,338321
37.829,341217
38.067,344113
38.322,347009
38.529,349905
38.813,352801
39.021,355697
39.297,358593
39.537,361489
39.763,364385
40.043,367281
40.288,370177
40.528,373073
40.781,375969
41.027,378865
41.273,381761
41.519,384657
41.727,387553
42.012,390449
42.259,393345
42.468,396241
42.714,399137
42.960,402033
43.199,404929
43.489,407825
43.730,410721
43.958,413617
44.190,416513
44.429,419409
44.685,422305
44.967,425201
45.196,428097
45.423,430993
45.670,433889
45.914,436785
46.159,439681
46.437,442577
46.689,445473
46.935,448369
47.173,451265
47.403,454161
47.635,457057
47.882,459953
48.128,462849
48.373,465745
48.620,468641
48.905,471537
49.149,474433
49.388,477329
49.619,480225
49.888,483121
50.127,486017
50.381,488913
50.618,491809
50.846,494705
51.081,497601
51.326,500497
51.570,503393
51.819,506289
52.065,509185
52.348,512081
52.588,514977
52.842,517873
53.070,520769
53.298,523665
53.539,526561
53.787,529457
54.032,532353
54.314,535249
54.542,538145
54.812,541041
55.056,543937
55.300,546833
55.547,549729
55.792,552625
56.001,555521
56.247,558417
56.492,561313
56.778,564209
57.022,567105
57.265,570001
57.476,572897
57.753,575793
57.994,578689
58.221,581585
58.499,584481
58.738,587377
58.990,590273
59.200,593169
59.359,594617
59.445,596065
59.608,597513
59.694,598961
59.853,600409
59.936,601857
60.098,603305
60.184,604753
60.345,606201
60.432,607649
60.585,609097
60.677,610545
60.835,611993
60.923,613441
61.081,614889
61.168,616337
61.328,617785
61.414,619233
61.574,620681
61.662,622129
61.820,623577
61.905,625025
62.050,626473
62.153,627921
62.313,629369
62.400,630817
62.549,632265
62.645,633713
62.805,635161
62.891,636609
63.043,638057
63.138,639505
63.295,640953
63.383,642401
63.536,643849
63.629,645297
63.788,646745
63.867,648193
64.035,649641
64.122,651089
64.273,652537
64.366,653985
64.526,655433
64.612,656881
64.772,658329
64.859,659777
65.019,661225
65.105,662673
65.259,664121
65.351,665569
65.510,667017
65.597,668465
65.755,669913
65.844,671361
66.002,672809
66.089,674257
66.243,675705
66.338,677153
66.496,678601
66.584,680049
66.734,681497
66.827,682945
66.974,684393
67.074,685841
67.231,687289
67.320,688737
67.471,690185
67.567,691633
67.728,693081
67.812,694529
67.972,695977
68.062,697425
68.223,698873
68.305,700321
68.458,701769
68.553,703217
68.712,704665
68.957,707561
69.206,710457
69.452,713353
69.687,716249
69.927,719145
70.150,722041
70.397,724937
70.645,727833
70.889,730729
71.138,733625
71.384,736521
71.631,739417
71.875,742313
72.123,745209
72.368,748105
72.614,751001
72.861,753897
73.106,756793
73.391,759689
73.635,762585
73.862,765481
74.126,768377
74.335,771273
74.580,774169
74.827,777065
75.112,779961
75.343,782857
75.563,785753
75.810,788649
76.096,791545
76.352,794441
76.598,797337
76.830,800233
77.066,803129
77.658,810369
77.815,811817
78.025,814713
78.273,817609
78.518,820505
78.764,823401
79.010,826297
79.295,829193
79.534,832089
79.766,834985
80.032,837881
80.279,840777
80.525,843673
80.770,846569
81.012,849465
81.240,852361
81.514,855257
81.741,858153
81.969,861049
82.247,863945
82.494,866841
82.725,869737
82.955,872633
83.192,875529
83.439,878425
83.686,881321
83.931,884217
84.218,887113
84.449,890009
84.710,892905
84.941,895801
85.171,898697
85.448,901593
85.695,904489
85.924,907385
86.154,910281
86.430,913177
86.678,916073
86.922,918969
87.170,921865
87.419,924761
87.662,927657
87.910,930553
88.156,933449
88.403,936345
88.650,939241
88.882,942137
89.130,945033
89.376,947929
89.605,950825
89.875,953721
90.113,956617
90.360,959513
90.614,962409
90.822,965305
91.068,968201
91.315,971097
91.560,973993
91.807,976889
92.051,979785
92.297,982681
92.583,985577
92.814,988473
93.074,991369
93.322,994265
93.569,997161
93.798,1000057
94.057,1002953
94.304,1005849
94.550,1008745
94.759,1011641
95.005,1014537
95.250,1017433
95.497,1020329
95.743,1023225
95.990,1026121
96.234,1029017
96.520,1031913
96.729,1034809
96.972,1037705
97.220,1040601
97.509,1043497
97.589,1044945
97.748,1046393
97.835,1047841
97.987,1049289
98.081,1050737
98.242,1052185
98.326,1053633
98.487,1055081
98.564,1056529
98.734,1057977
98.819,1059425
98.979,1060873
99.065,1062321
99.227,1063769
99.314,1065217
99.472,1066665
99.558,1068113
99.722,1069561
99.804,1071009
99.950,1072457
100.048,1073905
100.210,1075353
100.300,1076801
100.449,1078249
100.542,1079697
100.702,1081145
100.788,1082593
100.947,1084041
101.036,1085489
101.193,1086937
101.278,1088385
101.438,1089833
101.525,1091281
101.678,1092729
101.771,1094177
101.932,1095625
102.034,1097073
102.138,1098521
102.303,1099969
102.386,1101417
102.546,1102865
102.626,1104313
102.777,1105761
102.883,1107209
103.023,1108657
103.164,1110105
103.253,1111553
103.406,1113001
103.496,1114449
103.655,1115897
103.744,1117345
103.891,1118793
103.981,1120241
104.148,1121689
104.237,1123137
104.393,1124585
104.481,1126033
104.635,1127481
104.725,1128929
104.887,1130377
104.975,1131825
105.132,1133273
105.214,1134721
105.371,1136169
105.465,1137617
105.627,1139065
105.711,1140513
105.868,1141961
105.956,1143409
106.117,1144857
106.206,1146305
106.356,1147753
106.447,1149201
106.609,1150649
106.695,1152097
106.855,1153545
106.944,1154993
107.094,1156441
107.189,1157889
107.350,1159337
107.431,1160785
107.582,1162233
107.681,1163681
107.841,1165129
107.925,1166577
108.072,1168025
108.173,1169473
108.334,1170921
108.416,1172369
108.571,1173817
108.663,1175265
108.828,1176713
108.916,1178161
109.052,1179609
109.200,1181057
109.280,1182505
109.433,1183953
109.513,1185401
109.674,1186849
109.769,1188297
109.931,1189745
110.016,1191193
110.170,1192641
110.261,1194089
110.422,1195537
110.508,1196985
110.661,1198433
110.753,1199881
110.912,1201329
110.998,1202777
111.152,1204225
111.245,1205673
111.404,1207121
111.493,1208569
111.643,1210017
111.739,1211465
111.900,1212913
111.985,1214361
112.140,1215809
112.230,1217257
112.392,1218705
112.478,1220153
112.629,1221601
112.724,1223049
112.887,1224497
112.969,1225945
113.118,1227393
113.215,1228841
113.369,1230289
113.461,1231737
113.608,1233185
113.710,1234633
113.866,1236081
113.949,1237529
114.105,1238977
114.195,1240425
114.356,1241873
114.445,1243321
114.606,1244769
114.691,1246217
114.842,1247665
114.930,1249113
115.073,1250561
115.178,1252009
115.335,1253457
115.429,1254905
115.587,1256353
115.675,1257801
115.829,1259249
115.921,1260697
116.084,1262145
116.168,1263593
116.320,1265041
116.416,1266489
116.525,1267937
116.696,1269385
116.776,1270833
116.938,1272281
117.033,1273729
117.138,1275177
117.312,1276625
117.398,1278073
117.551,1279521
117.645,1280969
117.804,1282417
117.891,1283865
118.052,1285313
118.138,1286761
118.283,1288209
118.382,1289657
118.543,1291105
118.628,1292553
118.790,1294001
118.874,1295449
119.025,1296897
119.120,1298345
119.281,1299793
119.367,1301241
119.521,1302689
119.612,1304137
119.773,1305585
119.860,1307033
120.020,1308481
120.105,1309929
120.264,1311377
120.349,1312825
120.499,1314273
120.597,1315721
120.751,1317169
120.843,1318617
120.998,1320065
121.089,1321513
121.250,1322961
121.336,1324409
121.488,1325857
121.581,1327305
121.743,1328753
121.828,1330201
121.983,1331649
122.069,1333097
122.220,1334545
122.321,1335993
122.480,1337441
122.566,1338889
122.729,1340337
122.811,1341785
122.957,1343233
123.058,1344681
123.217,1346129
123.299,1347577
123.443,1349025
123.551,1350473
123.704,1351921
123.795,1353369
123.958,1354817
124.040,1356265
124.185,1357713
124.290,1359161
124.447,1360609
124.533,1362057
124.683,1363505
124.780,1364953
124.928,1366401
125.028,1367849
125.187,1369297
125.269,1370745
125.417,1372193
125.519,1373641
125.677,1375089
125.765,1376537
125.929,1377985
126.011,1379433
126.170,1380881
126.257,1382329
126.409,1383777
126.500,1385225
126.659,1386673
126.749,1388121
126.899,1389569
126.995,1391017
127.154,1392465
127.241,1393913
127.395,1395361
127.488,1396809
127.648,1398257
127.722,1399705
127.894,1401153
128.001,1402601
128.108,1404049
128.264,1405497
128.350,1406945
128.512,1408393
128.600,1409841
128.708,1411289
128.879,1412737
128.959,1414185
129.106,1415633
129.212,1417081
129.372,1418529
129.460,1419977
129.603,1421425
129.703,1422873
129.870,1424321
129.952,1425769
130.106,1427217
130.197,1428665
130.355,1430113
130.444,1431561
130.592,1433009
130.689,1434457
130.801,1435905
130.955,1437353
131.058,1438801
131.220,1440249
131.302,1441697
131.458,1443145
131.549,1444593
131.713,1446041
131.797,1447489
131.943,1448937
132.047,1450385
132.154,1451833
132.326,1453281
132.412,1454729
132.576,1456177
132.659,1457625
132.821,1459073
132.904,1460521
133.053,1461969
133.151,1463417
133.261,1464865
133.412,1466313
133.518,1467761
133.679,1469209
133.768,1470657
133.877,1472105
134.047,1473553
134.132,1475001
134.292,1476449
134.372,1477897
134.543,1479345
134.625,1480793
134.786,1482241
134.870,1483689
135.031,1485137
135.116,1486585
135.268,1488033
135.362,1489481
135.522,1490929
135.601,1492377
135.766,1493825
135.855,1495273
136.014,1496721
136.100,1498169
330.479,1499617
334.446,1501065
334.654,1502513
334.779,1502513
334.994,1502513
338.444,1505409
338.742,1508305
342.407,1511201
342.607,1514097
342.871,1516993
346.546,1519889
346.771,1522785
347.014,1525681
347.275,1528577
350.593,1531473
350.815,1534369
350.895,1535817
351.051,1537265
351.140,1538713
351.263,1540161
351.378,1541609
351.537,1543057
351.622,1544505
351.797,1545953
351.879,1547401
354.731,1550297
354.812,1551745
354.970,1553193
355.075,1554641
355.185,1556089
355.357,1557537
355.416,1558985
355.577,1560433
355.684,1561881
355.797,1563329
355.952,1564777
356.054,1566225
356.166,1567673
356.340,1569121
356.411,1570569
356.532,1572017
356.692,1573465
356.783,1574913
356.904,1576361
357.069,1577809
357.150,1579257
358.522,1580705
358.606,1582153
358.755,1583601
358.855,1585049
358.970,1586497
359.121,1587945
359.235,1589393
359.412,1590841
359.470,1592289
359.650,1593737
359.729,1595185
359.886,1596633
359.980,1598081
360.092,1599529
360.267,1600977
360.347,1602425
360.507,1603873
360.590,1605321
360.748,1606769
360.842,1608217
360.963,1609665
361.108,1611113
361.217,1612561
361.337,1614009
361.451,1615457
361.573,1616905
361.686,1618353
361.852,1619801
361.952,1621249
362.066,1622697
362.219,1624145
362.316,1625593
362.440,1627041
362.559,1628489
362.719,1629937
362.814,1631385
362.927,1632833
363.089,1634281
363.178,1635729
363.290,1637177
363.458,1638625
363.545,1640073
363.698,1641521
363.796,1642969
363.910,1644417
364.074,1645865
364.161,1647313
364.283,1648761
364.435,1650209
364.529,1651657
364.654,1653105
364.815,1654553
364.897,1656001
365.062,1657449
365.143,1658897
365.265,1660345
365.421,1661793
365.513,1663241
365.630,1664689
365.783,1666137
365.875,1667585
366.047,1669033
366.128,1670481
366.298,1671929
366.372,1673377
366.538,1674825
366.619,1676273
366.741,1677721
366.912,1679169
366.991,1680617
367.153,1682065
367.236,1683513
367.392,1684961
367.489,1686409
367.603,1687857
367.768,1689305
367.850,1690753
368.008,1692201
368.097,1693649
368.219,1695097
368.378,1696545
368.464,1697993
368.612,1699441
368.709,1700889
368.820,1702337
368.996,1703785
369.091,1705233
369.203,1706681
369.360,1708129
369.448,1709577
369.596,1711025
369.697,1712473
369.819,1713921
369.983,1715369
370.065,1716817
370.224,1718265
370.313,1719713
370.427,1721161
370.587,1722609
370.692,1724057
370.804,1725505
370.967,1726953
371.050,1728401
371.212,1729849
371.295,1731297
371.416,1732745
371.573,1734193
371.664,1735641
371.786,1737089
371.958,1738537
372.056,1739985
372.168,1741433
372.288,1742881
372.398,1744329
372.567,1745777
372.648,1747225
372.819,1748673
372.894,1750121
373.058,1751569
373.141,1753017
373.312,1754465
373.386,1755913
373.550,1757361
373.636,1758809
373.758,1760257
373.872,1761705
374.045,1763153
374.125,1764601
374.291,1766049
374.380,1767497
374.501,1768945
374.664,1770393
374.740,1771841
374.912,1773289
374.979,1774737
375.136,1776185
375.233,1777633
375.355,1779081
375.470,1780529
375.589,1781747
531.653,1782076
531.869,1783524
532.040,1784972
532.092,1786420
532.261,1787868
532.351,1789316
532.502,1790764
532.597,1792212
532.747,1793660
532.846,1795108
533.091,1798004
533.339,1800900
533.586,1803796
533.828,1806692
534.117,1809588
534.325,1812484
534.607,1815380
534.839,1818276
535.070,1821172
535.305,1824068
535.551,1826964
535.795,1829860
536.084,1832756
536.326,1835652
536.570,1838548
536.819,1841444
537.063,1844340
537.308,1847283
537.538,1850179
537.814,1853075
538.060,1855971
538.306,1858867
538.537,1861763
538.797,1864659
539.036,1867555
539.288,1870451
539.517,1873347
539.749,1876243
539.992,1879139
540.277,1882035
540.524,1884931
540.771,1887827
541.016,1890723
541.249,1893619
541.480,1896515
541.714,1899411
541.957,1902307
542.204,1905203
542.450,1908099
542.693,1910995
542.861,1912819
543.139,1915715
543.388,1918611
543.634,1921507
543.882,1924403
544.089,1927299
544.336,1930195
544.580,1933091
544.824,1935987
545.069,1938883
545.318,1941779
545.565,1944675
545.849,1947571
546.095,1950467
546.325,1953363
546.590,1956259
546.834,1959155
547.079,1962051
547.326,1964947
547.555,1967843
547.820,1970739
548.050,1973635
548.312,1976531
548.555,1979427
548.786,1982323
549.016,1985219
549.292,1988115
549.534,1991011
549.784,1993907
550.032,1996803
550.262,1999699
550.525,2002595
550.757,2005491
550.987,2008387
551.225,2011283
551.471,2014179
551.717,2017075
551.963,2019971
552.252,2022867
552.487,2025763
552.743,2028659
552.985,2031555
553.230,2034451
553.475,2037347
553.718,2040243
553.968,2043139
554.178,2046035
554.428,2048931
554.667,2051827
554.914,2054723
555.163,2057619
555.410,2060515
555.656,2063411
555.897,2066307
556.147,2069203
556.392,2072099
556.638,2074995
556.885,2077891
557.130,2080787
557.416,2083683
557.664,2086579
557.909,2089475
558.151,2092371
558.402,2095267
558.649,2098163
558.875,2101059
559.104,2103955
559.354,2106851
559.617,2109747
559.853,2112643
560.124,2115539
560.371,2118435
560.606,2121331
560.865,2124227
561.108,2127123
561.356,2130019
561.594,2132915
561.846,2135811
562.053,2138707
562.305,2141603
562.548,2144499
562.836,2147395
563.078,2150291
563.324,2153187
563.570,2156083
563.815,2158979
564.051,2161875
564.308,2164771
564.544,2167667
564.782,2170563
565.049,2173459
565.287,2176355
565.524,2179251
565.784,2182147
566.021,2185043
566.256,2187939
566.493,2190835
566.771,2193731
567.004,2196627
567.261,2199523
567.496,2202419
567.754,2205315
567.989,2208211
568.228,2211107
568.490,2214003
568.738,2216899
568.977,2219795
569.228,2222691
569.466,2225587
569.722,2228483
569.959,2231379
570.193,2234275
570.459,2237171
570.706,2240067
570.941,2242963
571.174,2245859
571.439,2248755
571.689,2251651
571.937,2254547
572.183,2257443
572.428,2260339
572.665,2263235
572.921,2266131
573.161,2269027
573.409,2271923
573.660,2274819
573.896,2277715
574.152,2280611
574.394,2283507
574.646,2286403
574.880,2289299
575.143,2292195
575.346,2295091
575.583,2297987
575.832,2300883
576.077,2303779
576.325,2306675
576.607,2309571
576.844,2312467
577.100,2315363
577.349,2318259
577.594,2321155
577.831,2324051
578.088,2326947
578.321,2329843
578.553,2332739
578.822,2335635
579.069,2338531
579.301,2341427
579.532,2344323
579.770,2347219
580.015,2350115
580.266,2353011
580.507,2355907
580.751,2358803
581.039,2361699
581.289,2364595
581.530,2367491
581.775,2370387
582.039,2373283
582.268,2376179
582.509,2379075
582.738,2381971
582.967,2384867
583.214,2387763
583.461,2390659
583.744,2393555
583.952,2396451
584.199,2399347
584.444,2402243
584.691,2405139
584.936,2408035
585.221,2410931
585.464,2413827
585.712,2416723
585.943,2419619
586.204,2422515
586.443,2425411
586.676,2428307
586.907,2431203
587.153,2434099
587.396,2436995
587.641,2439891
587.886,2442787
588.133,2445683
588.382,2448579
588.626,2451475
588.915,2454371
589.157,2457267
589.366,2460163
589.667,2463059
589.911,2465955
590.148,2468851
590.402,2471747
590.649,2474643
590.932,2477539
591.173,2480435
591.405,2483331
591.667,2486227
591.923,2489123
592.155,2492019
592.410,2494915
592.651,2497811
592.882,2500707
593.114,2503603
593.358,2506499
593.602,2509395
593.853,2512291
594.097,2515187
594.341,2518083
594.589,2520979
594.836,2523875
595.079,2526771
595.328,2529667
595.573,2532563
595.821,2535459
596.103,2538355
596.349,2541251
596.579,2544147
596.841,2547043
597.070,2549939
597.304,2552835
597.542,2555731
597.788,2558627
598.033,2561523
598.278,2564419
598.528,2567315
598.770,2570211
599.017,2573107
599.265,2576003
599.551,2578899
599.796,2581795
600.003,2584691
600.248,2587587
600.493,2590483
600.740,2593379
600.987,2596275
601.276,2599171
601.519,2602067
601.766,2604963
602.013,2607859
602.219,2610755
602.505,2613651
602.749,2616547
602.999,2619443
603.235,2622339
603.475,2625235
603.710,2628131
603.979,2631027
604.227,2633923
604.464,2636819
604.699,2639715
604.938,2642611
605.211,2645507
605.446,2648403
605.702,2651299
605.938,2654195
606.175,2657091
606.442,2659987
606.650,2662883
606.938,2665779
607.179,2668675
607.428,2671571
607.664,2674467
607.919,2677363
608.155,2680259
608.411,2683155
608.646,2686051
608.902,2688947
609.131,2691843
609.364,2694739
609.639,2697635
609.870,2700531
610.102,2703427
610.383,2706323
610.626,2709219
610.871,2712115
611.109,2715011
611.340,2717907
611.640,2720803
611.868,2723699
612.134,2726595
612.387,2729491
612.631,2732387
612.863,2735283
613.123,2738179
613.370,2741075
613.618,2743971
613.851,2746867
614.107,2749763
614.355,2752659
614.604,2755555
614.809,2758451
615.092,2761347
615.337,2764243
615.566,2767139
615.797,2770035
616.039,2772931
616.284,2775827
616.520,2778723
616.775,2781619
617.021,2784515
617.267,2787411
617.514,2790307
617.749,2793203
618.007,2796099
618.251,2798995
618.498,2801891
618.744,2804787
618.989,2807683
619.232,2810579
619.481,2813475
619.733,2816371
619.976,2819267
620.221,2822163
620.469,2825059
620.713,2827955
620.960,2830851
621.207,2833747
621.490,2836643
621.720,2839539
621.980,2842435
622.232,2845331
622.475,2848227
622.706,2851123
622.939,2854019
623.201,2856915
623.431,2859811
623.697,2862707
623.937,2865603
624.196,2868499
624.442,2871395
624.668,2874291
624.897,2877187
625.143,2880083
625.389,2882979
625.673,2885875
625.917,2888771
626.149,2891667
626.380,2894563
626.658,2897459
626.892,2900355
627.154,2903251
627.389,2906147
627.643,2909043
627.875,2911939
628.104,2914835
628.344,2917731
628.588,2920627
628.833,2923523
629.077,2926419
629.365,2929315
629.608,2932211
629.818,2935107
630.063,2938003
630.305,2940899
630.558,2943795
630.801,2946691
631.048,2949587
631.335,2952483
631.567,2955379
631.826,2958275
632.070,2961171
632.320,2964067
632.553,2966963
632.791,2969859
633.057,2972755
633.303,2975651
633.545,2978547
633.794,2981443
634.042,2984339
634.286,2987235
634.537,2990131
634.775,2993027
635.010,2995923
635.243,2998819
635.481,3001715
635.763,3004611
636.006,3007507
636.254,3010403
636.487,3013299
636.748,3016195
636.981,3019091
637.246,3021987
637.475,3024883
637.742,3027779
637.970,3030675
638.224,3033571
638.454,3036467
638.710,3039363
638.955,3042259
639.209,3045155
639.455,3048051
639.704,3050947
639.939,3053843
640.170,3056739
640.399,3059635
640.647,3062531
640.892,3065427
641.137,3068323
641.385,3071219
641.630,3074115
641.875,3077011
642.122,3079907
642.367,3082803
642.607,3085699
642.858,3088595
643.107,3091491
643.390,3094387
643.623,3097283
643.858,3100179
644.134,3103075
644.339,3105971
644.584,3108867
644.828,3111763
645.076,3114659
645.322,3117555
645.570,3120451
645.813,3123347
646.058,3126243
646.305,3129139
646.556,3132035
646.803,3134931
647.048,3137827
647.334,3140723
647.571,3143619
647.803,3146515
648.030,3149411
648.279,3152307
648.525,3155203
648.769,3158099
649.056,3160995
649.301,3163891
649.542,3166787
649.790,3169683
650.037,3172579
650.274,3175475
650.533,3178371
650.775,3181267
651.010,3184163
651.270,3187059
651.513,3189955
651.760,3192851
651.993,3195747
652.205,3198643
652.456,3201539
652.706,3204435
652.977,3207331
653.212,3210227
653.451,3213123
653.755,3216019
653.977,3218915
654.187,3221811
654.467,3224707
654.713,3227603
654.958,3230499
655.205,3233395
655.441,3236291
655.698,3239187
655.931,3242083
656.191,3244979
656.434,3247875
656.679,3250771
656.915,3253667
657.156,3256563
657.386,3259459
657.662,3262355
657.908,3265251
658.146,3268147
658.404,3271043
658.653,3273939
658.887,3276835
659.125,3279731
659.361,3282627
659.633,3285523
659.879,3288419
660.113,3291315
660.378,3294211
660.565,3297107
660.828,3300003
661.065,3302899
661.320,3305795
661.565,3308691
661.848,3311587
662.094,3314483
662.329,3317379
662.586,3320275
662.820,3323171
663.054,3326067
663.328,3328963
663.557,3331859
663.783,3334755
664.060,3337651
664.310,3340547
664.544,3343443
664.789,3346339
665.018,3349235
665.292,3352131
665.540,3355027
665.781,3357923
666.032,3360819
666.277,3363715
666.487,3366611
666.726,3369507
666.976,3372403
667.222,3375299
667.471,3378195
667.718,3381091
667.964,3383987
668.209,3386883
668.456,3389779
668.702,3392675
668.947,3395571
669.195,3398467
669.439,3401363
669.686,3404259
669.924,3407155
670.175,3410051
670.427,3412947
670.693,3415843
670.955,3418739
671.191,3421635
671.426,3424531
671.692,3427427
671.939,3430323
672.173,3433219
672.402,3436115
672.670,3439011
672.921,3441907
673.166,3444803
673.419,3447699
673.653,3450595
673.889,3453491
674.118,3456387
674.396,3459283
674.641,3462179
674.872,3465075
675.141,3467971
675.379,3470867
675.608,3473763
675.873,3476659
676.104,3479555
676.365,3482451
676.598,3485347
676.830,3488243
677.108,3491139
677.349,3494035
677.590,3496931
677.839,3499827
678.092,3502723
678.335,3505619
678.579,3508515
678.811,3511411
679.078,3514307
679.321,3517203
679.565,3520099
679.798,3522995
680.047,3525891
680.298,3528787
680.529,3531683
680.794,3534579
681.039,3537475
681.289,3540371
681.530,3543267
681.805,3546163
681.989,3549059
682.274,3551955
682.518,3554851
682.748,3557747
683.004,3560643
683.246,3563836
7922.806,3564165
7923.029,3565613
7923.136,3567061
7923.249,3568509
7923.415,3569957
7923.503,3571405
7923.662,3572853
7923.749,3574301
7923.909,3575749
7923.992,3577197
7924.153,3578645
7924.241,3580093
7924.390,3581541
7924.487,3582989
7924.603,3584437
7924.770,3585885
7925.014,3588781
7925.264,3591677
7925.508,3594573
7925.754,3597469
7925.994,3600365
7926.248,3603261
7926.492,3606157
7926.735,3609053
7926.973,3611949
7927.230,3614845
7927.472,3617741
7927.711,3620637
7927.949,3623533
7928.218,3626429
7928.470,3629372
7928.707,3632268
7928.944,3635164
7929.173,3638060
7929.418,3640956
7929.691,3643852
7929.950,3646748
7930.188,3649644
7930.427,3652540
7930.688,3655436
7930.927,3658332
7931.181,3661228
7931.427,3664124
7931.635,3667020
7931.921,3669916
7932.159,3672812
7932.410,3675708
7932.650,3678604
7932.902,3681500
7933.139,3684396
7933.395,3687292
7933.643,3690188
7933.887,3693084
7933.997,3694908
7934.254,3697804
7934.542,3700700
7934.778,3703596
7935.019,3706492
7935.257,3709388
7935.526,3712284
7935.763,3715180
7936.003,3718076
7936.243,3720972
7936.509,3723868
7936.754,3726764
7937.001,3729660
7937.239,3732556
7937.477,3735452
7937.712,3738348
7937.990,3741244
7938.233,3744140
7938.469,3747036
7938.709,3749932
7938.970,3752828
7939.213,3755724
7939.461,3758620
7939.563,3760444
7939.830,3763340
7940.112,3766236
7940.355,3769132
7940.602,3772028
7940.847,3774924
7941.082,3777820
7941.311,3780716
7941.588,3783612
7941.786,3786508
7942.056,3789404
7942.323,3792300
7942.571,3795196
7942.804,3798092
7943.038,3800988
7943.270,3803884
7943.515,3806780
7943.758,3809676
7944.006,3812572
7944.252,3815468
7944.499,3818364
7944.744,3821260
7944.983,3824156
7945.147,3825980
7945.397,3828876
7945.643,3831772
7945.889,3834668
7946.177,3837564
7946.421,3840460
7946.650,3843356
7946.879,3846252
7947.159,3849148
7947.392,3852044
7947.653,3854940
7947.859,3857836
7948.107,3860732
7948.347,3863628
7948.595,3866524
7948.842,3869420
7949.089,3872316
7949.334,3875212
7949.578,3878108
7949.826,3881004
7950.073,3883900
7950.319,3886796
7950.562,3889692
7950.796,3892588
7951.100,3895484
7951.348,3898380
7951.582,3901276
7951.799,3904172
7952.077,3907068
7952.319,3909964
7952.560,3912860
7952.804,3915756
7953.062,3918652
7953.271,3921548
7953.517,3924444
7953.760,3927340
7954.005,3930236
7954.259,3933132
7954.501,3936028
7954.745,3938924
7954.994,3941820
7955.240,3944716
7955.524,3947612
7955.768,3950508
7955.982,3953404
7956.262,3956300
7956.491,3959196
7956.756,3962092
7957.004,3964988
7957.237,3967884
7957.470,3970780
7957.704,3973676
7957.949,3976572
7958.195,3979468
7958.440,3982364
7958.729,3985260
7958.930,3988156
7959.178,3991052
7959.425,3993948
7959.706,3996844
7959.910,3999740
7960.161,4002636
7960.402,4005532
7960.650,4008428
7960.900,4011324
7961.146,4014220
7961.391,4017116
7961.637,4020012
7961.924,4022908
7962.156,4025804
7962.416,4028700
7962.663,4031596
7962.897,4034492
7963.129,4037388
7963.361,4040284
7963.607,4043180
7963.853,4046076
7964.099,4048972
7964.384,4051868
7964.615,4054764
7964.877,4057660
7965.122,4060556
7965.356,4063452
7965.616,4066348
7965.863,4069244
7966.107,4072140
7966.339,4075036
7966.440,4076484
7966.550,4077932
7966.704,4079380
7966.806,4080828
7966.967,4082276
7967.050,4083724
7967.211,4085172
7967.297,4086620
7967.458,4088068
7967.543,4089516
7967.688,4090964
7967.787,4092412
7967.949,4093860
7968.040,4095308
7968.194,4096756
7968.281,4098204
7968.442,4099652
7968.528,4101100
7968.679,4102548
7968.774,4103996
7968.934,4105444
7969.021,4106892
7969.179,4108340
7969.266,4109788
7969.419,4111236
7969.512,4112684
7969.674,4114132
7969.759,4115580
7969.918,4117028
7970.007,4118476
7970.157,4119924
7970.249,4121372
7970.410,4122820
7970.499,4124268
7970.651,4125716
7970.741,4127164
7970.905,4128612
7970.991,4130060
7971.127,4131508
7971.271,4132956
7971.356,4134404
7971.515,4135852
7971.602,4137300
7971.756,4138748
7971.851,4140196
7972.031,4141644
7972.084,4143092
7972.246,4144540
7972.341,4145988
7972.503,4147436
7972.588,4148884
7972.748,4150332
7972.836,4151780
7972.989,4153228
7973.079,4154676
7973.242,4156124
7973.328,4157572
7973.470,4159020
7973.572,4160468
7973.734,4161916
7973.817,4163364
7973.981,4164812
7974.065,4166260
7974.215,4167708
7974.311,4169156
7974.473,4170604
7974.558,4172052
7974.702,4173500
7974.805,4174948
7974.968,4176396
7975.045,4177844
7975.204,4179292
7975.293,4180740
7975.455,4182188
7975.539,4183636
7975.699,4185084
7975.787,4186532
7975.949,4187980
7976.032,4189428
7976.193,4190876
7976.277,4192324
7976.438,4193772
7976.524,4195220
7976.685,4196668
7976.768,4198116
7976.918,4199564
7977.017,4201012
7977.178,4202460
7977.262,4203908
7977.424,4205356
7977.506,4206804
7977.668,4208252
7977.754,4209700
7977.917,4211148
7978.001,4212596
7978.160,4214044
7978.248,4215492
7978.406,4216940
7978.493,4218388
7978.653,4219836
7978.740,4221284
7978.885,4222732
7978.985,4224180
7979.146,4225628
7979.230,4227076
7979.393,4228524
7979.477,4229972
7979.623,4231420
7979.723,4232868
7979.889,4234316
7979.967,4235764
7980.131,4237212
7980.216,4238660
7980.376,4240108
7980.459,4241556
7980.616,4243004
7980.710,4244452
7980.821,4245900
7980.974,4247348
7981.077,4248796
7981.235,4250244
7981.322,4251692
7981.476,4253140
7981.568,4254588
7981.730,4256036
7981.817,4257484
7981.976,4258932
7982.061,4260380
7982.221,4261828
7982.307,4263276
7982.461,4264724
7982.554,4266172
7982.717,4267620
7982.803,4269068
7982.944,4270516
7983.046,4271964
7983.206,4273412
7983.291,4274860
7983.448,4276308
7983.537,4277756
7983.698,4279204
7983.785,4280652
7983.935,4282100
7984.029,4283548
7984.193,4284996
7984.277,4286444
7984.436,4287892
7984.523,4289340
7984.679,4290788
7984.769,4292236
7984.916,4293684
7985.014,4295132
7985.176,4296580
7985.260,4298028
7985.405,4299476
7985.506,4300924
7985.669,4302372
7985.755,4303820
7985.900,4305268
7985.997,4306716
7986.159,4308164
7986.245,4309612
7986.403,4311060
7986.488,4312508
7986.637,4313956
7986.738,4315404
7986.900,4316852
7986.982,4318300
7987.130,4319748
7987.228,4321196
7987.389,4322644
7987.476,4324092
7987.627,4325540
7987.718,4326988
7987.881,4328436
7987.968,4329884
7988.126,4331332
7988.214,4332780
7988.374,4334228
7988.457,4335676
7988.606,4337124
7988.708,4338572
7988.815,4340020
7988.971,4341468
7989.067,4342916
7989.233,4344364
7989.321,4345812
7989.468,4347260
7989.568,4348708
7989.731,4350156
7989.812,4351604
7989.960,4353052
7990.061,4354500
7990.222,4355948
7990.305,4357396
7990.466,4358844
7990.553,4360292
7990.713,4361740
7990.797,4363188
7990.944,4364636
7991.042,4366084
7991.204,4367532
7991.288,4368980
7991.438,4370428
7991.535,4371876
7991.701,4373324
7991.780,4374772
7991.940,4376220
7992.043,4377668
7992.142,4379116
7992.310,4380564
7992.398,4382012
7992.551,4383460
7992.647,4384908
7992.753,4386356
7992.909,4387804
7993.011,4389252
7993.172,4390700
7993.258,4392148
7993.413,4393596
7993.506,4395044
7993.616,4396492
7993.769,4397940
7993.873,4399388
7994.032,4400836
7994.119,4402284
7994.272,4403732
7994.367,4405180
7994.477,4406628
7994.633,4408076
7994.734,4409524
7994.894,4410972
7994.980,4412420
7995.127,4413868
7995.227,4415316
7995.386,4416764
7995.473,4418212
7995.628,4419660
7995.718,4421108
7995.865,4422556
7995.964,4424004
7996.128,4425452
7996.206,4426900
7996.358,4428348
7996.459,4429796
7996.606,4431244
7996.704,4432692
7996.867,4434140
7996.947,4435588
7997.110,4437036
7997.195,4438484
7997.354,4439932
7997.436,4441380
7997.605,4442828
7997.687,4444276
7997.839,4445724
7997.933,4447172
7998.095,4448620
7998.200,4450068
7998.307,4451516
7998.475,4452964
7998.554,4454412
7998.706,4455860
7998.791,4457308
7998.957,4458756
7999.044,4460204
7999.188,4461652
7999.291,4463100
7999.402,4464548
7999.577,4465996
7999.659,4467444
7999.817,4468892
7999.902,4470340
8000.061,4471788
8000.148,4473236
8000.309,4474684
8000.397,4476132
8000.558,4477580
8000.631,4479028
8000.804,4480476
8000.889,4481924
8001.036,4483372
8001.135,4484820
8001.243,4486268
8001.401,4487716
8001.504,4489164
8001.664,4490612
8001.747,4492060
8001.906,4493508
8001.993,4494956
8002.153,4496404
8002.241,4497852
8002.401,4499300
8002.488,4500748
8002.629,4502196
8002.739,4503644
8002.896,4505092
8002.980,4506540
8003.124,4507988
8003.227,4509436
8003.334,4510884
8003.496,4512332
8003.595,4513780
8003.705,4515228
8003.878,4516676
8003.962,4518124
8004.122,4519572
8004.208,4521020
8004.363,4522468
8004.456,4523916
8004.562,4525364
8004.738,4526812
8004.823,4528260
8004.983,4529708
8005.069,4531156
8005.223,4532604
8005.315,4534052
8005.478,4535500
8005.562,4536948
8005.707,4538396
8005.811,4539844
8005.972,4541292
8006.057,4542740
8006.204,4544188
8006.306,4545636
8006.420,4547084
8006.584,4548532
8006.669,4549980
8006.832,4551428
8006.914,4552876
8007.063,4554324
8007.156,4555772
8007.320,4557220
8007.410,4558668
8007.561,4560116
8007.653,4561564
8007.814,4563012
8007.899,4564460
8008.060,4565908
8008.144,4567356
8008.309,4568804
8008.394,4570252
8008.552,4571700
8008.637,4573148
8008.797,4574596
8008.884,4576044
8009.043,4577492
8009.128,4578940
8009.280,4580388
8009.380,4581836
8009.486,4583284
8009.660,4584732
8009.737,4586180
8009.900,4587628
8009.991,4589076
8010.153,4590524
8010.247,4591972
8010.360,4593420
8010.513,4594868
8010.607,4596316
8010.770,4597764
8010.855,4599212
8011.000,4600660
8011.101,4602108
8011.211,4603556
8011.367,4605004
8011.467,4606452
8011.627,4607900
8011.716,4609348
8011.873,4610796
8011.960,4612244
8012.110,4613692
8012.208,4615140
8012.374,4616588
8012.452,4618036
8012.609,4619484
8012.699,4620932
8012.847,4622380
8012.944,4623828
8013.105,4625276
8013.188,4626724
8013.340,4628172
8013.434,4629620
8013.598,4631068
8013.682,4632516
8013.842,4633964
8013.928,4635412
8014.089,4636860
8014.178,4638308
8014.329,4639756
8014.422,4641204
8014.579,4642652
8014.675,4644100
8014.829,4645548
8014.913,4646996
8015.074,4648444
8015.158,4649892
8015.324,4651340
8015.407,4652788
8015.555,4654236
8015.653,4655684
8015.759,4657132
8015.915,4658580
8016.019,4660028
8016.187,4661476
8016.268,4662924
8016.421,4664372
8016.514,4665820
8016.623,4667268
8016.777,4668716
8016.877,4670164
8017.042,4671612
8017.127,4673060
8017.290,4674508
8017.374,4675956
8017.519,4677404
8017.617,4678852
8017.780,4680300
8017.863,4681748
8018.025,4683196
8018.108,4684644
8018.257,4686092
8018.358,4687540
8018.520,4688988
8018.604,4690436
8018.748,4691884
8018.849,4693332
8019.009,4694780
8019.103,4696228
8019.253,4697676
8019.341,4699124
8019.487,4700572
8019.589,4702020
8019.753,4703468
8019.835,4704916
8019.996,4706364
8020.083,4707812
8020.243,4709260
8020.328,4710708
8020.486,4712156
8020.571,4713604
8020.726,4715052
8020.816,4716500
8020.982,4717948
8021.064,4719396
8021.218,4720844
8021.300,4722292
8021.446,4723740
8021.554,4725188
8021.715,4726636
8021.803,4728084
8021.955,4729532
8022.051,4730980
8022.163,4732428
8022.331,4733876
8022.417,4735324
8022.574,4736772
8022.664,4738220
8022.818,4739668
8022.908,4741116
8023.070,4742564
8023.157,4744012
8023.309,4745460
8023.401,4746908
8023.562,4748356
8023.647,4749804
8023.803,4751252
8023.893,4752700
8024.051,4754148
8024.153,4755596
8024.260,4757044
8024.415,4758492
8024.508,4759940
8024.669,4761388
8024.754,4762836
8024.909,4764284
8024.993,4765732
8025.147,4767180
8025.245,4768628
8025.405,4770076
8025.496,4771524
8025.645,4772972
8025.738,4774420
8025.900,4775868
8025.989,4777316
8026.148,4778764
8026.231,4780212
8026.376,4781660
8026.476,4783108
8026.639,4784556
8026.723,4786004
8026.876,4787452
8026.969,4788900
8027.132,4790348
8027.214,4791796
8027.359,4793244
8027.461,4794692
8027.617,4796140
8027.707,4797588
8027.868,4799036
8027.955,4800484
8028.108,4801932
8028.200,4803380
8028.360,4804828
8028.445,4806276
8028.605,4807724
8028.691,4809172
8028.844,4810620
8028.937,4812068
8029.099,4813516
8029.176,4814964
8029.342,4816412
8029.430,4817860
8029.589,4819308
8029.675,4820756
8029.827,4822204
8029.924,4823652
8030.089,4825100
8030.167,4826548
8030.329,4827996
8030.415,4829444
8030.567,4830892
8030.662,4832340
8030.823,4833788
8030.906,4835236
8031.071,4836684
8031.152,4838132
8031.299,4839580
8031.398,4841028
8031.558,4842476
8031.644,4843924
8031.797,4845372
8031.893,4846820
8032.003,4848268
8032.157,4849716
8032.250,4851164
8032.420,4852612
8032.505,4854060
8032.663,4855508
8032.752,4856956
8032.909,4858404
8033.003,4859852
8033.149,4861300
8033.242,4862748
8033.402,4864196
8033.481,4865644
8033.651,4867092
8033.737,4868540
8033.891,4869988
8033.987,4871436
8034.099,4872884
8034.276,4874332
8034.350,4875780
8034.507,4877228
8034.593,4878676
8034.746,4880124
8034.839,4881572
8034.992,4883020
8035.086,4884468
8035.247,4885916
8035.335,4887364
8035.503,4888812
8035.588,4890260
8035.742,4891708
8035.828,4893156
8035.990,4894604
8036.072,4896052
8036.220,4897500
8036.324,4898948
8036.485,4900396
8036.568,4901844
8036.725,4903292
8036.818,4904740
8036.982,4906188
8037.064,4907636
8037.214,4909084
8037.309,4910532
8037.419,4911980
8037.577,4913428
8037.678,4914876
8037.790,4916324
8037.963,4917772
8038.047,4919220
8038.207,4920668
8038.291,4922116
8038.452,4923564
8038.539,4925012
8038.685,4926460
8038.786,4927908
8038.899,4929356
8039.052,4930804
8039.156,4932252
8039.313,4933700
8039.395,4935148
8039.561,4936596
8039.647,4938044
8039.797,4939492
8039.894,4940940
8040.004,4942388
8040.159,4943836
8040.262,4945284
8040.427,4946732
8040.508,4948180
8040.659,4949628
8040.740,4951076
8040.917,4952524
8040.996,4953972
8041.147,4955420
8041.240,4956868
8041.402,4958316
8041.488,4959764
8041.656,4961212
8041.745,4962660
8041.903,4964108
8041.979,4965556
8042.138,4967004
8042.224,4968452
8042.383,4969900
8042.470,4971348
8042.621,4972796
8042.651,4973611
8042.864,4975059
8042.910,4976507
8043.068,4977955
8199.281,4979403
8203.149,4980851
8203.573,4982299
8203.854,4982299
8204.322,4982299
8207.605,4985195
8208.558,4988091
8211.431,4989539
8211.473,4990987
8211.630,4992435
8212.395,4993883
8212.458,4995331
8212.621,4996779
8215.292,4998227
8215.347,4999675
8215.494,5001123
8215.596,5002571
8216.195,5004019
8216.267,5005467
8216.435,5006915
8216.513,5008363
8216.676,5009811
8216.764,5011259
8216.915,5012707
8216.997,5014155
8219.323,5015603
8219.377,5017051
8219.542,5018499
8219.631,5019947
8219.777,5021395
8219.868,5022843
8220.023,5024291
8220.167,5025739
8220.259,5027187
8220.422,5028635
8220.506,5030083
8220.665,5031531
8220.744,5032979
8220.912,5034427
8220.997,5035875
8221.152,5037323
8221.248,5038771
8221.356,5040219
8221.528,5041667
8221.615,5043115
8223.129,5044563
8223.182,5046011
8223.342,5047459
8223.433,5048907
8223.598,5050355
8223.679,5051803
8223.829,5053251
8223.925,5054699
8224.063,5056147
8224.169,5057595
8224.325,5059043
8224.415,5060491
8224.583,5061939
8224.665,5063387
8224.824,5064835
8224.908,5066283
8225.062,5067731
8225.157,5069179
8225.319,5070627
8225.393,5072075
8225.564,5073523
8225.647,5074971
8225.809,5076419
8225.895,5077867
8226.051,5079315
8226.140,5080763
8226.289,5082211
8226.386,5083659
8226.549,5085107
8226.623,5086555
8226.794,5088003
8226.880,5089451
8227.038,5090899
8227.123,5092347
8227.285,5093795
8227.371,5095243
8227.530,5096691
8227.617,5098139
8227.777,5099587
8227.853,5101035
8228.024,5102483
8228.113,5103931
8228.269,5105379
8228.355,5106827
8228.516,5108275
8228.603,5109723
8228.761,5111171
8228.847,5112619
8229.007,5114067
8229.092,5115515
8229.253,5116963
8229.338,5118411
8229.483,5119859
8229.586,5121307
8229.747,5122755
8229.832,5124203
8229.969,5125651
8230.114,5127099
8230.201,5128547
8230.361,5129995
8230.448,5131443
8230.597,5132891
8230.694,5134339
8230.856,5135787
8230.939,5137235
8231.080,5138683
8231.225,5140131
8231.306,5141579
8231.455,5143027
8231.558,5144475
8231.718,5145923
8231.800,5147371
8231.950,5148819
8232.047,5150267
8232.211,5151715
8232.291,5153163
8232.439,5154611
8232.538,5156059
8232.702,5157507
8232.785,5158955
8232.945,5160403
8233.029,5161851
8233.191,5163299
8233.268,5164747
8233.437,5166195
8233.522,5167643
8233.677,5169091
8233.768,5170539
8233.928,5171987
8234.015,5173435
8234.169,5174883
8234.260,5176331
8234.422,5177779
8234.497,5179227
8234.669,5180675
8234.752,5182123
8234.913,5183571
8235.002,5185019
8235.154,5186467
8235.245,5187915
8235.400,5189363
8235.493,5190811
8235.645,5192259
8235.738,5193707
8235.899,5195155
8235.982,5196603
8236.146,5198051
8236.230,5199499
8236.390,5200947
8236.478,5202395
8236.629,5203843
8236.722,5205291
8236.884,5206739
8236.966,5208187
8237.113,5209635
8237.215,5211083
8237.376,5212531
8237.459,5213979
8237.619,5215427
8237.708,5216875
8237.860,5218323
8237.954,5219771
8238.107,5221219
8238.198,5222667
8238.361,5224115
8238.445,5225563
8238.592,5227011
8238.689,5228459
8238.850,5229907
8238.934,5231355
8239.085,5232803
8239.184,5234251
8239.324,5235699
8239.470,5237147
8239.552,5238595
8239.700,5240043
8239.797,5241491
8239.958,5242939
8240.046,5244387
8240.197,5245835
8240.287,5247283
8240.449,5248731
8240.536,5250179
8240.690,5251627
8240.783,5253075
8240.945,5254523
8241.028,5255971
8241.189,5257419
8241.276,5258867
8241.439,5260315
8241.518,5261763
8241.683,5263211
8241.766,5264659
8241.911,5266107
8242.015,5267555
8242.136,5269003
8242.299,5270451
8242.381,5271899
8242.529,5273347
8242.627,5274795
8242.787,5276243
8242.872,5277691
8243.029,5279139
8243.121,5280587
8243.286,5282035
8243.367,5283483
8243.527,5284931
8243.761,5287827
8243.993,5290723
8244.252,5293619
8244.513,5296515
8244.743,5299411
8245.006,5302307
8245.237,5305203
8245.498,5308099
8245.746,5310995
8245.978,5313891
8246.235,5316787
8246.468,5319683
8246.726,5322579
8246.975,5325475
8247.210,5328371
8247.443,5331267
8247.675,5334163
8247.959,5337059
8248.193,5339955
8248.425,5342851
8248.707,5345925
