1335361362447.320,0
1335361362447.345,292
1335361362447.365,315
1335361362447.379,324
1335361362447.393,452
1335361362447.417,608
1335361362447.427,871
1335361362447.436,871
1335361362447.536,871
1335361362451.200,2319
1335361362451.264,3767
1335361362451.377,5215
1335361362451.542,6663
1335361362451.636,8111
1335361362451.751,9559
1335361362455.064,11007
1335361362455.134,12455
1335361362455.252,13903
1335361362455.409,15351
1335361362455.493,16799
1335361362455.655,18247
1335361362455.742,19695
1335361362455.894,21143
1335361362455.991,22591
1335361362456.107,24039
1335361362456.267,25487
1335361362456.362,26935
1335361362456.474,28383
1335361362456.732,31279
1335361362457.015,34175
1335361362458.946,37071
1335361362459.336,39967
1335361362459.580,42863
1335361362459.819,45759
1335361362460.071,48655
1335361362460.308,51551
1335361362460.548,54447
1335361362460.792,57343
1335361362461.055,60239
1335361362461.302,63135
1335361362461.547,66031
1335361362461.789,68927
1335361362462.040,71823
1335361362462.279,74719
1335361362462.519,77615
1335361362462.799,80511
1335361362463.045,83407
1335361362463.296,86303
1335361362464.253,89199
1335361362464.372,90647
1335361362464.530,92095
1335361362464.622,93543
1335361362464.738,94991
1335361362464.899,96439
1335361362464.985,97887
1335361362465.100,99335
1335361362465.286,100783
1335361362465.351,102231
1335361362465.513,103679
1335361362465.605,105127
1335361362465.722,106575
1335361362465.888,108023
1335361362465.970,109471
1335361362466.090,110919
1335361362466.253,112367
1335361362466.342,113815
1335361362466.461,115263
1335361362466.621,116711
1335361362466.703,118159
1335361362466.856,119607
1335361362466.955,121055
1335361362467.072,122503
1335361362467.237,123951
1335361362467.321,125399
1335361362467.486,126847
1335361362467.570,128295
1335361362467.723,129743
1335361362467.817,131191
1335361362467.928,132639
1335361362468.187,135535
1335361362468.469,138431
1335361362468.712,141327
1335361362468.963,144223
1335361362469.207,147119
1335361362469.455,150015
1335361362469.693,152911
1335361362469.930,155807
1335361362470.189,158703
1335361362470.437,161599
1335361362470.674,164495
1335361362470.914,167391
1335361362471.178,170287
1335361362471.423,173183
1335361362471.665,176079
1335361362471.907,178975
1335361362472.158,181871
1335361362472.407,184767
1335361362472.646,187663
1335361362472.896,190559
1335361362473.138,193455
1335361362473.372,196351
1335361362473.610,199247
1335361362473.841,202143
1335361362474.119,205039
1335361362474.216,206487
1335361362474.331,207935
1335361362474.483,209383
1335361362474.581,210831
1335361362474.694,212279
1335361362474.864,213727
1335361362474.954,215175
1335361362475.110,216623
1335361362475.197,218071
1335361362475.355,219519
1335361362475.446,220967
1335361362475.606,222415
1335361362475.684,223863
1335361362475.850,225311
1335361362475.934,226759
1335361362476.088,228207
1335361362476.185,229655
1335361362476.294,231103
1335361362476.455,232551
1335361362476.555,233999
1335361362476.668,235447
1335361362476.826,236895
1335361362476.915,238343
1335361362477.076,239791
1335361362477.157,241239
1335361362477.304,242687
1335361362477.406,244135
1335361362477.570,245583
1335361362477.777,248479
1335361362478.061,251375
1335361362478.305,254271
1335361362478.551,257167
1335361362478.784,260063
1335361362479.010,262959
1335361362479.249,265855
1335361362479.498,268751
1335361362479.742,271647
1335361362480.029,274543
1335361362480.275,277439
1335361362480.509,280335
1335361362480.743,283231
1335361362480.977,286127
1335361362481.259,289023
1335361362481.469,291919
1335361362481.751,294815
1335361362481.984,297711
1335361362482.217,300607
1335361362482.452,303503
1335361362482.734,306399
1335361362482.980,309295
1335361362483.226,312191
1335361362483.473,315087
1335361362483.704,317983
1335361362483.929,320879
1335361362484.167,323775
1335361362484.422,326671
1335361362484.663,329567
1335361362484.912,332463
1335361362485.153,335359
1335361362485.400,338255
1335361362485.647,341151
1335361362485.897,344047
1335361362486.135,346943
1335361362486.389,349839
1335361362486.673,352735
1335361362486.919,355631
1335361362487.165,358527
1335361362487.399,361423
1335361362487.658,364319
1335361362487.889,367215
1335361362488.123,370111
1335361362488.357,373007
1335361362488.638,375903
1335361362488.870,378799
1335361362489.103,381695
1335361362489.342,384591
1335361362489.587,387487
1335361362489.823,390383
1335361362490.080,393279
1335361362490.363,396175
1335361362490.594,399071
1335361362490.827,401967
1335361362491.101,404863
1335361362491.336,407759
1335361362491.593,410655
1335361362491.836,413551
1335361362492.083,416447
1335361362492.327,419343
1335361362492.564,422239
1335361362492.804,425135
1335361362493.034,428031
1335361362493.275,430927
1335361362493.520,433823
1335361362493.768,436719
1335361362494.033,439615
1335361362494.138,441063
1335361362494.293,442511
1335361362494.386,443959
1335361362494.632,446855
1335361362494.875,449751
1335361362495.120,452647
1335361362495.365,455543
1335361362495.650,458439
1335361362495.893,461335
1335361362496.131,464231
1335361362496.359,467127
1335361362496.635,470023
1335361362496.873,472919
1335361362497.126,475815
1335361362497.371,478711
1335361362497.611,481607
1335361362497.863,484503
1335361362498.103,487399
1335361362498.356,490295
1335361362498.595,493191
1335361362498.823,496087
1335361362499.090,498983
1335361362499.346,501879
1335361362499.592,504775
1335361362499.826,507671
1335361362500.084,510567
1335361362500.331,513463
1335361362500.562,516359
1335361362500.824,519255
1335361362501.062,522151
1335361362501.314,525047
1335361362501.542,527943
1335361362501.770,530839
1335361362502.048,533735
1335361362502.289,536631
1335361362502.545,539527
1335361362502.771,542423
1335361362503.034,545319
1335361362503.265,548215
1335361362503.487,551111
1335361362503.736,554007
1335361362504.344,561247
1335361362504.510,562695
1335361362504.757,565591
1335361362505.004,568487
1335361362505.227,571383
1335361362505.456,574279
1335361362505.702,577175
1335361362505.951,580071
1335361362506.189,582967
1335361362506.455,585863
1335361362506.691,588759
1335361362506.972,591655
1335361362507.227,594551
1335361362507.464,597447
1335361362507.696,600343
1335361362507.928,603239
1335361362508.202,606135
1335361362508.459,609031
1335361362508.689,611927
1335361362508.940,614823
1335361362509.190,617719
1335361362509.397,620615
1335361362509.681,623511
1335361362509.910,626407
1335361362510.143,629303
1335361362510.421,632199
1335361362510.664,635095
1335361362510.908,637991
1335361362511.149,640887
1335361362511.410,643783
1335361362511.643,646679
1335361362511.883,649575
1335361362512.140,652471
1335361362512.386,655367
1335361362516.632,704599
1335361362516.640,704599
1335361362516.653,706047
1335361362516.809,707495
1335361362516.900,708943
1335361362517.063,710391
1335361362517.141,711839
1335361362517.306,713287
1335361362517.392,714735
1335361362517.537,716183
1335361362517.637,717631
1335361362517.797,719079
1335361362517.880,720527
1335361362518.032,721975
1335361362518.128,723423
1335361362518.273,724871
1335361362518.414,726319
1335361362518.494,727767
1335361362518.642,729215
1335361362518.739,730663
1335361362518.895,732111
1335361362518.979,733559
1335361362519.149,735007
1335361362519.232,736455
1335361362519.394,737903
1335361362519.484,739351
1335361362519.635,740799
1335361362519.725,742247
1335361362519.883,743695
1335361362519.974,745143
1335361362520.133,746591
1335361362520.208,748039
1335361362520.367,749487
1335361362520.466,750935
1335361362520.608,752383
1335361362520.711,753831
1335361362520.870,755279
1335361362520.958,756727
1335361362521.111,758175
1335361362521.202,759623
1335361362521.349,761071
1335361362521.488,762519
1335361362521.572,763967
1335361362521.724,765415
1335361362521.817,766863
1335361362521.965,768311
1335361362522.103,769759
1335361362522.185,771207
1335361362522.342,772655
1335361362522.433,774103
1335361362522.584,775551
1335361362522.682,776999
1335361362522.839,778447
1335361362522.922,779895
1335361362523.093,781343
1335361362523.181,782791
1335361362523.341,784239
1335361362523.425,785687
1335361362523.578,787135
1335361362523.675,788583
1335361362523.826,790031
1335361362523.918,791479
1335361362524.167,794375
1335361362524.411,797271
1335361362524.661,800167
1335361362524.940,803063
1335361362525.182,805959
1335361362525.435,808855
1335361362525.683,811751
1335361362525.927,814647
1335361362526.160,817543
1335361362526.420,820439
1335361362526.649,823335
1335361362526.911,826231
1335361362527.157,829127
1335361362527.396,832023
1335361362527.651,834919
1335361362527.896,837815
1335361362528.126,840711
1335361362528.355,843607
1335361362528.655,846503
1335361362528.879,849399
1335361362529.158,852295
1335361362529.403,855191
1335361362529.647,858087
1335361362529.892,860983
1335361362530.134,863879
1335361362530.386,866775
1335361362530.631,869671
1335361362530.876,872567
1335361362531.124,875463
1335361362531.372,878359
1335361362531.616,881255
1335361362531.847,884151
1335361362532.106,887047
1335361362532.357,889943
1335361362532.586,892839
1335361362532.819,895735
1335361362533.054,898631
1335361362533.293,901527
1335361362533.549,904423
1335361362533.794,907319
1335361362534.043,910215
1335361362534.324,913111
1335361362534.568,916007
1335361362534.808,918903
1335361362535.065,921799
1335361362535.306,924695
1335361362535.544,927591
1335361362535.784,930487
1335361362536.038,933383
1335361362536.286,936279
1335361362536.531,939175
1335361362536.789,942071
1335361362537.029,944967
1335361362537.266,947863
1335361362537.502,950759
1335361362537.774,953655
1335361362538.009,956551
1335361362538.240,959447
1335361362538.471,962343
1335361362538.760,965239
1335361362539.002,968135
1335361362539.232,971031
1335361362539.461,973927
1335361362539.737,976823
1335361362539.969,979719
1335361362540.231,982615
1335361362540.462,985511
1335361362540.693,988407
1335361362540.959,991303
1335361362541.213,994199
1335361362541.449,997095
1335361362541.706,999991
1335361362541.942,1002887
1335361362542.204,1005783
1335361362542.436,1008679
1335361362542.691,1011575
1335361362542.938,1014471
1335361362543.146,1017367
1335361362543.432,1020263
1335361362543.679,1023159
1335361362543.918,1026055
1335361362544.171,1028951
1335361362544.416,1031847
1335361362544.658,1034743
1335361362544.903,1037639
1335361362545.141,1040535
1335361362545.422,1043431
1335361362545.613,1046327
1335361362545.865,1049223
1335361362546.106,1052119
1335361362546.342,1055015
1335361362546.597,1057911
1335361362546.844,1060807
1335361362547.131,1063703
1335361362547.377,1066599
1335361362547.609,1069495
1335361362547.860,1072391
1335361362548.114,1075287
1335361362548.343,1078183
1335361362548.605,1081079
1335361362548.850,1083975
1335361362549.089,1086871
1335361362549.329,1089767
1335361362549.588,1092663
1335361362549.835,1095559
1335361362550.080,1098455
1335361362550.325,1101351
1335361362550.565,1104247
1335361362550.798,1107143
1335361362551.035,1110039
1335361362551.278,1112935
1335361362551.546,1115831
1335361362551.805,1118727
1335361362552.039,1121623
1335361362552.271,1124519
1335361362552.536,1127415
1335361362552.767,1130311
1335361362553.035,1133207
1335361362553.259,1136103
1335361362553.494,1138999
1335361362553.735,1141895
1335361362553.981,1144791
1335361362554.220,1147687
1335361362554.478,1150583
1335361362554.719,1153479
1335361362554.965,1156375
1335361362555.253,1159271
1335361362555.498,1162167
1335361362555.734,1165063
1335361362555.986,1167959
1335361362556.244,1170855
1335361362556.483,1173751
1335361362556.713,1176647
1335361362556.944,1179543
1335361362557.220,1182439
1335361362557.478,1185335
1335361362557.720,1188231
1335361362557.965,1191127
1335361362558.198,1194023
1335361362558.459,1196919
1335361362558.547,1198367
1335361362558.673,1199815
1335361362558.790,1201263
1335361362558.950,1202711
1335361362559.036,1204159
1335361362559.158,1205607
1335361362559.278,1207055
1335361362559.437,1208503
1335361362559.526,1209951
1335361362559.642,1211399
1335361362559.807,1212847
1335361362559.895,1214295
1335361362560.022,1215743
1335361362560.143,1217191
1335361362560.297,1218639
1335361362560.392,1220087
1335361362560.511,1221535
1335361362560.668,1222983
1335361362560.756,1224431
1335361362560.908,1225879
1335361362561.003,1227327
1335361362561.126,1228775
1335361362561.243,1230223
1335361362561.390,1231671
1335361362561.499,1233119
1335361362561.620,1234567
1335361362561.743,1236015
1335361362561.866,1237463
1335361362562.024,1238911
1335361362562.111,1240359
1335361362562.229,1241807
1335361362562.389,1243255
1335361362562.481,1244703
1335361362562.599,1246151
1335361362562.765,1247599
1335361362562.852,1249047
1335361362562.976,1250495
1335361362563.130,1251943
1335361362563.219,1253391
1335361362563.347,1254839
1335361362563.464,1256287
1335361362563.619,1257735
1335361362563.711,1259183
1335361362563.831,1260631
1335361362563.986,1262079
1335361362564.081,1263527
1335361362564.204,1264975
1335361362564.356,1266423
1335361362564.450,1267871
1335361362564.573,1269319
1335361362564.691,1270767
1335361362564.848,1272215
1335361362564.941,1273663
1335361362565.069,1275111
1335361362565.197,1276559
1335361362565.310,1278007
1335361362565.474,1279455
1335361362565.556,1280903
1335361362565.718,1282351
1335361362565.804,1283799
1335361362565.923,1285247
1335361362566.088,1286695
1335361362566.171,1288143
1335361362566.290,1289591
1335361362566.449,1291039
1335361362566.538,1292487
1335361362566.662,1293935
1335361362566.787,1295383
1335361362566.910,1296831
1335361362567.066,1298279
1335361362567.158,1299727
1335361362567.285,1301175
1335361362567.405,1302623
1335361362567.566,1304071
1335361362567.658,1305519
1335361362567.774,1306967
1335361362567.940,1308415
1335361362568.027,1309863
1335361362568.151,1311311
1335361362568.274,1312759
1335361362568.392,1314207
1335361362568.550,1315655
1335361362568.642,1317103
1335361362568.768,1318551
1335361362568.889,1319999
1335361362569.047,1321447
1335361362569.134,1322895
1335361362569.263,1324343
1335361362569.384,1325791
1335361362569.529,1327239
1335361362569.626,1328687
1335361362569.745,1330135
1335361362569.892,1331583
1335361362569.995,1333031
1335361362570.116,1334479
1335361362570.276,1335927
1335361362570.364,1337375
1335361362570.491,1338823
1335361362570.605,1340271
1335361362570.761,1341719
1335361362570.855,1343167
1335361362570.981,1344615
1335361362571.104,1346063
1335361362571.258,1347511
1335361362571.348,1348959
1335361362571.473,1350407
1335361362571.586,1351855
1335361362571.738,1353303
1335361362571.841,1354751
1335361362571.965,1356199
1335361362572.087,1357647
1335361362572.235,1359095
1335361362572.333,1360543
1335361362572.455,1361991
1335361362572.615,1363439
1335361362572.706,1364887
1335361362572.817,1366335
1335361362572.983,1367783
1335361362573.071,1369231
1335361362573.202,1370679
1335361362573.321,1372127
1335361362573.467,1373575
1335361362573.564,1375023
1335361362573.693,1376471
1335361362573.811,1377919
1335361362573.972,1379367
1335361362574.053,1380815
1335361362574.210,1382263
1335361362574.302,1383711
1335361362574.426,1385159
1335361362574.551,1386607
1335361362574.674,1388055
1335361362574.830,1389503
1335361362574.915,1390951
1335361362575.068,1392399
1335361362575.160,1393847
1335361362575.287,1395295
1335361362575.409,1396743
1335361362575.559,1398191
1335361362575.654,1399639
1335361362575.775,1401087
1335361362575.936,1402535
1335361362576.024,1403983
1335361362576.144,1405431
1335361362576.309,1406879
1335361362576.395,1408327
1335361362576.524,1409775
1335361362576.644,1411223
1335361362576.802,1412671
1335361362576.885,1414119
1335361362577.045,1415567
1335361362577.131,1417015
1335361362577.254,1418463
1335361362577.407,1419911
1335361362577.501,1421359
1335361362577.635,1422807
1335361362577.746,1424255
1335361362577.869,1425703
1335361362577.991,1427151
1335361362578.148,1428599
1335361362578.239,1430047
1335361362578.361,1431495
1335361362578.521,1432943
1335361362578.606,1434391
1335361362578.764,1435839
1335361362578.854,1437287
1335361362578.976,1438735
1335361362579.137,1440183
1335361362579.222,1441631
1335361362579.346,1443079
1335361362579.462,1444527
1335361362579.628,1445975
1335361362579.719,1447423
1335361362579.833,1448871
1335361362579.995,1450319
1335361362580.080,1451767
1335361362580.202,1453215
1335361362580.359,1454663
1335361362580.455,1456111
1335361362580.582,1457559
1335361362580.701,1459007
1335361362580.861,1460455
1335361362580.944,1461903
1335361362581.066,1463351
1335361362581.221,1464799
1335361362581.301,1466247
1335361362581.474,1467695
1335361362581.567,1469143
1335361362581.684,1470591
1335361362581.834,1472039
1335361362581.930,1473487
1335361362582.051,1474935
1335361362582.206,1476383
1335361362582.303,1477831
1335361362582.424,1479279
1335361362582.575,1480727
1335361362582.667,1482175
1335361362582.790,1483623
1335361362582.910,1485071
1335361362583.074,1486519
1335361362583.160,1487967
1335361362583.282,1489415
1335361362583.443,1490863
1335361362583.533,1492311
1335361362583.651,1493759
1335361362583.811,1495207
1335361362583.898,1496655
1335361362584.025,1498103
1335361362584.145,1499551
1335361362584.307,1500999
1335361362584.391,1502447
1335361362584.512,1503895
1335361362584.674,1505343
1335361362584.759,1506791
1335361362584.882,1508239
1335361362585.043,1509687
1335361362585.130,1511135
1335361362585.250,1512583
1335361362585.416,1514031
1335361362585.497,1515479
1335361362585.623,1516927
1335361362585.744,1518375
1335361362585.908,1519823
1335361362585.990,1521271
1335361362586.117,1522719
1335361362586.238,1524167
1335361362586.399,1525615
1335361362586.479,1527063
1335361362586.646,1528511
1335361362586.728,1529959
1335361362586.855,1531407
1335361362586.975,1532855
1335361362587.138,1534303
1335361362587.219,1535751
1335361362587.347,1537199
1335361362587.468,1538647
1335361362587.627,1540095
1335361362587.713,1541543
1335361362587.831,1542991
1335361362587.999,1544439
1335361362588.083,1545887
1335361362588.208,1547335
1335361362588.333,1548783
1335361362588.463,1550231
1335361362588.572,1551679
1335361362588.695,1553127
1335361362588.815,1554575
1335361362588.975,1556023
1335361362589.064,1557471
1335361362589.187,1558919
1335361362589.343,1560367
1335361362589.432,1561815
1335361362589.554,1563263
1335361362589.716,1564711
1335361362589.805,1566159
1335361362589.931,1567607
1335361362590.116,1569055
1335361362590.331,1571951
1335361362590.568,1574847
1335361362590.815,1577743
1335361362591.062,1580639
1335361362591.301,1583535
1335361362591.565,1586431
1335361362591.809,1589327
1335361362592.051,1592223
1335361362592.291,1595119
1335361362592.528,1598015
1335361362592.795,1600911
1335361362593.033,1603807
1335361362593.286,1606703
1335361362593.525,1609599
1335361362593.773,1612495
1335361362594.046,1615391
1335361362594.267,1618287
1335361362594.515,1621183
1335361362594.601,1622631
1335361362594.717,1624079
1335361362594.880,1625527
1335361362594.968,1626975
1335361362595.091,1628423
1335361362595.216,1629871
1335361362595.338,1631319
1335361362595.464,1632767
1335361362595.586,1634215
1335361362595.742,1635663
1335361362595.828,1637111
1335361362595.953,1638559
1335361362596.073,1640007
1335361362596.229,1641455
1335361362596.324,1642903
1335361362596.449,1644351
1335361362596.572,1645799
1335361362596.697,1647247
1335361362596.819,1648695
1335361362596.941,1650143
1335361362597.095,1651591
1335361362597.186,1653039
1335361362597.311,1654487
1335361362597.433,1655935
1335361362597.594,1657383
1335361362597.674,1658831
1335361362597.836,1660279
1335361362597.919,1661727
1335361362598.040,1663175
1335361362598.204,1664623
1335361362598.288,1666071
1335361362598.436,1667519
1335361362598.545,1668967
1335361362598.655,1670415
1335361362598.816,1671863
1335361362598.908,1673311
1335361362599.032,1674759
1335361362599.156,1676207
1335361362599.312,1677655
1335361362599.398,1679103
1335361362599.518,1680551
1335361362599.678,1681999
1335361362599.771,1683447
1335361362599.891,1684895
1335361362600.040,1686343
1335361362600.127,1687791
1335361362600.252,1689239
1335361362600.424,1690687
1335361362600.503,1692135
1335361362600.669,1693583
1335361362600.749,1695031
1335361362600.916,1696479
1335361362600.998,1697927
1335361362601.156,1699375
1335361362601.248,1700823
1335361362601.375,1702271
1335361362601.496,1703719
1335361362601.656,1705167
1335361362601.736,1706615
1335361362601.888,1708063
1335361362601.971,1709511
1335361362602.137,1710959
1335361362602.231,1712407
1335361362602.352,1713855
1335361362602.515,1715303
1335361362602.598,1716751
1335361362602.724,1718199
1335361362602.867,1719647
1335361362602.968,1721095
1335361362603.090,1722543
1335361362603.206,1723991
1335361362603.377,1725439
1335361362603.459,1726887
1335361362603.580,1728335
1335361362603.733,1729783
1335361362603.831,1731231
1335361362603.954,1732679
1335361362604.114,1734127
1335361362604.196,1735575
1335361362604.341,1737023
1335361362604.439,1738471
1335361362604.593,1739919
1335361362604.691,1741367
1335361362604.816,1742815
1335361362604.939,1744263
1335361362605.062,1745711
1335361362605.186,1747159
1335361362605.340,1748607
1335361362605.427,1750055
1335361362605.548,1751503
1335361362605.708,1752951
1335361362605.794,1754399
1335361362605.922,1755847
1335361362606.083,1757295
1335361362606.166,1758743
1335361362606.289,1760191
1335361362606.414,1761639
1335361362606.557,1763087
1335361362606.660,1764535
1335361362606.780,1765983
1335361362606.904,1767431
1335361362607.025,1768879
1335361362607.193,1770327
1335361362607.274,1771775
1335361362607.394,1773223
1335361362607.554,1774671
1335361362607.640,1776119
1335361362607.766,1777567
1335361362607.919,1779015
1335361362608.005,1780463
1335361362608.137,1781911
1335361362608.260,1783359
1335361362608.384,1784807
1335361362608.502,1786255
1335361362608.649,1787703
1335361362608.753,1789151
1335361362608.874,1790599
1335361362609.038,1792047
1335361362609.118,1793495
1335361362609.238,1794943
1335361362609.397,1796391
1335361362609.485,1797839
1335361362609.612,1799287
1335361362609.765,1800735
1335361362609.846,1802183
1335361362609.972,1803631
1335361362610.129,1805079
1335361362610.238,1806527
1335361362610.353,1807975
1335361362610.510,1809423
1335361362610.594,1810871
1335361362610.717,1812319
1335361362610.843,1813767
1335361362610.966,1815215
1335361362611.092,1816663
1335361362611.213,1818111
1335361362611.374,1819559
1335361362611.454,1821007
1335361362611.612,1822455
1335361362611.704,1823903
1335361362611.828,1825351
1335361362611.950,1826799
1335361362612.074,1828247
1335361362612.195,1829695
1335361362612.319,1831143
1335361362612.598,1834039
1335361362612.850,1836935
1335361362613.090,1839831
1335361362613.341,1842727
1335361362613.581,1845623
1335361362613.814,1848519
1335361362614.078,1851415
1335361362614.326,1854311
1335361362614.564,1857207
1335361362614.803,1860103
1335361362615.065,1862999
1335361362615.311,1865895
1335361362615.556,1868791
1335361362615.801,1871687
1335361362616.048,1874583
1335361362616.287,1877479
1335361362616.567,1880375
1335361362616.786,1883271
1335361362617.035,1886167
1335361362617.266,1889063
1335361362617.515,1891959
1335361362617.772,1894855
1335361362618.020,1897751
1335361362618.251,1900647
1335361362618.510,1903543
1335361362618.755,1906439
1335361362619.002,1909335
1335361362619.241,1912231
1335361362619.480,1915127
1335361362619.739,1918023
1335361362619.980,1920919
1335361362620.220,1923815
1335361362620.459,1926711
1335361362620.687,1929607
1335361362620.970,1932503
1335361362621.211,1935399
1335361362621.450,1938295
1335361362621.694,1941191
1335361362621.954,1944087
1335361362622.193,1946983
1335361362622.447,1949879
1335361362622.685,1952775
1335361362622.926,1955671
1335361362623.163,1958567
1335361362623.408,1961463
1335361362623.682,1964359
1335361362623.922,1967255
1335361362624.160,1970151
1335361362624.415,1973047
1335361362624.666,1975943
1335361362624.900,1978839
1335361362625.139,1981735
1335361362625.393,1984631
1335361362625.645,1987527
1335361362625.890,1990423
1335361362626.129,1993319
1335361362626.366,1996215
1335361362626.632,1999111
1335361362666.431,2105583
1335361363604.689,2107031
1335361363604.749,2108479
1335361363604.850,2109927
1335361363605.020,2111375
1335361363605.113,2112823
1335361363605.235,2114271
1335361363605.402,2115719
1335361363605.472,2117167
1335361363605.640,2118615
1335361363605.725,2120063
1335361363605.843,2121511
1335361363606.007,2122959
1335361363606.090,2124407
1335361363606.250,2125855
1335361363606.341,2127303
1335361363606.462,2128751
1335361363606.711,2131647
1335361363606.990,2134543
1335361363607.237,2137439
1335361363607.484,2140335
1335361363607.728,2143231
1335361363607.966,2146127
1335361363608.207,2149023
1335361363608.468,2151919
1335361363608.708,2154815
1335361363608.944,2157711
1335361363609.206,2160607
1335361363609.444,2163503
1335361363609.681,2166399
1335361363609.921,2169295
1335361363610.056,2171119
1335361364617.802,2172567
1335361364617.883,2174015
1335361364617.965,2175463
1335361364618.124,2176911
1335361364618.213,2178359
1335361364618.336,2179807
1335361364618.489,2181255
1335361364618.576,2182703
1335361364618.741,2184151
1335361364618.828,2185599
1335361364618.987,2187047
1335361364619.075,2188495
1335361364619.229,2189943
1335361364619.321,2191391
1335361364619.438,2192839
1335361364619.604,2194287
1335361364619.843,2197183
1335361364620.081,2200079
1335361364620.343,2202975
1335361364620.579,2205871
1335361364620.818,2208767
1335361364621.060,2211663
1335361364621.301,2214559
1335361364621.583,2217455
1335361364621.816,2220351
1335361364622.057,2223247
1335361364622.295,2226143
1335361364622.555,2229039
1335361364622.798,2231935
1335361364623.040,2234831
1335361364623.154,2236655
1335361365632.283,2238103
1335361365632.339,2239551
1335361365632.430,2240999
1335361365632.575,2242447
1335361365632.687,2243895
1335361365632.845,2245343
1335361365632.932,2246791
1335361365633.078,2248239
1335361365633.178,2249687
1335361365633.287,2251135
1335361365633.441,2252583
1335361365633.547,2254031
1335361365633.706,2255479
1335361365633.791,2256927
1335361365633.954,2258375
1335361365634.038,2259823
1335361365634.325,2262719
1335361365634.566,2265615
1335361365634.813,2268511
1335361365635.060,2271407
1335361365635.294,2274303
1335361365635.526,2277199
1335361365635.798,2280095
1335361365636.027,2282991
1335361365636.261,2285887
1335361365636.534,2288783
1335361365636.771,2291679
1335361365637.031,2294575
1335361365637.264,2297471
1335361365637.479,2300367
1335361365637.641,2302191
1335361366644.733,2303639
1335361366644.781,2305087
1335361366644.937,2306535
1335361366645.027,2307983
1335361366645.174,2309431
1335361366645.274,2310879
1335361366645.382,2312327
1335361366645.556,2313775
1335361366645.639,2315223
1335361366645.798,2316671
1335361366645.878,2318119
1335361366646.041,2319567
1335361366646.130,2321015
1335361366646.275,2322463
1335361366646.380,2323911
1335361366646.539,2325359
1335361366646.781,2328255
1335361366647.033,2331151
1335361366647.279,2334047
1335361366647.525,2336943
1335361366647.772,2339839
1335361366648.009,2342735
1335361366648.262,2345631
1335361366648.509,2348527
1335361366648.755,2351423
1335361366648.986,2354319
1335361366649.218,2357215
1335361366649.493,2360111
1335361366649.741,2363007
1335361366649.975,2365903
1335361366650.090,2367727
1335361367657.681,2369175
1335361367657.744,2370623
1335361367657.775,2372071
1335361367657.888,2373519
1335361367658.037,2374967
1335361367658.136,2376415
1335361367658.251,2377863
1335361367658.411,2379311
1335361367658.499,2380759
1335361367658.648,2382207
1335361367658.748,2383655
1335361367658.863,2385103
1335361367659.026,2386551
1335361367659.112,2387999
1335361367659.267,2389447
1335361367659.357,2390895
1335361367659.610,2393791
1335361367659.874,2396687
1335361367660.137,2399583
1335361367660.376,2402479
1335361367660.610,2405375
1335361367660.848,2408271
1335361367661.123,2411167
1335361367661.360,2414063
1335361367661.597,2416959
1335361367661.860,2419855
1335361367662.106,2422751
1335361367662.351,2425647
1335361367662.588,2428543
1335361367662.831,2431439
1335361367662.950,2433263
1335361368671.712,2434711
1335361368671.765,2436159
1335361368671.881,2437607
1335361368672.045,2439055
1335361368672.118,2440503
1335361368672.280,2441951
1335361368672.372,2443399
1335361368672.527,2444847
1335361368672.616,2446295
1335361368672.778,2447743
1335361368672.863,2449191
1335361368673.018,2450639
1335361368673.109,2452087
1335361368673.226,2453535
1335361368673.400,2454983
1335361368673.477,2456431
1335361368673.721,2459327
1335361368673.995,2462223
1335361368674.233,2465119
1335361368674.475,2468015
1335361368674.747,2470911
1335361368674.990,2473807
1335361368675.243,2476703
1335361368675.476,2479599
1335361368675.728,2482495
1335361368675.970,2485391
1335361368676.220,2488287
1335361368676.468,2491183
1335361368676.707,2494079
1335361368676.960,2496975
1335361368677.063,2498799
1335361369684.595,2500247
1335361369684.625,2501695
1335361369684.732,2503143
1335361369684.889,2504591
1335361369684.975,2506039
1335361369685.119,2507487
1335361369685.220,2508935
1335361369685.380,2510383
1335361369685.464,2511831
1335361369685.622,2513279
1335361369685.710,2514727
1335361369685.869,2516175
1335361369685.955,2517623
1335361369686.114,2519071
1335361369686.202,2520519
1335361369686.360,2521967
1335361369686.608,2524863
1335361369686.837,2527759
1335361369687.104,2530655
1335361369687.355,2533551
1335361369687.591,2536447
1335361369687.833,2539343
1335361369688.069,2542239
1335361369688.301,2545135
1335361369688.581,2548031
1335361369688.814,2550927
1335361369689.050,2553823
1335361369689.317,2556719
1335361369689.557,2559615
1335361369689.792,2562511
1335361369689.915,2564335
1335361370698.663,2565783
1335361370698.712,2567231
1335361370698.828,2568679
1335361370698.991,2570127
1335361370699.077,2571575
1335361370699.234,2573023
1335361370699.325,2574471
1335361370699.482,2575919
1335361370699.565,2577367
1335361370699.713,2578815
1335361370699.815,2580263
1335361370699.929,2581711
1335361370700.096,2583159
1335361370700.183,2584607
1335361370700.341,2586055
1335361370700.426,2587503
1335361370700.672,2590399
1335361370700.908,2593295
1335361370701.206,2596191
1335361370701.451,2599087
1335361370701.699,2601983
1335361370701.934,2604879
1335361370702.188,2607775
1335361370702.426,2610671
1335361370702.665,2613567
1335361370702.906,2616463
1335361370703.142,2619359
1335361370703.414,2622255
1335361370703.658,2625151
1335361370703.914,2628047
1335361370704.041,2629871
1335361371711.911,2631319
1335361371711.956,2632767
1335361371712.095,2634215
1335361371712.197,2635663
1335361371712.355,2637111
1335361371712.440,2638559
1335361371712.600,2640007
1335361371712.685,2641455
1335361371712.829,2642903
1335361371712.932,2644351
1335361371713.092,2645799
1335361371713.181,2647247
1335361371713.340,2648695
1335361371713.429,2650143
1335361371713.584,2651591
1335361371713.675,2653039
1335361371713.961,2655935
1335361371714.205,2658831
1335361371714.435,2661727
1335361371714.671,2664623
1335361371714.941,2667519
1335361371715.177,2670415
1335361371715.433,2673311
1335361371715.667,2676207
1335361371715.899,2679103
1335361371716.165,2681999
1335361371716.417,2684895
1335361371716.657,2687791
1335361371716.910,2690687
1335361371717.140,2693583
1335361371717.268,2695407
1335361372725.651,2696855
1335361372725.719,2698303
1335361372725.813,2699751
1335361372725.927,2701199
1335361372726.096,2702647
1335361372726.187,2704095
1335361372726.302,2705543
1335361372726.465,2706991
1335361372726.552,2708439
1335361372726.672,2709887
1335361372726.828,2711335
1335361372726.921,2712783
1335361372727.039,2714231
1335361372727.204,2715679
1335361372727.284,2717127
1335361372727.449,2718575
1335361372727.687,2721471
1335361372727.930,2724367
1335361372728.170,2727263
1335361372728.396,2730159
1335361372728.677,2733055
1335361372728.910,2735951
1335361372729.159,2738847
1335361372729.392,2741743
1335361372729.667,2744639
1335361372729.908,2747535
1335361372730.149,2750431
1335361372730.386,2753327
1335361372730.649,2756223
1335361372730.894,2759119
1335361372731.000,2760943
1335361373738.777,2762391
1335361373738.825,2763839
1335361373738.858,2765287
1335361373738.972,2766735
1335361373739.144,2768183
1335361373739.235,2769631
1335361373739.357,2771079
1335361373739.505,2772527
1335361373739.598,2773975
1335361373739.748,2775423
1335361373739.847,2776871
1335361373739.968,2778319
1335361373740.118,2779767
1335361373740.217,2781215
1335361373740.336,2782663
1335361373740.491,2784111
1335361373740.730,2787007
1335361373740.997,2789903
1335361373741.231,2792799
1335361373741.483,2795695
1335361373741.724,2798591
1335361373741.976,2801487
1335361373742.222,2804383
1335361373742.462,2807279
1335361373742.713,2810175
1335361373742.962,2813071
1335361373743.203,2815967
1335361373743.438,2818863
1335361373743.689,2821759
1335361373743.934,2824655
1335361373744.064,2826479
1335361374751.601,2827927
1335361374751.666,2829375
1335361374751.754,2830823
1335361374751.908,2832271
1335361374752.000,2833719
1335361374752.111,2835167
1335361374752.266,2836615
1335361374752.365,2838063
1335361374752.478,2839511
1335361374752.631,2840959
1335361374752.734,2842407
1335361374752.850,2843855
1335361374753.000,2845303
1335361374753.139,2846751
1335361374753.223,2848199
1335361374753.374,2849647
1335361374753.610,2852543
1335361374753.848,2855439
1335361374754.080,2858335
1335361374754.337,2861231
1335361374754.618,2864127
1335361374754.867,2867023
1335361374755.105,2869919
1335361374755.344,2872815
1335361374755.603,2875711
1335361374755.842,2878607
1335361374756.096,2881503
1335361374756.342,2884399
1335361374756.582,2887295
1335361374756.822,2890191
1335361374756.961,2892015
1335361375764.477,2893463
1335361375764.529,2894911
1335361375764.633,2896359
1335361375764.752,2897807
1335361375764.871,2899255
1335361375765.027,2900703
1335361375765.134,2902151
1335361375765.251,2903599
1335361375765.381,2905047
1335361375765.498,2906495
1335361375765.657,2907943
1335361375765.745,2909391
1335361375765.862,2910839
1335361375766.025,2912287
1335361375766.112,2913735
1335361375766.265,2915183
1335361375766.520,2918079
1335361375766.769,2920975
1335361375767.011,2923871
1335361375767.258,2926767
1335361375767.500,2929663
1335361375767.737,2932559
1335361375767.974,2935455
1335361375768.219,2938351
1335361375768.492,2941247
1335361375768.735,2944143
1335361375768.973,2947039
1335361375769.213,2949935
1335361375769.476,2952831
1335361375769.712,2955727
1335361375769.823,2957551
1335361376778.287,2958999
1335361376778.368,2960447
1335361376778.449,2961895
1335361376778.610,2963343
1335361376778.699,2964791
1335361376778.821,2966239
1335361376778.977,2967687
1335361376779.066,2969135
1335361376779.184,2970583
1335361376779.347,2972031
1335361376779.434,2973479
1335361376779.589,2974927
1335361376779.682,2976375
1335361376779.802,2977823
1335361376779.965,2979271
1335361376780.049,2980719
1335361376780.337,2983615
1335361376780.573,2986511
1335361376780.812,2989407
1335361376781.072,2992303
1335361376781.319,2995199
1335361376781.559,2998095
1335361376781.797,3000991
1335361376782.037,3003887
1335361376782.304,3006783
1335361376782.548,3009679
1335361376782.796,3012575
1335361376783.034,3015471
1335361376783.272,3018367
1335361376783.526,3021263
1335361376783.646,3023087
1335361377792.433,3024535
1335361377792.487,3025983
1335361377792.609,3027431
1335361377792.766,3028879
1335361377792.855,3030327
1335361377792.974,3031775
1335361377793.132,3033223
1335361377793.219,3034671
1335361377793.380,3036119
1335361377793.471,3037567
1335361377793.587,3039015
1335361377793.749,3040463
1335361377793.843,3041911
1335361377793.947,3043359
1335361377794.115,3044807
1335361377794.208,3046255
1335361377794.490,3049151
1335361377794.730,3052047
1335361377794.966,3054943
1335361377795.208,3057839
1335361377795.434,3060735
1335361377795.709,3063631
1335361377795.947,3066527
1335361377796.211,3069423
1335361377796.451,3072319
1335361377796.693,3075215
1335361377796.930,3078111
1335361377797.171,3081007
1335361377797.444,3083903
1335361377797.688,3086799
1335361377797.789,3088623
1335361378805.393,3090071
1335361378805.465,3091519
1335361378805.548,3092967
1335361378805.658,3094415
1335361378805.821,3095863
1335361378805.911,3097311
1335361378806.069,3098759
1335361378806.153,3100207
1335361378806.313,3101655
1335361378806.403,3103103
1335361378806.562,3104551
1335361378806.645,3105999
1335361378806.808,3107447
1335361378806.893,3108895
1335361378807.051,3110343
1335361378807.138,3111791
1335361378807.384,3114687
1335361378807.634,3117583
1335361378807.877,3120479
1335361378808.160,3123375
1335361378808.407,3126271
1335361378808.640,3129167
1335361378808.871,3132063
1335361378809.106,3134959
1335361378809.352,3137855
1335361378809.603,3140751
1335361378809.846,3143647
1335361378810.131,3146543
1335361378810.364,3149439
1335361378810.604,3152335
1335361378810.729,3154159
1335361379818.478,3155607
1335361379818.531,3157055
1335361379818.648,3158503
1335361379818.809,3159951
1335361379818.903,3161399
1335361379819.019,3162847
1335361379819.184,3164295
1335361379819.267,3165743
1335361379819.424,3167191
1335361379819.513,3168639
1335361379819.668,3170087
1335361379819.760,3171535
1335361379819.877,3172983
1335361379820.033,3174431
1335361379820.127,3175879
1335361379820.244,3177327
1335361379820.494,3180223
1335361379820.742,3183119
1335361379821.033,3186015
1335361379821.243,3188911
1335361379821.518,3191807
1335361379821.758,3194703
1335361379821.997,3197599
1335361379822.238,3200495
1335361379822.502,3203391
1335361379822.751,3206287
1335361379822.988,3209183
1335361379823.226,3212079
1335361379823.467,3214975
1335361379823.689,3217871
1335361379823.868,3219695
1335361380831.518,3221143
1335361380831.589,3222591
1335361380831.680,3224039
1335361380831.796,3225487
1335361380831.954,3226935
1335361380832.056,3228383
1335361380832.174,3229831
1335361380832.326,3231279
1335361380832.419,3232727
1335361380832.549,3234175
1335361380832.701,3235623
1335361380832.789,3237071
1335361380832.938,3238519
1335361380833.034,3239967
1335361380833.156,3241415
1335361380833.314,3242863
1335361380833.563,3245759
1335361380833.799,3248655
1335361380834.041,3251551
1335361380834.281,3254447
1335361380834.514,3257343
1335361380834.799,3260239
1335361380835.041,3263135
1335361380835.282,3266031
1335361380835.515,3268927
1335361380835.787,3271823
1335361380836.022,3274719
1335361380836.263,3277615
1335361380836.535,3280511
1335361380836.761,3283407
1335361380836.874,3285231
1335361381845.399,3286679
1335361381845.468,3288127
1335361381845.499,3289575
1335361381845.608,3291023
1335361381845.740,3292471
1335361381845.847,3293919
1335361381845.959,3295367
1335361381846.136,3296815
1335361381846.214,3298263
1335361381846.379,3299711
1335361381846.463,3301159
1335361381846.617,3302607
1335361381846.711,3304055
1335361381846.827,3305503
1335361381846.985,3306951
1335361381847.076,3308399
1335361381847.362,3311295
1335361381847.600,3314191
1335361381847.841,3317087
1335361381848.101,3319983
1335361381848.347,3322879
1335361381848.584,3325775
1335361381848.825,3328671
1335361381849.084,3331567
1335361381849.324,3334463
1335361381849.577,3337359
1335361381849.825,3340255
1335361381850.071,3343151
1335361381850.309,3346047
1335361381850.560,3348943
1335361381850.666,3350767
1335361382858.415,3352215
1335361382858.492,3353663
1335361382858.579,3355111
1335361382858.738,3356559
1335361382858.828,3358007
1335361382858.948,3359455
1335361382859.107,3360903
1335361382859.192,3362351
1335361382859.307,3363799
1335361382859.465,3365247
1335361382859.564,3366695
1335361382859.678,3368143
1335361382859.841,3369591
1335361382859.932,3371039
1335361382860.051,3372487
1335361382860.204,3373935
1335361382860.438,3376831
1335361382860.679,3379727
1335361382860.954,3382623
1335361382861.201,3385519
1335361382861.446,3388415
1335361382861.691,3391311
1335361382861.938,3394207
1335361382862.174,3397103
1335361382862.416,3399999
1335361382862.657,3402895
1335361382862.885,3405791
1335361382863.158,3408687
1335361382863.406,3411583
1335361382863.651,3414479
1335361382863.772,3416303
1335361383872.480,3417751
1335361383872.531,3419199
1335361383872.639,3420647
1335361383872.752,3422095
1335361383872.863,3423543
1335361383873.036,3424991
1335361383873.116,3426439
1335361383873.278,3427887
1335361383873.366,3429335
1335361383873.517,3430783
1335361383873.610,3432231
1335361383873.726,3433679
1335361383873.881,3435127
1335361383873.979,3436575
1335361383874.096,3438023
1335361383874.264,3439471
1335361383874.513,3442367
1335361383874.754,3445263
1335361383874.999,3448159
1335361383875.243,3451055
1335361383875.487,3453951
1335361383875.731,3456847
1335361383875.981,3459743
1335361383876.221,3462639
1335361383876.476,3465535
1335361383876.721,3468431
1335361383876.960,3471327
1335361383877.201,3474223
1335361383877.458,3477119
1335361383877.697,3480015
1335361383877.811,3481839
1335361384885.322,3483287
1335361384885.361,3484735
1335361384885.465,3486183
1335361384885.625,3487631
1335361384885.713,3489079
1335361384885.861,3490527
1335361384885.952,3491975
1335361384886.101,3493423
1335361384886.206,3494871
1335361384886.320,3496319
1335361384886.474,3497767
1335361384886.569,3499215
1335361384886.727,3500663
1335361384886.833,3502111
1335361384886.936,3503559
1335361384887.098,3505007
1335361384887.336,3507903
1335361384887.583,3510799
1335361384887.815,3513695
1335361384888.065,3516591
1335361384888.332,3519487
1335361384888.577,3522383
1335361384888.817,3525279
1335361384889.072,3528175
1335361384889.315,3531071
1335361384889.560,3533967
1335361384889.800,3536863
1335361384890.044,3539759
1335361384890.285,3542655
1335361384890.542,3545551
1335361384890.664,3547375
1335361385898.415,3548823
1335361385898.465,3550271
1335361385898.574,3551719
1335361385898.693,3553167
1335361385898.814,3554615
1335361385898.979,3556063
1335361385899.060,3557511
1335361385899.215,3558959
1335361385899.312,3560407
1335361385899.427,3561855
1335361385899.590,3563303
1335361385899.682,3564751
1335361385899.799,3566199
1335361385899.952,3567647
1335361385900.051,3569095
1335361385900.209,3570543
1335361385900.456,3573439
1335361385900.704,3576335
1335361385900.950,3579231
1335361385901.183,3582127
1335361385901.439,3585023
1335361385901.690,3587919
1335361385901.924,3590815
1335361385902.175,3593711
1335361385902.418,3596607
1335361385902.657,3599503
1335361385902.920,3602399
1335361385903.155,3605295
1335361385903.407,3608191
1335361385903.642,3611087
1335361385903.761,3612911
1335361386912.458,3614359
1335361386912.537,3615807
1335361386912.567,3617255
1335361386912.662,3618703
1335361386912.786,3620151
1335361386912.904,3621599
1335361386913.058,3623047
1335361386913.156,3624495
1335361386913.272,3625943
1335361386913.433,3627391
1335361386913.521,3628839
1335361386913.679,3630287
1335361386913.769,3631735
1335361386913.882,3633183
1335361386914.057,3634631
1335361386914.132,3636079
1335361386914.421,3638975
1335361386914.661,3641871
1335361386914.901,3644767
1335361386915.156,3647663
1335361386915.403,3650559
1335361386915.650,3653455
1335361386915.896,3656351
1335361386916.136,3659247
1335361386916.384,3662143
1335361386916.625,3665039
1335361386916.881,3667935
1335361386917.128,3670831
1335361386917.371,3673727
1335361386917.612,3676623
1335361386917.730,3678447
1335361387925.182,3679895
1335361387925.225,3681343
1335361387925.321,3682791
1335361387925.441,3684239
1335361387925.603,3685687
1335361387925.692,3687135
1335361387925.844,3688583
1335361387925.934,3690031
1335361387926.055,3691479
1335361387926.212,3692927
1335361387926.304,3694375
1335361387926.421,3695823
1335361387926.573,3697271
1335361387926.673,3698719
1335361387926.819,3700167
1335361387926.921,3701615
1335361387927.202,3704511
1335361387927.441,3707407
1335361387927.680,3710303
1335361387927.918,3713199
1335361387928.149,3716095
1335361387928.433,3718991
1335361387928.671,3721887
1335361387928.909,3724783
1335361387929.148,3727679
1335361387929.381,3730575
1335361387929.653,3733471
1335361387929.895,3736367
1335361387930.134,3739263
1335361387930.405,3742159
1335361387930.508,3743983
1335361388939.185,3745431
1335361388939.264,3746879
1335361388939.354,3748327
1335361388939.470,3749775
1335361388939.632,3751223
1335361388939.720,3752671
1335361388939.873,3754119
1335361388939.963,3755567
1335361388940.086,3757015
1335361388940.240,3758463
1335361388940.335,3759911
1335361388940.453,3761359
1335361388940.610,3762807
1335361388940.705,3764255
1335361388940.822,3765703
1335361388940.979,3767151
1335361388941.220,3770047
1335361388941.483,3772943
1335361388941.719,3775839
1335361388941.956,3778735
1335361388942.215,3781631
1335361388942.463,3784527
1335361388942.704,3787423
1335361388942.942,3790319
1335361388943.186,3793215
1335361388943.445,3796111
1335361388943.677,3799007
1335361388943.945,3801903
1335361388944.185,3804799
1335361388944.426,3807695
1335361388944.537,3809519
1335361389952.717,3810967
1335361389952.768,3812415
1335361389952.877,3813863
1335361389952.993,3815311
1335361389953.115,3816759
1335361389953.274,3818207
1335361389953.366,3819655
1335361389953.488,3821103
1335361389953.644,3822551
1335361389953.734,3823999
1335361389953.847,3825447
1335361389954.030,3826895
1335361389954.093,3828343
1335361389954.260,3829791
1335361389954.338,3831239
1335361389954.499,3832687
1335361389954.744,3835583
1335361389955.002,3838479
1335361389955.251,3841375
1335361389955.488,3844271
1335361389955.744,3847167
1335361389955.988,3850063
1335361389956.227,3852959
1335361389956.480,3855855
1335361389956.721,3858751
1335361389956.958,3861647
1335361389957.201,3864543
1335361389957.439,3867439
1335361389957.712,3870335
1335361389957.950,3873231
1335361389958.068,3875055
1335361390965.329,3876503
1335361390965.369,3877951
1335361390965.475,3879399
1335361390965.633,3880847
1335361390965.716,3882295
1335361390965.871,3883743
1335361390965.964,3885191
1335361390966.083,3886639
1335361390966.247,3888087
1335361390966.331,3889535
1335361390966.484,3890983
1335361390966.583,3892431
1335361390966.700,3893879
1335361390966.859,3895327
1335361390966.940,3896775
1335361390967.098,3898223
1335361390967.357,3901119
1335361390967.595,3904015
1335361390967.833,3906911
1335361390968.067,3909807
1335361390968.341,3912703
1335361390968.579,3915599
1335361390968.831,3918495
1335361390969.072,3921391
1335361390969.310,3924287
1335361390969.569,3927183
1335361390969.808,3930079
1335361390970.047,3932975
1335361390970.310,3935871
1335361390970.545,3938767
1335361390970.662,3940591
1335361391979.234,3942039
1335361391979.309,3943487
1335361391979.396,3944935
1335361391979.552,3946383
1335361391979.637,3947831
1335361391979.786,3949279
1335361391979.891,3950727
1335361391980.002,3952175
1335361391980.172,3953623
1335361391980.268,3955071
1335361391980.375,3956519
1335361391980.544,3957967
1335361391980.626,3959415
1335361391980.782,3960863
1335361391980.867,3962311
1335361391980.988,3963759
1335361391981.237,3966655
1335361391981.483,3969551
1335361391981.731,3972447
1335361391981.977,3975343
1335361391982.258,3978239
1335361391982.498,3981135
1335361391982.731,3984031
1335361391982.996,3986927
1335361391983.244,3989823
1335361391983.489,3992719
1335361391983.721,3995615
1335361391983.960,3998511
1335361391984.234,4001407
1335361391984.476,4004303
1335361391984.583,4006127
1335361392992.248,4007575
1335361392992.309,4009023
1335361392992.422,4010471
1335361392992.581,4011919
1335361392992.671,4013367
1335361392992.782,4014815
1335361392992.946,4016263
1335361392993.044,4017711
1335361392993.159,4019159
1335361392993.318,4020607
1335361392993.407,4022055
1335361392993.560,4023503
1335361392993.649,4024951
1335361392993.795,4026399
1335361392993.898,4027847
1335361392994.011,4029295
1335361392994.262,4032191
1335361392994.547,4035087
1335361392994.793,4037983
1335361392995.038,4040879
1335361392995.278,4043775
1335361392995.510,4046671
1335361392995.777,4049567
1335361392996.024,4052463
1335361392996.270,4055359
1335361392996.528,4058255
1335361392996.725,4061151
1335361392997.008,4064047
1335361392997.255,4066943
1335361392997.492,4069839
1335361392997.608,4071663
1335361393151.032,4071663
1335361394005.525,4073111
1335361394005.602,4074559
1335361394005.690,4076007
1335361394005.821,4077455
1335361394005.938,4078903
1335361394006.102,4080351
1335361394006.182,4081799
1335361394006.326,4083247
1335361394006.420,4084695
1335361394006.588,4086143
1335361394006.675,4087591
1335361394006.800,4089039
1335361394006.942,4090487
1335361394007.044,4091935
1335361394007.165,4093383
1335361394007.330,4094831
1335361394007.413,4096279
1335361394007.533,4097727
1335361394007.698,4099175
1335361394007.781,4100623
1335361394007.932,4102071
1335361394008.027,4103519
1335361394008.147,4104967
1335361394008.312,4106415
1335361394008.397,4107863
1335361394008.518,4109311
1335361394008.676,4110759
1335361394008.765,4112207
1335361394008.885,4113655
1335361394009.036,4115103
1335361394009.133,4116551
1335361394009.253,4117999
1335361394009.408,4119447
1335361394009.504,4120895
1335361394009.627,4122343
1335361394009.775,4123791
1335361394009.869,4125239
1335361394009.990,4126687
1335361394010.150,4128135
1335361394010.243,4129583
1335361394010.364,4131031
1335361394010.518,4132479
1335361394010.610,4133927
1335361394010.728,4135375
1335361394010.903,4137199
