1334848911312	61.32	39.33	-21.99
1334848911312	61.32	39.35	-21.97
1334848911831	61.42	39.46	-21.96
1334848912867	61.63	39.70	-21.93
1334848913903	61.73	39.95	-21.78
1334848914939	61.56	40.20	-21.36
1334848915976	61.16	40.44	-20.72
1334848916494	61.03	40.57	-20.46
1334848917531	60.85	40.81	-20.04
1334848918567	61.23	41.06	-20.17
1334848919604	61.34	41.31	-20.03
1334848920640	61.39	41.56	-19.83
1334848921677	61.77	41.80	-19.97
1334848922713	62.22	42.05	-20.17
1334848923750	62.79	42.30	-20.49
1334848924787	63.25	42.54	-20.71
1334848925823	63.76	42.79	-20.97
1334848926859	63.82	43.04	-20.78
1334848927896	63.98	43.28	-20.70
1334848928932	64.07	43.53	-20.54
1334848929969	64.34	43.78	-20.56
1334848930487	64.58	43.90	-20.68
1334848931524	64.70	44.15	-20.55
1334848932560	64.83	44.39	-20.44
1334848933597	65.25	44.64	-20.61
1334848934634	65.45	44.89	-20.56
1334848935671	65.64	45.13	-20.51
1334848936706	65.77	45.38	-20.39
1334848937742	65.72	45.63	-20.09
1334848938779	65.76	45.88	-19.88
1334848942147	53.62	39.98	-13.64
1334848942147	53.62	40.00	-13.62
1334848942822	53.61	40.14	-13.47
1334848944155	53.80	40.48	-13.32
1334848944823	53.94	40.65	-13.29
1334848946161	54.96	40.98	-13.98
1334848946830	55.37	41.15	-14.22
1334848948168	56.05	41.48	-14.57
1334848948837	56.12	41.65	-14.47
1334848950176	56.51	41.99	-14.52
1334848950844	56.53	42.15	-14.38
1334848952182	56.77	42.49	-14.27
1334848952850	56.78	42.66	-14.12
1334848954189	57.02	42.99	-14.03
1334848954858	57.22	43.16	-14.06
1334848956196	57.50	43.49	-14.01
1334848956864	58.19	43.66	-14.53
1334848958202	59.45	43.99	-15.46
1334848958871	60.07	44.16	-15.91
1334848960209	60.02	44.49	-15.53
1334848960878	60.83	44.66	-16.17
1334848962216	61.01	45.00	-16.01
1334848962886	61.16	45.16	-16.00
1334848964223	60.63	45.50	-15.13
1334848964893	60.78	45.66	-15.12
1334848966231	61.68	46.00	-15.68
1334848966899	62.38	46.17	-16.21
1334848968237	63.14	46.52	-16.62
1334848968906	64.64	46.67	-17.97
1334848970244	67.20	47.00	-20.20
1334848973191	43.33	39.91	-3.42
1334848973191	43.33	39.92	-3.41
1334848974338	43.27	40.20	-3.07
1334848974909	43.44	40.35	-3.09
1334848976055	43.30	40.65	-2.65
1334848977201	43.50	40.95	-2.55
1334848978347	43.42	41.24	-2.18
1334848978920	43.75	41.39	-2.36
1334848980066	44.19	41.69	-2.50
1334848981211	44.66	41.99	-2.67
1334848982357	45.14	42.28	-2.86
1334848982930	45.37	42.43	-2.94
1334848984077	46.38	42.73	-3.66
1334848985221	46.41	43.02	-3.39
1334848985795	46.75	43.35	-3.40
1334848986940	46.69	43.47	-3.22
1334848988086	46.84	43.77	-3.07
1334848989232	47.08	44.06	-3.02
1334848989804	47.25	44.21	-3.04
1334848990950	47.26	44.52	-2.74
1334848992096	47.30	44.80	-2.50
1334848993242	47.68	45.10	-2.58
1334848993815	47.66	45.25	-2.41
1334848994960	47.91	45.55	-2.36
1334848996106	48.50	45.84	-2.66
1334848997251	48.81	46.14	-2.67
1334848997824	49.00	46.29	-2.71
1334848998971	49.43	46.58	-2.85
1334849000115	50.16	46.88	-3.28
1334849001261	50.90	47.18	-3.72
1334849001834	50.97	47.33	-3.64
1334849062372	73.03	39.27	-33.76
1334849062373	73.03	39.29	-33.74
1334849062373	73.03	39.31	-33.72
1334849062373	73.03	39.33	-33.70
1334849062373	73.03	39.35	-33.68
1334849062373	73.03	39.36	-33.67
1334849062373	73.03	39.38	-33.65
1334849062373	73.03	39.40	-33.63
1334849062374	73.03	39.42	-33.61
1334849062374	73.03	39.44	-33.59
1334849062374	73.03	39.45	-33.58
1334849062374	73.03	39.47	-33.56
1334849062374	73.03	39.49	-33.54
1334849062374	73.03	39.51	-33.52
1334849062374	73.03	39.53	-33.50
1334849062374	73.03	39.55	-33.48
1334849062375	73.03	39.58	-33.45
1334849062375	73.03	39.62	-33.41
1334849062375	73.03	39.65	-33.38
1334849062375	73.03	39.69	-33.34
1334849062376	73.03	39.73	-33.30
1334849062376	73.03	39.76	-33.27
1334849062376	73.03	39.80	-33.23
1334849062376	73.03	39.83	-33.20
1334849062377	73.03	39.87	-33.16
1334849062377	73.03	39.91	-33.12
1334849062377	73.03	39.94	-33.09
1334849062377	73.03	39.98	-33.05
1334849126897	52.50	10.59	-41.91
1334849126897	52.50	10.61	-41.89
1334849126897	52.50	10.62	-41.88
1334849126897	52.50	10.63	-41.87
1334849126898	52.50	10.65	-41.85
1334849126898	52.50	10.66	-41.84
1334849126898	52.50	10.67	-41.83
1334849126898	52.50	10.68	-41.82
1334849126899	52.50	10.70	-41.80
1334849126899	52.50	10.71	-41.79
1334849126899	52.50	10.72	-41.78
1334849126899	52.50	10.74	-41.76
1334849126900	52.50	10.75	-41.75
1334849126900	52.50	10.76	-41.74
1334849126900	52.50	10.77	-41.73
1334849126900	52.50	10.79	-41.71
1334849126901	52.50	10.80	-41.70
1334849126901	52.50	10.81	-41.69
1334849126904	52.50	11.00	-41.50
1334849126905	52.50	11.01	-41.49
1334849126905	52.50	11.02	-41.48
1334849126905	52.50	11.04	-41.46
1334849126905	52.50	11.05	-41.45
1334849126906	52.50	11.06	-41.44
1334849126906	52.50	11.08	-41.42
1334849126906	52.50	11.09	-41.41
1334849126906	52.50	11.10	-41.40
1334849126906	52.50	11.11	-41.39
1334849126908	52.50	11.18	-41.32
1334849126908	52.50	11.19	-41.31
1334849238613	67.07	39.85	-27.22
1334849260043	75.67	99.46	23.79
1334849260044	75.67	99.49	23.82
1334849260044	75.67	99.52	23.85
1334849260044	75.67	99.55	23.88
1334849260044	75.67	99.59	23.92
1334849260044	75.67	99.62	23.95
1334849260044	75.67	99.65	23.98
1334849260044	75.67	99.68	24.01
1334849260045	75.67	99.72	24.05
1334849260045	75.67	99.75	24.08
1334849260045	75.67	99.78	24.11
1334849260045	75.67	99.82	24.15
1334849260045	75.67	99.85	24.18
1334849260045	75.67	99.88	24.21
1334849260045	75.67	99.91	24.24
1334849260045	75.67	99.95	24.28
1334849260046	75.67	100.01	24.34
1334849260046	75.67	100.08	24.41
1334849260046	75.67	100.14	24.47
1334849260046	75.67	100.21	24.54
1334849260047	75.67	100.27	24.60
1334849260190	75.56	138.43	62.87
